
Gurobi 7.0.2 (linux64, Java) logging started Mon 20 May 2019 10:34:14 PM -03

Optimize a model with 241000 rows, 160400 columns and 562200 nonzeros
Variable types: 0 continuous, 160400 integer (160400 binary)
Coefficient statistics:
  Matrix range     [1e+00, 2e+00]
  Objective range  [1e+00, 1e+01]
  Bounds range     [1e+00, 1e+00]
  RHS range        [1e+00, 2e+00]
Found heuristic solution: objective -0
Presolve removed 1200 rows and 80200 columns (presolve time = 5s) ...
Presolve removed 1200 rows and 80200 columns (presolve time = 10s) ...
Presolve removed 1200 rows and 80200 columns (presolve time = 15s) ...
Presolve removed 1200 rows and 80200 columns (presolve time = 20s) ...
Presolve removed 1200 rows and 80200 columns (presolve time = 25s) ...
Presolve removed 1200 rows and 80200 columns (presolve time = 30s) ...
Presolve removed 1200 rows and 80200 columns (presolve time = 35s) ...
Presolve removed 1200 rows and 80200 columns (presolve time = 40s) ...
Presolve removed 1200 rows and 80200 columns (presolve time = 45s) ...
Presolve removed 1200 rows and 80200 columns (presolve time = 50s) ...
Presolve removed 1200 rows and 80200 columns (presolve time = 55s) ...
Presolve removed 1200 rows and 80200 columns (presolve time = 60s) ...
Presolve removed 1200 rows and 80200 columns (presolve time = 65s) ...
Presolve removed 1200 rows and 80200 columns (presolve time = 70s) ...
Presolve removed 1200 rows and 80200 columns (presolve time = 75s) ...
Presolve removed 1200 rows and 80200 columns (presolve time = 80s) ...
Presolve removed 1200 rows and 80200 columns (presolve time = 85s) ...
Presolve removed 1200 rows and 80200 columns (presolve time = 91s) ...
Presolve removed 1200 rows and 80200 columns (presolve time = 95s) ...
Presolve removed 1200 rows and 80200 columns (presolve time = 101s) ...
Presolve removed 1200 rows and 80200 columns
Presolve time: 101.44s
Presolved: 239800 rows, 80200 columns, 559800 nonzeros
Variable types: 0 continuous, 80200 integer (80200 binary)

Root simplex log...

Iteration    Objective       Primal Inf.    Dual Inf.      Time
       0    2.1036000e+05   5.081400e+04   0.000000e+00    103s
     528    2.0897600e+05   4.151550e+04   0.000000e+00    106s
    1056    2.0826250e+05   4.539400e+04   0.000000e+00    111s
    1555    2.0757750e+05   4.656450e+04   0.000000e+00    119s
    1819    2.0718650e+05   4.667000e+04   0.000000e+00    123s
    2083    2.0684300e+05   4.664600e+04   0.000000e+00    128s
    2347    2.0649350e+05   4.633950e+04   0.000000e+00    132s
    2611    2.0614200e+05   4.657150e+04   0.000000e+00    136s
    2875    2.0584400e+05   4.593600e+04   0.000000e+00    140s
    3667    2.0470000e+05   3.959100e+04   0.000000e+00    147s
    4195    2.0390250e+05   4.481050e+04   0.000000e+00    151s
    4723    2.0315900e+05   4.372550e+04   0.000000e+00    157s
    5251    2.0242550e+05   4.417650e+04   0.000000e+00    162s
    5515    2.0207300e+05   4.591500e+04   0.000000e+00    165s
    5779    2.0173200e+05   4.588200e+04   0.000000e+00    173s
    6043    2.0130500e+05   4.576750e+04   0.000000e+00    177s
    6307    2.0094850e+05   4.488750e+04   0.000000e+00    182s
    6571    2.0062400e+05   4.547700e+04   0.000000e+00    185s
    7099    1.9983000e+05   3.558300e+04   0.000000e+00    190s
    7627    1.9901100e+05   4.488400e+04   0.000000e+00    197s
    8155    1.9821500e+05   4.408100e+04   0.000000e+00    204s
    8419    1.9789500e+05   4.452400e+04   0.000000e+00    213s
    8683    1.9747500e+05   4.444100e+04   0.000000e+00    220s
    9211    1.9676400e+05   4.354400e+04   0.000000e+00    237s
    9475    1.9639300e+05   4.330800e+04   0.000000e+00    244s
    9739    1.9601400e+05   3.488550e+04   0.000000e+00    256s
   10267    1.9530200e+05   4.386000e+04   0.000000e+00    275s
   10531    1.9491000e+05   3.942600e+04   0.000000e+00    283s
   10795    1.9453150e+05   3.760700e+04   0.000000e+00    292s
   11059    1.9416400e+05   3.779400e+04   0.000000e+00    298s
   11323    1.9381100e+05   4.387200e+04   0.000000e+00    303s
   11587    1.9344650e+05   4.140000e+04   0.000000e+00    311s
   11851    1.9306250e+05   3.376900e+04   0.000000e+00    317s
   12115    1.9269400e+05   4.292850e+04   0.000000e+00    322s
   12643    1.9189650e+05   4.219300e+04   0.000000e+00    331s
   12907    1.9153100e+05   4.267400e+04   0.000000e+00    337s
   13171    1.9116200e+05   4.223900e+04   0.000000e+00    343s
   13435    1.9079250e+05   3.605450e+04   0.000000e+00    348s
   13699    1.9036000e+05   3.586650e+04   0.000000e+00    351s
   13963    1.9001200e+05   4.190600e+04   0.000000e+00    357s
   14227    1.8960600e+05   4.234200e+04   0.000000e+00    364s
   14491    1.8921900e+05   3.297200e+04   0.000000e+00    371s
   14755    1.8887400e+05   4.092800e+04   0.000000e+00    383s
   15019    1.8855400e+05   4.120500e+04   0.000000e+00    391s
   15283    1.8823000e+05   4.163000e+04   0.000000e+00    397s
   15547    1.8786700e+05   4.144700e+04   0.000000e+00    402s
   15811    1.8752100e+05   4.120800e+04   0.000000e+00    409s
   16075    1.8717300e+05   4.132000e+04   0.000000e+00    421s
   16339    1.8676200e+05   3.448650e+04   0.000000e+00    432s
   16603    1.8637050e+05   4.172450e+04   0.000000e+00    436s
   17131    1.8564700e+05   3.719800e+04   0.000000e+00    447s
   17395    1.8526900e+05   4.057400e+04   0.000000e+00    451s
   17659    1.8489900e+05   3.957550e+04   0.000000e+00    456s
   18187    1.8412950e+05   3.414550e+04   0.000000e+00    461s
   18979    1.8287850e+05   3.385150e+04   0.000000e+00    467s
   19507    1.8207650e+05   3.264350e+04   0.000000e+00    472s
   19771    1.8171900e+05   3.973600e+04   0.000000e+00    477s
   20035    1.8139200e+05   3.957500e+04   0.000000e+00    489s
   20299    1.8106600e+05   3.996650e+04   0.000000e+00    497s
   20563    1.8068000e+05   3.183800e+04   0.000000e+00    502s
   20827    1.8035750e+05   3.855500e+04   0.000000e+00    508s
   21091    1.8000350e+05   3.879400e+04   0.000000e+00    514s
   21355    1.7967500e+05   3.905500e+04   0.000000e+00    524s
   21619    1.7936600e+05   3.941000e+04   0.000000e+00    537s
   21883    1.7903250e+05   3.774100e+04   0.000000e+00    548s
   22147    1.7869600e+05   3.835200e+04   0.000000e+00    552s
   22411    1.7833300e+05   3.842550e+04   0.000000e+00    555s
   22939    1.7756150e+05   3.782550e+04   0.000000e+00    564s
   23203    1.7718100e+05   3.766800e+04   0.000000e+00    569s
   23467    1.7684800e+05   3.848300e+04   0.000000e+00    573s
   23731    1.7644200e+05   3.114950e+04   0.000000e+00    576s
   23995    1.7610550e+05   3.762250e+04   0.000000e+00    580s
   24259    1.7579250e+05   3.776850e+04   0.000000e+00    586s
   24523    1.7545200e+05   3.731800e+04   0.000000e+00    592s
   24787    1.7512150e+05   3.673250e+04   0.000000e+00    596s
   25315    1.7436700e+05   3.687850e+04   0.000000e+00    605s
   25579    1.7400650e+05   3.437650e+04   0.000000e+00    610s
   25843    1.7366450e+05   3.848800e+04   0.000000e+00    616s
   26107    1.7332200e+05   3.826400e+04   0.000000e+00    621s
   26635    1.7254450e+05   3.670750e+04   0.000000e+00    629s
   26899    1.7214100e+05   3.535250e+04   0.000000e+00    632s
   27163    1.7178350e+05   3.559450e+04   0.000000e+00    636s
   27691    1.7104900e+05   3.421200e+04   0.000000e+00    643s
   27955    1.7066717e+05   3.589633e+04   0.000000e+00    645s
   28483    1.6994050e+05   2.972100e+04   0.000000e+00    652s
   28747    1.6954400e+05   3.624500e+04   0.000000e+00    655s
   29011    1.6922700e+05   3.605800e+04   0.000000e+00    662s
   29275    1.6891850e+05   3.555950e+04   0.000000e+00    668s
   29539    1.6855550e+05   2.535950e+04   0.000000e+00    670s
   30067    1.6785600e+05   3.297550e+04   0.000000e+00    678s
   30331    1.6751750e+05   3.087250e+04   0.000000e+00    681s
   30595    1.6720550e+05   3.588300e+04   0.000000e+00    685s
   30859    1.6685850e+05   3.645250e+04   0.000000e+00    694s
   31123    1.6653300e+05   3.633400e+04   0.000000e+00    699s
   31387    1.6617700e+05   3.512500e+04   0.000000e+00    704s
   31651    1.6585250e+05   2.898600e+04   0.000000e+00    712s
   31915    1.6549350e+05   3.630000e+04   0.000000e+00    716s
   32179    1.6517500e+05   3.547600e+04   0.000000e+00    722s
   32443    1.6489100e+05   3.598400e+04   0.000000e+00    730s
   32707    1.6455200e+05   3.487000e+04   0.000000e+00    744s
   32971    1.6427900e+05   3.512400e+04   0.000000e+00    752s
   33235    1.6403700e+05   3.551800e+04   0.000000e+00    764s
   33499    1.6374400e+05   3.494200e+04   0.000000e+00    773s
   33763    1.6345800e+05   3.565100e+04   0.000000e+00    784s
   34027    1.6313950e+05   3.522500e+04   0.000000e+00    791s
   34291    1.6280400e+05   3.463800e+04   0.000000e+00    798s
   34555    1.6250850e+05   3.483900e+04   0.000000e+00    806s
   34819    1.6223700e+05   3.512100e+04   0.000000e+00    812s
   35083    1.6194000e+05   2.967650e+04   0.000000e+00    819s
   35347    1.6165600e+05   3.158050e+04   0.000000e+00    826s
   35611    1.6134200e+05   3.457900e+04   0.000000e+00    835s
   35875    1.6111400e+05   3.504950e+04   0.000000e+00    843s
   36139    1.6087650e+05   2.515600e+04   0.000000e+00    854s
   36403    1.6059700e+05   3.444700e+04   0.000000e+00    861s
   36667    1.6026700e+05   3.461800e+04   0.000000e+00    865s
   36931    1.6004500e+05   3.414400e+04   0.000000e+00    878s
   37195    1.5976000e+05   2.491250e+04   0.000000e+00    885s
   37459    1.5940550e+05   3.448350e+04   0.000000e+00    891s
   37723    1.5910750e+05   2.445800e+04   0.000000e+00    897s
   37987    1.5877450e+05   2.768450e+04   0.000000e+00    901s
   38251    1.5854100e+05   3.434800e+04   0.000000e+00    908s
   38515    1.5835000e+05   3.388600e+04   0.000000e+00    919s
   38779    1.5807250e+05   3.451800e+04   0.000000e+00    928s
   39043    1.5775600e+05   3.380800e+04   0.000000e+00    937s
   39307    1.5752400e+05   3.318900e+04   0.000000e+00    950s
   39571    1.5722000e+05   3.363500e+04   0.000000e+00    959s
   39835    1.5691550e+05   3.244500e+04   0.000000e+00    967s
   40099    1.5663500e+05   3.196750e+04   0.000000e+00    974s
   40363    1.5633450e+05   2.741250e+04   0.000000e+00    980s
   40627    1.5608300e+05   3.195750e+04   0.000000e+00    984s
   40891    1.5579450e+05   2.876000e+04   0.000000e+00    990s
   41155    1.5553500e+05   3.337300e+04   0.000000e+00    996s
   41419    1.5524400e+05   3.251600e+04   0.000000e+00   1004s
   41683    1.5498850e+05   3.065500e+04   0.000000e+00   1012s
   41947    1.5479550e+05   2.895050e+04   0.000000e+00   1023s
   42211    1.5451150e+05   2.849750e+04   0.000000e+00   1029s
   42475    1.5425500e+05   3.313100e+04   0.000000e+00   1037s
   42739    1.5399600e+05   3.165950e+04   0.000000e+00   1045s
   43003    1.5373700e+05   3.233700e+04   0.000000e+00   1052s
   43267    1.5346250e+05   3.362000e+04   0.000000e+00   1061s
   43531    1.5321700e+05   2.407100e+04   0.000000e+00   1068s
   43795    1.5287400e+05   2.912950e+04   0.000000e+00   1071s
   44059    1.5258200e+05   3.216500e+04   0.000000e+00   1076s
   44323    1.5225600e+05   3.232000e+04   0.000000e+00   1081s
   44587    1.5198300e+05   3.187250e+04   0.000000e+00   1091s
   44851    1.5173450e+05   3.261500e+04   0.000000e+00   1097s
   45115    1.5148600e+05   3.162600e+04   0.000000e+00   1104s
   45379    1.5122100e+05   3.182000e+04   0.000000e+00   1115s
   45643    1.5100500e+05   3.232300e+04   0.000000e+00   1127s
   45846    1.5082100e+05   3.603700e+04   0.000000e+00   1140s
   46110    1.5055050e+05   2.378100e+04   0.000000e+00   1149s
   46374    1.5020400e+05   3.059250e+04   0.000000e+00   1153s
   46638    1.4992400e+05   3.181900e+04   0.000000e+00   1160s
   46902    1.4967100e+05   3.172400e+04   0.000000e+00   1167s
   47166    1.4943200e+05   2.984750e+04   0.000000e+00   1178s
   47430    1.4911050e+05   3.146900e+04   0.000000e+00   1184s
   47694    1.4884800e+05   3.115800e+04   0.000000e+00   1195s
   47958    1.4860850e+05   3.112500e+04   0.000000e+00   1203s
   48222    1.4834800e+05   3.141200e+04   0.000000e+00   1215s
   48486    1.4806500e+05   3.125400e+04   0.000000e+00   1222s
   48750    1.4781650e+05   3.048700e+04   0.000000e+00   1232s
   49014    1.4751700e+05   2.564750e+04   0.000000e+00   1240s
   49278    1.4727450e+05   3.033950e+04   0.000000e+00   1247s
   49542    1.4708050e+05   3.080750e+04   0.000000e+00   1255s
   49806    1.4678150e+05   2.683450e+04   0.000000e+00   1262s
   50070    1.4651900e+05   3.068000e+04   0.000000e+00   1271s
   50334    1.4638400e+05   3.068400e+04   0.000000e+00   1281s
   50598    1.4616400e+05   3.007250e+04   0.000000e+00   1290s
   50862    1.4586100e+05   3.066000e+04   0.000000e+00   1298s
   51126    1.4557450e+05   2.026200e+04   0.000000e+00   1306s
   51390    1.4525600e+05   3.046600e+04   0.000000e+00   1314s
   51654    1.4505750e+05   3.022700e+04   0.000000e+00   1324s
   51918    1.4477600e+05   1.493100e+05   0.000000e+00   1332s
   52182    1.4453500e+05   3.014900e+04   0.000000e+00   1344s
   52446    1.4424400e+05   3.037800e+04   0.000000e+00   1354s
   52710    1.4404600e+05   2.980900e+04   0.000000e+00   1363s
   52974    1.4375750e+05   2.018400e+04   0.000000e+00   1373s
   53238    1.4349100e+05   3.025100e+04   0.000000e+00   1381s
   53502    1.4322100e+05   2.919700e+04   0.000000e+00   1393s
   53766    1.4301050e+05   2.149650e+04   0.000000e+00   1402s
   54030    1.4269600e+05   3.014200e+04   0.000000e+00   1407s
   54294    1.4248200e+05   2.976800e+04   0.000000e+00   1418s
   54533    1.4224100e+05   3.583300e+04   0.000000e+00   1429s
   54797    1.4193800e+05   1.874050e+04   0.000000e+00   1439s
   55061    1.4164600e+05   3.006100e+04   0.000000e+00   1446s
   55309    1.4145250e+05   3.640900e+04   0.000000e+00   1461s
   55573    1.4120700e+05   2.339600e+04   0.000000e+00   1473s
   55837    1.4101800e+05   2.919600e+04   0.000000e+00   1480s
   56101    1.4075800e+05   2.906000e+04   0.000000e+00   1491s
   56305    1.4057000e+05   2.974050e+04   0.000000e+00   1499s
   56569    1.4030750e+05   2.940450e+04   0.000000e+00   1506s
   56833    1.4006600e+05   2.858850e+04   0.000000e+00   1517s
   57097    1.3985500e+05   2.917700e+04   0.000000e+00   1527s
   57361    1.3959200e+05   1.602900e+04   0.000000e+00   1535s
   57625    1.3934000e+05   2.888200e+04   0.000000e+00   1545s
   57889    1.3905250e+05   2.888100e+04   0.000000e+00   1555s
   58153    1.3876400e+05   2.822000e+04   0.000000e+00   1560s
   58417    1.3847100e+05   2.860100e+04   0.000000e+00   1566s
   58681    1.3819400e+05   2.832400e+04   0.000000e+00   1573s
   58945    1.3794400e+05   2.685050e+04   0.000000e+00   1580s
   59209    1.3770000e+05   2.550700e+04   0.000000e+00   1586s
   59473    1.3748600e+05   4.245200e+04   0.000000e+00   1593s
   59737    1.3723600e+05   2.743550e+04   0.000000e+00   1600s
   60001    1.3708950e+05   2.616950e+04   0.000000e+00   1608s
   60265    1.3687750e+05   2.784200e+04   0.000000e+00   1617s
   60529    1.3663650e+05   2.801200e+04   0.000000e+00   1628s
   60793    1.3648500e+05   2.796900e+04   0.000000e+00   1641s
   61057    1.3624400e+05   2.797800e+04   0.000000e+00   1651s
   61321    1.3598600e+05   1.548400e+04   0.000000e+00   1658s
   61585    1.3567150e+05   2.614700e+04   0.000000e+00   1661s
   61849    1.3541400e+05   2.771300e+04   0.000000e+00   1666s
   62113    1.3526400e+05   2.733950e+04   0.000000e+00   1672s
   62377    1.3508800e+05   2.640600e+04   0.000000e+00   1679s
   62641    1.3486100e+05   2.752300e+04   0.000000e+00   1683s
   62905    1.3465950e+05   2.255700e+04   0.000000e+00   1689s
   63169    1.3445800e+05   2.158950e+04   0.000000e+00   1693s
   63433    1.3418600e+05   3.476550e+04   0.000000e+00   1697s
   63697    1.3397500e+05   2.747700e+04   0.000000e+00   1703s
   63961    1.3377900e+05   2.737900e+04   0.000000e+00   1708s
   64225    1.3355800e+05   2.742700e+04   0.000000e+00   1713s
   64416    1.3341700e+05   2.667850e+04   0.000000e+00   1719s
   64680    1.3322500e+05   2.707850e+04   0.000000e+00   1723s
   64944    1.3297650e+05   2.387500e+04   0.000000e+00   1727s
   65208    1.3273100e+05   2.712600e+04   0.000000e+00   1731s
   65472    1.3257300e+05   2.731200e+04   0.000000e+00   1735s
   66000    1.3218000e+05   2.182300e+04   0.000000e+00   1741s
   66528    1.3177250e+05   1.980350e+04   0.000000e+00   1745s
   67320    1.3110300e+05   2.724800e+04   0.000000e+00   1750s
   68376    1.3009050e+05   2.365900e+04   0.000000e+00   1755s
   69432    1.2933100e+05   2.639200e+04   0.000000e+00   1762s
   69960    1.2886750e+05   2.567800e+04   0.000000e+00   1766s
   70752    1.2817900e+05   2.620300e+04   0.000000e+00   1770s
   72009    1.2702000e+05   2.576500e+04   0.000000e+00   1775s
   73571    1.2586400e+05   1.771100e+04   0.000000e+00   1780s
   75155    1.2475900e+05   9.920500e+03   0.000000e+00   1785s
   76739    1.2364200e+05   2.504400e+04   0.000000e+00   1791s
   78265    1.2230600e+05   2.437800e+04   0.000000e+00   1795s

Root relaxation: time limit, 80063 iterations, 1697.42 seconds

    Nodes    |    Current Node    |     Objective Bounds      |     Work
 Expl Unexpl |  Obj  Depth IntInf | Incumbent    BestBd   Gap | It/Node Time

     0     0          -    0        -0.00000          -      -     - 1800s

Explored 0 nodes (80063 simplex iterations) in 1800.09 seconds
Thread count was 4 (of 4 available processors)

Solution count 1: -0 
Pool objective bound 1e+100

Time limit reached
Best objective -0.000000000000e+00, best bound -, gap -

Gurobi 7.0.2 (linux64, Java) logging started Mon 20 May 2019 11:09:18 PM -03

Optimize a model with 241000 rows, 160400 columns and 562200 nonzeros
Variable types: 0 continuous, 160400 integer (160400 binary)
Coefficient statistics:
  Matrix range     [1e+00, 2e+00]
  Objective range  [1e+00, 1e+01]
  Bounds range     [1e+00, 1e+00]
  RHS range        [1e+00, 2e+00]
Found heuristic solution: objective -0
Presolve removed 1200 rows and 80200 columns (presolve time = 5s) ...
Presolve removed 1200 rows and 80200 columns
Presolve time: 7.35s
Presolved: 239800 rows, 80200 columns, 559800 nonzeros
Variable types: 0 continuous, 80200 integer (80200 binary)

Root simplex log...

Iteration    Objective       Primal Inf.    Dual Inf.      Time
       0    2.1036000e+05   5.081400e+04   0.000000e+00      8s
    2611    2.0614200e+05   4.657150e+04   0.000000e+00     10s
    7891    1.9857000e+05   3.595250e+04   0.000000e+00     15s
   10267    1.9530200e+05   4.386000e+04   0.000000e+00     20s
   13435    1.9079250e+05   3.605450e+04   0.000000e+00     25s
   16339    1.8676200e+05   3.448650e+04   0.000000e+00     30s
   20563    1.8068000e+05   3.183800e+04   0.000000e+00     35s
   24259    1.7579250e+05   3.776850e+04   0.000000e+00     40s
   28747    1.6954400e+05   3.624500e+04   0.000000e+00     45s
   32707    1.6455200e+05   3.487000e+04   0.000000e+00     51s
   34819    1.6223700e+05   3.512100e+04   0.000000e+00     55s
   37195    1.5976000e+05   2.491250e+04   0.000000e+00     60s
   39571    1.5722000e+05   3.363500e+04   0.000000e+00     65s
   42211    1.5451150e+05   2.849750e+04   0.000000e+00     70s
   44851    1.5173450e+05   3.261500e+04   0.000000e+00     75s
   46638    1.4992400e+05   3.181900e+04   0.000000e+00     80s
   48486    1.4806500e+05   3.125400e+04   0.000000e+00     85s
   50598    1.4616400e+05   3.007250e+04   0.000000e+00     90s
   52446    1.4424400e+05   3.037800e+04   0.000000e+00     95s
   54294    1.4248200e+05   2.976800e+04   0.000000e+00    100s
   56101    1.4075800e+05   2.906000e+04   0.000000e+00    105s
   58153    1.3876400e+05   2.822000e+04   0.000000e+00    110s
   60529    1.3663650e+05   2.801200e+04   0.000000e+00    115s
   62641    1.3486100e+05   2.752300e+04   0.000000e+00    120s
   64416    1.3341700e+05   2.667850e+04   0.000000e+00    126s
   66000    1.3218000e+05   2.182300e+04   0.000000e+00    130s
   68112    1.3034650e+05   2.643350e+04   0.000000e+00    135s
   69432    1.2933100e+05   2.639200e+04   0.000000e+00    140s
   70953    1.2799450e+05   2.608400e+04   0.000000e+00    145s
   72515    1.2661800e+05   2.557050e+04   0.000000e+00    150s
   74099    1.2552300e+05   1.112900e+04   0.000000e+00    155s
   75683    1.2432650e+05   2.509700e+04   0.000000e+00    160s
   76945    1.2343200e+05   7.202700e+04   0.000000e+00    165s
   79057    1.2151717e+05   1.218917e+04   0.000000e+00    170s
   80620    1.2038800e+05   2.403100e+04   0.000000e+00    176s
   82204    1.1913700e+05   9.895000e+03   0.000000e+00    181s
   83700    1.1786633e+05   1.262900e+04   0.000000e+00    186s
   85772    1.1583700e+05   2.260200e+04   0.000000e+00    191s
   87092    1.1480800e+05   1.680900e+04   0.000000e+00    196s
   88634    1.1342050e+05   2.213400e+04   0.000000e+00    201s
   89954    1.1241000e+05   7.355000e+03   0.000000e+00    205s
   92594    1.1000500e+05   2.122700e+04   0.000000e+00    211s
   93914    1.0899400e+05   1.134350e+04   0.000000e+00    216s
   95072    1.0817750e+05   1.662850e+04   0.000000e+00    221s
   96128    1.0752100e+05   5.740000e+03   0.000000e+00    226s
   97291    1.0673850e+05   1.952950e+04   0.000000e+00    231s
   98712    1.0571000e+05   2.029100e+04   0.000000e+00    235s
  100091    1.0501600e+05   5.317500e+03   0.000000e+00    241s
  101026    1.0463150e+05   0.000000e+00   0.000000e+00    244s

Root relaxation: objective 1.046315e+05, 101026 iterations, 236.75 seconds
Total elapsed time = 248.17s

    Nodes    |    Current Node    |     Objective Bounds      |     Work
 Expl Unexpl |  Obj  Depth IntInf | Incumbent    BestBd   Gap | It/Node Time

     0     0 104631.500    0 38495   -0.00000 104631.500      -     -  248s
H    0     0                    5479.0000000 104631.500  1810%     -  269s
H    0     0                    6405.0000000 104631.500  1534%     -  269s
     0     0 104493.000    0 38551 6405.00000 104493.000  1531%     -  278s
     0     0 104373.500    0 38607 6405.00000 104373.500  1530%     -  383s
     0     0 104252.750    0 38652 6405.00000 104252.750  1528%     -  391s
     0     0 104134.000    0 38693 6405.00000 104134.000  1526%     -  613s
     0     0 104009.500    0 38354 6405.00000 104009.500  1524%     -  622s
     0     0 103764.000    0 38354 6405.00000 103764.000  1520%     -  638s
     0     0 103513.750    0 38517 6405.00000 103513.750  1516%     -  650s
     0     0 103457.750    0 38568 6405.00000 103457.750  1515%     -  663s
     0     0 103275.250    0 38656 6405.00000 103275.250  1512%     -  679s
     0     0 103273.750    0 38656 6405.00000 103273.750  1512%     -  681s
     0     0 102996.750    0 38758 6405.00000 102996.750  1508%     -  788s
     0     0 102996.125    0 38760 6405.00000 102996.125  1508%     -  800s
     0     0 102676.375    0 38798 6405.00000 102676.375  1503%     - 1295s
     0     0 102497.625    0 38926 6405.00000 102497.625  1500%     - 1619s
     0     0          -    0      6405.00000 102497.625  1500%     - 1800s

Cutting planes:
  Gomory: 2
  Zero half: 34847

Explored 0 nodes (132257 simplex iterations) in 1800.11 seconds
Thread count was 4 (of 4 available processors)

Solution count 3: 6405 5479 -0 
Pool objective bound 102497

Time limit reached
Best objective 6.405000000000e+03, best bound 1.024970000000e+05, gap 1500.2654%
