
Gurobi 7.0.2 (linux64, Java) logging started Mon 20 May 2019 10:32:27 PM -03

Optimize a model with 400 rows, 400 columns and 1200 nonzeros
Model has 76382 quadratic objective terms
Variable types: 0 continuous, 400 integer (400 binary)
Coefficient statistics:
  Matrix range     [1e+00, 1e+00]
  Objective range  [0e+00, 0e+00]
  QObjective range [2e+00, 2e+01]
  Bounds range     [1e+00, 1e+00]
  RHS range        [2e+00, 2e+00]
Found heuristic solution: objective -0
Modified 400 Q diagonals
Presolve time: 0.05s
Presolved: 400 rows, 400 columns, 1200 nonzeros
Presolved model has 76403 quadratic objective terms
Variable types: 0 continuous, 400 integer (400 binary)

Root relaxation: objective 1.049896e+05, 401 iterations, 0.78 seconds

    Nodes    |    Current Node    |     Objective Bounds      |     Work
 Expl Unexpl |  Obj  Depth IntInf | Incumbent    BestBd   Gap | It/Node Time

     0     0 104989.636    0  400   -0.00000 104989.636      -     -    0s
H    0     0                    1193.0000000 104989.636  8700%     -    0s
H    0     0                    7234.0000000 104989.636  1351%     -    0s
H    0     0                    8831.0000000 104989.636  1089%     -    1s
H    0     0                    9001.0000000 104989.636  1066%     -    6s
H    0     0                    9060.0000000 104701.192  1056%     -    7s
H    0     0                    9068.0000000 104989.636  1058%     -    7s
     0     2 104989.636    0  400 9068.00000 104989.636  1058%     -    8s
    19    19 103648.040    5  395 9068.00000 104103.544  1048%   3.2   10s
H   31    33                    9106.0000000 104103.544  1043%   3.0   11s
H   34    36                    9117.0000000 104103.544  1042%   2.9   11s
H   66    69                    9201.0000000 104103.544  1031%   3.0   13s
    99   100 98980.5481   22  377 9201.00000 104103.544  1031%   2.9   15s
H  104   106                    9203.0000000 104103.544  1031%   2.9   15s
H  142   143                    9233.0000000 104103.544  1028%   2.9   16s
H  180   182                    9283.0000000 104103.544  1021%   2.9   18s
H  184   185                    9314.0000000 104103.544  1018%   2.9   18s
   207   207 92272.7546   46  352 9314.00000 104103.544  1018%   2.9   20s
H  255   254                    9327.0000000 104103.544  1016%   2.9   22s
   336   337 84111.3570   76  321 9327.00000 104103.544  1016%   2.9   25s
H  380   382                    9565.0000000 104103.544   988%   2.9   26s
   487   485 75068.9963  110  285 9565.00000 104103.544   988%   2.9   30s
   603   603 69374.2467  132  263 9565.00000 104103.544   988%   2.9   63s
H  641   642                    9667.0000000 104103.544   977%   2.9   64s
   642   642 66730.3384  142  253 9667.00000 104103.544   977%   2.9   65s
H  702   705                    9806.0000000 104103.544   962%   2.8   67s
   755   759 60629.6995  162  229 9806.00000 104103.544   962%   2.8   70s
   861   865 55698.1188  180  209 9806.00000 104103.544   962%   2.8   75s
H 1007  1007                    10282.000000 104103.544   912%   2.7   79s
H 1008  1007                    10366.000000 104103.544   904%   2.7   79s
H 1009  1009                    10423.000000 104103.544   899%   2.8   79s
H 1010  1011                    10461.000000 104103.544   895%   2.7   79s
  1011  1011 48625.2336  206  181 10461.0000 104103.544   895%   2.8   81s
  1232  1233 40513.7611  241  146 10461.0000 104103.544   895%   2.7   86s
  1413  1413 30228.8327  284  101 10461.0000 104103.544   895%   2.7   91s
  1635  1634 18760.7920  333   52 10461.0000 103892.107   893%   2.6   97s
  1722  1711 102750.445    8  392 10461.0000 103892.107   893%   2.6  101s
  1809  1792 100105.403   18  382 10461.0000 103892.107   893%   2.6  107s
  1855  1844 99306.0215   21  379 10461.0000 103892.107   893%   2.6  111s
  1903  1884 99032.8964   22  378 10461.0000 103892.107   893%   2.6  115s
  2019  2013 96851.1616   30  370 10461.0000 103892.107   893%   2.6  123s
  2081  2061 95497.6968   35  365 10461.0000 103892.107   893%   2.6  127s
  2145  2129 94719.3661   38  362 10461.0000 103892.107   893%   2.6  131s
  2215  2198 93075.7774   43  356 10461.0000 103892.107   893%   2.6  136s
  2298  2289 91821.5507   48  351 10461.0000 103892.107   893%   2.6  140s
  2386  2373 90541.0523   52  346 10461.0000 103892.107   893%   2.6  145s
  2600  2581 87418.2279   64  334 10461.0000 103892.107   893%   2.6  153s
  2697  2691 85536.9094   71  327 10461.0000 103892.107   893%   2.6  158s
H 2814  2791                    10554.000000 103892.107   884%   2.6  178s
H 2816  2653                    10560.000000 103892.107   884%   2.6  180s
  2819  2655 57308.0092  174  400 10560.0000 103892.107   884%   2.6  191s
H 2822  2529                    10590.000000 103892.107   881%   2.8  196s
H 2823  2402                    10662.000000 103892.107   874%   2.8  196s
  2861  2425 103074.978   20  393 10662.0000 103892.107   874%   2.8  200s
  2902  2452 101462.596   25  387 10662.0000 103892.107   874%   2.8  205s
  2962  2492 99546.8418   32  380 10662.0000 103892.107   874%   2.8  210s
  3020  2531 97523.7894   39  373 10662.0000 103892.107   874%   2.8  215s
  3072  2563 95321.0454   45  365 10662.0000 103892.107   874%   2.8  220s
  3132  2603 93294.2194   51  357 10662.0000 103892.107   874%   2.8  225s
  3196  2652 91111.2959   59  349 10662.0000 103892.107   874%   2.8  231s
  3250  2681 88729.0394   65  340 10662.0000 103892.107   874%   2.8  236s
  3315  2724 86082.7536   73  330 10662.0000 103892.107   874%   2.9  241s
  3366  2759 84377.2383   79  323 10662.0000 103892.107   874%   2.9  245s
  3419  2801 82896.4900   85  317 10662.0000 103892.107   874%   2.9  250s
  3513  2854 79861.0451   96  306 10662.0000 103892.107   874%   3.0  257s
  3546  2889 78858.8469  100  302 10662.0000 103892.107   874%   3.0  260s
  3614  2924 75729.6083  108  290 10662.0000 103892.107   874%   3.1  265s
  3691  2978 72671.4948  118  278 10662.0000 103892.107   874%   3.1  271s
  3779  3043 70353.1862  128  269 10662.0000 103892.107   874%   3.1  277s
H 3815  2947                    10709.000000 103892.107   870%   3.2  277s
  3825  2947 68576.9206  135  262 10709.0000 103892.107   870%   3.2  280s
  3880  2996 67092.8687  141  256 10709.0000 103892.107   870%   3.2  287s
  3934  3003 65264.7872  148  249 10709.0000 103892.107   870%   3.2  291s
  3993  3063 63694.2844  155  242 10709.0000 103892.107   870%   3.2  312s
  4056  3106 61718.6820  163  234 10709.0000 103892.107   870%   3.3  316s
  4130  3149 59750.1169  171  226 10709.0000 103892.107   870%   3.3  321s
  4215  3204 57383.1022  181  216 10709.0000 103892.107   870%   3.3  325s
  4395  3309 52007.0733  204  193 10709.0000 103892.107   870%   3.4  333s
  4496  3400 48003.4416  217  176 10709.0000 103892.107   870%   3.4  337s
  4619  3478 44617.4491  231  162 10709.0000 103892.107   870%   3.4  341s
  4757  3564 40164.9703  248  145 10709.0000 103892.107   870%   3.5  345s
H 4925  3567                    10757.000000 103892.107   866%   3.5  349s
  4929  3574 34993.9595  268  125 10757.0000 103892.107   866%   3.5  353s
  5148  3710 28611.5506  292  101 10757.0000 103892.107   866%   3.5  358s
  5418  3844 19649.1484  326   66 10757.0000 103892.107   866%   3.5  364s
  5590  3922 103554.432   18  395 10757.0000 103892.107   866%   3.5  369s
  5648  3936 103212.910   19  394 10757.0000 103892.107   866%   3.5  375s
  5724  3961 102808.213   21  392 10757.0000 103892.107   866%   3.5  382s
  5818  4058 100093.780   31  382 10757.0000 103892.107   866%   3.5  387s
  5935  4138 94917.7849   50  362 10757.0000 103892.107   866%   3.6  394s
  6055  4213 88354.5220   76  336 10757.0000 103892.107   866%   3.6  402s
  6170  4295 84011.8407   92  319 10757.0000 103892.107   866%   3.6  409s
H 6297  4262                    10772.000000 103892.107   864%   3.6  413s
H 6298  4161                    10867.000000 103892.107   856%   3.6  413s
H 6299  4064                    10970.000000 103892.107   847%   3.6  413s
  6301  4081 79336.0129  108  300 10970.0000 103892.107   847%   3.6  421s
  6442  4145 76674.6223  117  290 10970.0000 103892.107   847%   3.6  430s
  6583  4240 75210.6375  121  285 10970.0000 103892.107   847%   3.6  438s
  6739  4360 71764.1049  131  271 10970.0000 103892.107   847%   3.6  446s
  6911  4485 69261.0725  140  261 10970.0000 103892.107   847%   3.6  455s
  7086  4599 67268.7516  149  253 10970.0000 103892.107   847%   3.7  464s
  7286  4716 65276.6021  157  245 10970.0000 103892.107   847%   3.7  474s
  7493  4881 63832.7316  162  239 10970.0000 103892.107   847%   3.7  484s
  7736  5007 61171.8534  170  228 10970.0000 103892.107   847%   3.7  488s
H 7745  4913                    11063.000000 103892.107   839%   3.7  488s
  7794  4971 60778.7123  172  227 11063.0000 103892.107   839%   3.7  498s
  8061  5136 59681.3714  176  223 11063.0000 103892.107   839%   3.7  508s
  8373  5476 56870.4295  185  212 11063.0000 103892.107   839%   3.7  518s
  8747  5828 54701.4955  193  204 11063.0000 103892.107   839%   3.7  528s
  9181  6216 52873.5564  199  196 11063.0000 103892.107   839%   3.7  539s
  9623  6611 51926.6146  204  192 11063.0000 103892.107   839%   3.7  550s
  9898  6951 47711.8030  218  175 11063.0000 103892.107   839%   3.7  557s
H 9978  6998                    11090.000000 103892.107   837%   3.7  557s
  9998  7015 47256.2524  218  174 11090.0000 103892.107   837%   3.7  597s
 10128  7141 47501.4398  221  174 11090.0000 103892.107   837%   3.7  609s
 10508  7530 44765.2007  231  163 11090.0000 103892.107   837%   3.7  621s
 11050  8047 40574.1180  247  146 11090.0000 103892.107   837%   3.7  636s
 11486  8481 36976.1505  263  131 11090.0000 103892.107   837%   3.7  649s
 12059  9072 32346.6788  283  111 11090.0000 103892.107   837%   3.7  663s
 12792  9783 28716.5218  298   96 11090.0000 103892.107   837%   3.7  679s
 13674 10631 23840.0835  317   75 11090.0000 103892.107   837%   3.7  693s
 14311 11219 19490.7038  335   58 11090.0000 103892.107   837%   3.6  707s
H15033 11917                    11108.000000 103892.107   835%   3.6  781s
H15049 11904                    11198.000000 103892.107   828%   3.6  781s
 15096 11928 14649.3335  352   40 11198.0000 103892.107   828%   3.6  795s
 15516 12340 103035.527   20  393 11198.0000 103652.392   826%   3.6  809s
 15703 12528 100993.367   28  385 11198.0000 103652.392   826%   3.6  826s
 15905 12662 91164.5243   65  347 11198.0000 103652.392   826%   3.6  841s
 16110 12926 83754.6668   91  318 11198.0000 103652.392   826%   3.6  858s
 16335 13144 80182.7342  101  304 11198.0000 103652.392   826%   3.6  874s
 16573 13370 76777.9008  112  291 11198.0000 103652.392   826%   3.7  891s
 16829 13655 70588.6977  133  267 11198.0000 103652.392   826%   3.7  906s
 17112 13906 66097.9347  151  249 11198.0000 103652.392   826%   3.7  924s
 17433 14247 61643.8284  169  231 11198.0000 103652.392   826%   3.7  940s
 17784 14618 58453.8083  181  218 11198.0000 103652.392   826%   3.7  956s
 18147 14919 56913.0612  188  212 11198.0000 103652.392   826%   3.7  972s
 18557 15366 53637.9834  199  199 11198.0000 103652.392   826%   3.7  986s
 19030 15827 51512.8568  208  191 11198.0000 103652.392   826%   3.7  999s
 19300 16114 51247.5847  210  189 11198.0000 103652.392   826%   3.7 1011s
 19904 16657 45766.8393  229  166 11198.0000 103652.392   826%   3.7 1024s
 20548 17285 42196.6075  244  152 11198.0000 103652.392   826%   3.7 1036s
 20979 17705 39304.7203  255  140 11198.0000 103652.392   826%   3.7 1118s
 21474 18227 36821.6306  265  131 11198.0000 103652.392   826%   3.7 1128s
 22139 18842 33906.2420  276  119 11198.0000 103652.392   826%   3.7 1139s
 22868 19562 30457.2128  289  105 11198.0000 103652.392   826%   3.7 1149s
H23616 20256                    11354.000000 103652.392   813%   3.7 1205s
 23620 20258 27324.2920  300   93 11354.0000 103652.392   813%   3.7 1212s
 24235 20796 22497.8672  319   74 11354.0000 103652.392   813%   3.7 1220s
 25022 21542 18710.2867  334   58 11354.0000 103652.392   813%   3.7 1296s
 25364 21838 14356.5942  348   43 11354.0000 103645.753   813%   3.7 1304s
 25822 22264 100004.667   32  381 11354.0000 103625.180   813%   3.7 1312s
 26180 22577 87356.9860   81  330 11354.0000 103625.180   813%   3.7 1323s
 26578 22947 71324.1275  142  265 11354.0000 103625.180   813%   3.7 1334s
 26939 23224 44368.1360  244  155 11354.0000 103625.180   813%   3.7 1346s
 27249 23494 99142.2915   35  378 11354.0000 103351.455   810%   3.7 1360s
 27423 23661 85205.8462   87  322 11354.0000 103351.455   810%   3.7 1373s
 27619 23860 67224.7773  151  248 11354.0000 103351.455   810%   3.7 1387s
 27896 24149 28271.1596  288   79 11354.0000 103351.455   810%   3.7 1400s
 28154 24345 102236.116   23  390 11354.0000 103324.955   810%   3.7 1413s
 28360 24587 96083.4433   44  367 11354.0000 103324.955   810%   3.7 1426s
 28603 24813 84395.5568   86  320 11354.0000 103324.955   810%   3.7 1439s
 28901 25120 81020.3174  101  306 11354.0000 103324.955   810%   3.7 1452s
 29178 25403 77335.0172  113  292 11354.0000 103324.955   810%   3.7 1465s
 29407 25562 75072.8821  123  283 11354.0000 103324.955   810%   3.7 1480s
H29676 25866                    11375.000000 103324.955   808%   3.7 1528s
 29680 25895 72153.3265  131  272 11375.0000 103324.955   808%   3.7 1543s
 30081 26208 68071.2613  145  256 11375.0000 103324.955   808%   3.7 1557s
 30350 26522 64218.0030  159  241 11375.0000 103324.955   808%   3.7 1570s
 30651 26805 59716.4789  175  223 11375.0000 103324.955   808%   3.7 1584s
 31075 27218 57621.9312  183  215 11375.0000 103324.955   808%   3.7 1598s
 31451 27556 55504.4457  189  207 11375.0000 103324.955   808%   3.7 1612s
 31802 27898 51422.3474  206  190 11375.0000 103324.955   808%   3.7 1626s
 32175 28281 48972.1763  216  180 11375.0000 103324.955   808%   3.7 1640s
 32599 28667 46062.2847  227  169 11375.0000 103324.955   808%   3.7 1654s
 33086 29229 42478.7479  239  155 11375.0000 103324.955   808%   3.7 1666s
 33676 29746 39687.6454  249  146 11375.0000 103324.955   808%   3.7 1678s
 34419 30448 36889.4970  261  134 11375.0000 103324.955   808%   3.7 1690s
 34911 30976 33184.7264  275  118 11375.0000 103324.955   808%   3.7 1701s
 35555 31537 29847.2396  287  104 11375.0000 103324.955   808%   3.7 1712s
 36088 32073 26006.3779  304   90 11375.0000 103324.955   808%   3.7 1722s
 36577 32548 20132.5043  325   67 11375.0000 103324.955   808%   3.7 1731s
 37010 32907 16911.2536  339   54 11375.0000 103324.955   808%   3.7 1740s
 37648 33550 13467.3768  350   41 11375.0000 103324.955   808%   3.7 1749s
 38258 34002 98061.7817   39  374 11375.0000 103296.208   808%   3.7 1756s
 38514 34258 84549.0788   91  320 11375.0000 103296.208   808%   3.7 1768s
 38869 34602 65667.4898  161  243 11375.0000 103296.208   808%   3.7 1778s
 39377 35049 33269.6982  277  112 11375.0000 103288.339   808%   3.7 1786s
 39800 35408 96512.0715   45  368 11375.0000 103235.615   808%   3.7 1794s
 39978 35583 82832.7349   95  313 11375.0000 103235.615   808%   3.7 1800s

Explored 40201 nodes (148770 simplex iterations) in 1800.11 seconds
Thread count was 4 (of 4 available processors)

Solution count 10: 11375 11354 11198 ... 10757
Pool objective bound 103236

Time limit reached
Best objective 1.137500000000e+04, best bound 1.032355000000e+05, gap 807.5648%
