
Gurobi 7.0.2 (linux64, Java) logging started Mon 20 May 2019 10:33:21 PM -03

Optimize a model with 9800 rows, 6480 columns and 22840 nonzeros
Variable types: 0 continuous, 6480 integer (6480 binary)
Coefficient statistics:
  Matrix range     [1e+00, 2e+00]
  Objective range  [1e+00, 1e+01]
  Bounds range     [1e+00, 1e+00]
  RHS range        [1e+00, 2e+00]
Found heuristic solution: objective -0
Presolve removed 240 rows and 3240 columns
Presolve time: 0.83s
Presolved: 9560 rows, 3240 columns, 22360 nonzeros
Variable types: 0 continuous, 3240 integer (3240 binary)

Root relaxation: objective 4.015500e+03, 3215 iterations, 3.72 seconds

    Nodes    |    Current Node    |     Objective Bounds      |     Work
 Expl Unexpl |  Obj  Depth IntInf | Incumbent    BestBd   Gap | It/Node Time

     0     0 4015.50000    0 1526   -0.00000 4015.50000      -     -    5s
H    0     0                     394.0000000 4015.50000   919%     -    6s
H    0     0                     548.0000000 4015.50000   633%     -    8s
     0     0 3927.50000    0 1493  548.00000 3927.50000   617%     -    9s
     0     0 3838.00000    0 1532  548.00000 3838.00000   600%     -   12s
     0     0 3835.50000    0 1534  548.00000 3835.50000   600%     -   12s
     0     0 3763.50000    0 1565  548.00000 3763.50000   587%     -   14s
     0     0 3681.25000    0 1603  548.00000 3681.25000   572%     -   18s
     0     0 3592.25000    0 1639  548.00000 3592.25000   556%     -   22s
     0     0 3501.56250    0 1680  548.00000 3501.56250   539%     -   28s
     0     0 3501.50000    0 1598  548.00000 3501.50000   539%     -   29s
     0     0 3421.25000    0 1636  548.00000 3421.25000   524%     -   35s
     0     0 3420.06250    0 1641  548.00000 3420.06250   524%     -   36s
     0     0 3340.87500    0 1604  548.00000 3340.87500   510%     -   43s
     0     0 3340.75000    0 1599  548.00000 3340.75000   510%     -   44s
     0     0 3264.25000    0 1625  548.00000 3264.25000   496%     -   59s
     0     0 3261.68750    0 1635  548.00000 3261.68750   495%     -   62s
     0     0 3178.66667    0 1676  548.00000 3178.66667   480%     -   90s
     0     0 3177.73611    0 1675  548.00000 3177.73611   480%     -   93s
H    0     0                     634.0000000 3177.73611   401%     -  119s
     0     0 3101.56250    0 1704  634.00000 3101.56250   389%     -  124s
H    0     0                     646.0000000 3101.56250   380%     -  125s
     0     0 3100.03571    0 1636  646.00000 3100.03571   380%     -  128s
     0     0 3014.60714    0 1746  646.00000 3014.60714   367%     -  166s
     0     0 3012.55357    0 1675  646.00000 3012.55357   366%     -  172s
     0     0 2944.00000    0 1776  646.00000 2944.00000   356%     -  219s
     0     0 2944.00000    0 1770  646.00000 2944.00000   356%     -  222s
     0     2 2944.00000    0 1770  646.00000 2944.00000   356%     -  253s
     1     4 2874.72500    1 1741  646.00000 2944.00000   356%  2441  293s
     3     8 2774.08333    2 1701  646.00000 2874.71025   345%  3576  338s
     7    12 2687.37500    3 1728  646.00000 2783.69379   331%  3498  375s
    11    16 2675.36111    3 1794  646.00000 2783.67987   331%  3409  419s
    15    20 2587.86538    4 1676  646.00000 2727.48546   322%  3420  467s
    19    21 2527.68750    5 1635  646.00000 2727.48546   322%  3366  502s
    23    21 2458.06250    6 1667  646.00000 2727.48546   322%  3314  545s
    27    28 2367.50000    7 1554  646.00000 2727.48546   322%  3264  602s
    31    32 2300.83333    8 1515  646.00000 2727.48546   322%  3152  653s
    35    35 2232.31250    9 1542  646.00000 2727.48546   322%  3146  714s
    39    40 2207.39286    9 1476  646.00000 2727.48546   322%  3185  757s
    43    45 2191.50000   10 1464  646.00000 2727.48546   322%  3061  793s
    48    51 2125.00000   11 1107  646.00000 2727.48546   322%  2974  828s
    52    50 2058.25000   12 1189  646.00000 2727.48546   322%  2923  865s
    58    61 2051.50000   12 1070  646.00000 2727.48546   322%  2830  897s
    63    61 1991.50000   13 1040  646.00000 2727.48546   322%  2732  929s
    71    74 1855.50000   15  980  646.00000 2727.48546   322%  2622  959s
    76    76 1789.00000   16 1112  646.00000 2727.48546   322%  2588  983s
    83    86 1787.00000   16  948  646.00000 2727.48546   322%  2501 1011s
    92    93 1724.75000   17  922  646.00000 2727.48546   322%  2367 1036s
   100   100 1626.50000   19  859  646.00000 2727.48546   322%  2278 1068s
   110   111 1526.00000   21  853  646.00000 2727.48546   322%  2162 1096s
   121   123 1443.50000   22  777  646.00000 2727.48546   322%  2079 1133s
   135   134 1295.75000   24  778  646.00000 2727.48546   322%  1982 1159s
   148   145 1224.75000   25  799  646.00000 2727.48546   322%  1901 1188s
   162   157 1085.50000   28  680  646.00000 2727.48546   322%  1833 1230s
   173   162 1050.50000   29  687  646.00000 2727.48546   322%  1776 1285s
   190   180  926.50000   31  623  646.00000 2727.48546   322%  1717 1333s
   205   189  747.25000   35  564  646.00000 2727.48546   322%  1678 1437s
   215   191     cutoff   38       646.00000 2692.67248   317%  1660 1496s
   230   200 2547.41667    4 1758  646.00000 2692.67248   317%  1647 1555s
   237   205 2478.91667    5 1719  646.00000 2692.67248   317%  1671 1683s
   247   211 2269.18750    7 1587  646.00000 2692.67248   317%  1715 1733s
   255   223 2315.06250    7 1414  646.00000 2692.67248   317%  1724 1768s
   266   229 2156.37500    9 1346  646.00000 2692.67248   317%  1743 1791s
   285   245 1840.75000   15 1344  646.00000 2692.67248   317%  1693 1800s

Cutting planes:
  Gomory: 5
  Clique: 3
  Zero half: 12542

Explored 302 nodes (508185 simplex iterations) in 1800.65 seconds
Thread count was 4 (of 4 available processors)

Solution count 5: 646 634 548 ... -0
Pool objective bound 2692

Time limit reached
Best objective 6.460000000000e+02, best bound 2.692000000000e+03, gap 316.7183%

Gurobi 7.0.2 (linux64, Java) logging started Mon 20 May 2019 11:21:01 PM -03

Optimize a model with 9800 rows, 6480 columns and 22840 nonzeros
Variable types: 0 continuous, 6480 integer (6480 binary)
Coefficient statistics:
  Matrix range     [1e+00, 2e+00]
  Objective range  [1e+00, 1e+01]
  Bounds range     [1e+00, 1e+00]
  RHS range        [1e+00, 2e+00]
Found heuristic solution: objective -0
Presolve removed 240 rows and 3240 columns
Presolve time: 0.19s
Presolved: 9560 rows, 3240 columns, 22360 nonzeros
Variable types: 0 continuous, 3240 integer (3240 binary)

Root relaxation: objective 4.015500e+03, 3215 iterations, 1.49 seconds

    Nodes    |    Current Node    |     Objective Bounds      |     Work
 Expl Unexpl |  Obj  Depth IntInf | Incumbent    BestBd   Gap | It/Node Time

     0     0 4015.50000    0 1526   -0.00000 4015.50000      -     -    1s
H    0     0                     394.0000000 4015.50000   919%     -    2s
H    0     0                     548.0000000 4015.50000   633%     -    3s
     0     0 3927.50000    0 1493  548.00000 3927.50000   617%     -    3s
     0     0 3838.00000    0 1532  548.00000 3838.00000   600%     -    5s
     0     0 3835.50000    0 1534  548.00000 3835.50000   600%     -    5s
     0     0 3763.50000    0 1565  548.00000 3763.50000   587%     -    6s
     0     0 3681.25000    0 1603  548.00000 3681.25000   572%     -    7s
     0     0 3592.25000    0 1639  548.00000 3592.25000   556%     -    9s
     0     0 3501.56250    0 1680  548.00000 3501.56250   539%     -   11s
     0     0 3501.50000    0 1598  548.00000 3501.50000   539%     -   11s
     0     0 3421.25000    0 1636  548.00000 3421.25000   524%     -   14s
     0     0 3420.06250    0 1641  548.00000 3420.06250   524%     -   15s
     0     0 3340.87500    0 1604  548.00000 3340.87500   510%     -   18s
     0     0 3340.75000    0 1599  548.00000 3340.75000   510%     -   18s
     0     0 3264.25000    0 1625  548.00000 3264.25000   496%     -   24s
     0     0 3261.68750    0 1635  548.00000 3261.68750   495%     -   25s
     0     0 3178.66667    0 1676  548.00000 3178.66667   480%     -   35s
     0     0 3177.73611    0 1675  548.00000 3177.73611   480%     -   36s
H    0     0                     634.0000000 3177.73611   401%     -   47s
     0     0 3101.56250    0 1704  634.00000 3101.56250   389%     -   51s
H    0     0                     646.0000000 3101.56250   380%     -   52s
     0     0 3100.03571    0 1636  646.00000 3100.03571   380%     -   53s
     0     0 3014.60714    0 1746  646.00000 3014.60714   367%     -   74s
     0     0 3012.55357    0 1675  646.00000 3012.55357   366%     -   77s
     0     0 2944.00000    0 1776  646.00000 2944.00000   356%     -  100s
     0     0 2944.00000    0 1770  646.00000 2944.00000   356%     -  102s
     0     2 2944.00000    0 1770  646.00000 2944.00000   356%     -  117s
     1     4 2874.72500    1 1741  646.00000 2944.00000   356%  2441  136s
     3     8 2774.08333    2 1701  646.00000 2874.71025   345%  3576  159s
     7    12 2687.37500    3 1728  646.00000 2783.69379   331%  3498  177s
    11    16 2675.36111    3 1794  646.00000 2783.67987   331%  3409  200s
    15    20 2587.86538    4 1676  646.00000 2727.48546   322%  3420  223s
    19    21 2527.68750    5 1635  646.00000 2727.48546   322%  3366  240s
    23    21 2458.06250    6 1667  646.00000 2727.48546   322%  3314  262s
    27    28 2367.50000    7 1554  646.00000 2727.48546   322%  3264  287s
    31    32 2300.83333    8 1515  646.00000 2727.48546   322%  3152  309s
    35    35 2232.31250    9 1542  646.00000 2727.48546   322%  3146  337s
    39    40 2207.39286    9 1476  646.00000 2727.48546   322%  3185  355s
    43    45 2191.50000   10 1464  646.00000 2727.48546   322%  3061  370s
    48    51 2125.00000   11 1107  646.00000 2727.48546   322%  2974  386s
    52    50 2058.25000   12 1189  646.00000 2727.48546   322%  2923  404s
    58    61 2051.50000   12 1070  646.00000 2727.48546   322%  2830  418s
    63    61 1991.50000   13 1040  646.00000 2727.48546   322%  2732  435s
    71    74 1855.50000   15  980  646.00000 2727.48546   322%  2622  449s
    76    76 1789.00000   16 1112  646.00000 2727.48546   322%  2588  462s
    83    86 1787.00000   16  948  646.00000 2727.48546   322%  2501  475s
    92    93 1724.75000   17  922  646.00000 2727.48546   322%  2367  488s
   100   100 1626.50000   19  859  646.00000 2727.48546   322%  2278  502s
   110   111 1526.00000   21  853  646.00000 2727.48546   322%  2162  516s
   121   123 1443.50000   22  777  646.00000 2727.48546   322%  2079  532s
   135   134 1295.75000   24  778  646.00000 2727.48546   322%  1982  544s
   148   145 1224.75000   25  799  646.00000 2727.48546   322%  1901  558s
   162   157 1085.50000   28  680  646.00000 2727.48546   322%  1833  576s
   173   162 1050.50000   29  687  646.00000 2727.48546   322%  1776  600s
   190   180  926.50000   31  623  646.00000 2727.48546   322%  1717  622s
   205   189  747.25000   35  564  646.00000 2727.48546   322%  1678  673s
   215   191     cutoff   38       646.00000 2692.67248   317%  1660  700s
   230   200 2547.41667    4 1758  646.00000 2692.67248   317%  1647  729s
   237   205 2478.91667    5 1719  646.00000 2692.67248   317%  1671  794s
   247   211 2269.18750    7 1587  646.00000 2692.67248   317%  1715  825s
   255   223 2315.06250    7 1414  646.00000 2692.67248   317%  1724  857s
   266   229 2156.37500    9 1346  646.00000 2692.67248   317%  1743  879s
   285   249 2065.00000   10 1373  646.00000 2692.67248   317%  1703  901s
   307   258 2006.78125   11 1402  646.00000 2692.67248   317%  1644 1050s
   323   263 1935.25000   12 1498  646.00000 2692.67248   317%  1602 1083s
   335   270 1953.81250   11 1401  646.00000 2692.67248   317%  1625 1113s
   360   287 1972.00000   12 1307  646.00000 2692.67248   317%  1584 1143s
   387   304 1927.33333   12 1501  646.00000 2692.67248   317%  1537 1172s
   400   313 1811.87500   15 1391  646.00000 2675.34453   314%  1548 1298s
   404   317 1764.12500   16 1305  646.00000 2675.34453   314%  1551 1334s
   420   334 1611.25000   19  986  646.00000 2675.34453   314%  1546 1367s
   444   353 1377.00000   23  906  646.00000 2675.34453   314%  1536 1405s
   471   375 1007.75000   29  693  646.00000 2675.34453   314%  1519 1437s
   494   384  694.00000   36  524  646.00000 2614.92631   305%  1517 1480s
   537   414 2538.00000    5 1645  646.00000 2614.92631   305%  1467 1530s
   558   431 2386.00000    7 1539  646.00000 2608.75783   304%  1483 1575s
   573   439 2217.25000   10 1264  646.00000 2608.75783   304%  1502 1617s
   590   461 1970.50000   14 1121  646.00000 2608.75783   304%  1516 1677s
   615   479 1699.50000   18  987  646.00000 2608.75783   304%  1519 1720s
   653   523 1411.50000   23  919  646.00000 2608.75783   304%  1495 1780s
   689   529 1225.50000   26  786  646.00000 2608.75783   304%  1481 1800s

Cutting planes:
  Gomory: 5
  Clique: 3
  Zero half: 12604

Explored 711 nodes (1072308 simplex iterations) in 1800.03 seconds
Thread count was 4 (of 4 available processors)

Solution count 5: 646 634 548 ... -0
Pool objective bound 2608

Time limit reached
Best objective 6.460000000000e+02, best bound 2.608000000000e+03, gap 303.7152%
