
Gurobi 7.0.2 (linux64, Java) logging started Mon 20 May 2019 10:33:40 PM -03

Optimize a model with 15250 rows, 10100 columns and 35550 nonzeros
Variable types: 0 continuous, 10100 integer (10100 binary)
Coefficient statistics:
  Matrix range     [1e+00, 2e+00]
  Objective range  [1e+00, 1e+01]
  Bounds range     [1e+00, 1e+00]
  RHS range        [1e+00, 2e+00]
Found heuristic solution: objective -0
Presolve removed 300 rows and 5050 columns
Presolve time: 1.98s
Presolved: 14950 rows, 5050 columns, 34950 nonzeros
Variable types: 0 continuous, 5050 integer (5050 binary)

Root simplex log...

Iteration    Objective       Primal Inf.    Dual Inf.      Time
    1672    1.0304000e+04   2.257000e+03   0.000000e+00      5s
    3952    7.0935000e+03   1.280500e+03   0.000000e+00     10s
    4664    6.3415000e+03   0.000000e+00   0.000000e+00     13s

Root relaxation: objective 6.341500e+03, 4664 iterations, 10.61 seconds

    Nodes    |    Current Node    |     Objective Bounds      |     Work
 Expl Unexpl |  Obj  Depth IntInf | Incumbent    BestBd   Gap | It/Node Time

     0     0 6341.50000    0 2397   -0.00000 6341.50000      -     -   13s
H    0     0                     383.0000000 6341.50000  1556%     -   16s
H    0     0                     479.0000000 6341.50000  1224%     -   19s
H    0     0                     515.0000000 6341.50000  1131%     -   19s
H    0     0                     547.0000000 6341.50000  1059%     -   19s
     0     0 6233.00000    0 2360  547.00000 6233.00000  1039%     -   20s
     0     0 6117.00000    0 2319  547.00000 6117.00000  1018%     -   27s
H    0     0                     658.0000000 6117.00000   830%     -   27s
     0     0 6025.50000    0 2362  658.00000 6025.50000   816%     -   34s
     0     0 5888.00000    0 2406  658.00000 5888.00000   795%     -   43s
     0     0 5887.50000    0 2310  658.00000 5887.50000   795%     -   44s
     0     0 5778.50000    0 2268  658.00000 5778.50000   778%     -   53s
H    0     0                     834.0000000 5778.50000   593%     -   54s
     0     0 5672.00000    0 2220  834.00000 5672.00000   580%     -   61s
     0     0 5553.50000    0 2178  834.00000 5553.50000   566%     -   76s
     0     0 5440.00000    0 2219  834.00000 5440.00000   552%     -   85s
     0     0 5335.00000    0 2173  834.00000 5335.00000   540%     -  111s
     0     0 5223.50000    0 2132  834.00000 5223.50000   526%     -  131s
     0     0 5162.25000    0 2255  834.00000 5162.25000   519%     -  158s
     0     0 5162.25000    0 2255  834.00000 5162.25000   519%     -  161s
     0     2 5162.25000    0 2255  834.00000 5162.25000   519%     -  206s
     1     4 5049.50000    1 2123  834.00000 5162.23966   519%  2218  257s
     3     8 4937.50000    2 2078  834.00000 5049.49976   505%  2517  314s
     7    12 4836.50000    3 2115  834.00000 4937.19944   492%  2385  404s
    11    16 4804.50000    3 2029  834.00000 4911.99686   489%  2724  444s
    15    18 4687.50000    4 2069  834.00000 4902.49722   488%  2529  481s
    19    22 4685.50000    4 1984  834.00000 4902.49722   488%  2373  524s
    23    23 4596.25000    5 2109  834.00000 4902.49722   488%  2318  560s
    27    31 4554.00000    5 1938  834.00000 4902.49722   488%  2264  644s
    31    31 4445.00000    6 1891  834.00000 4902.49722   488%  2253  687s
    35    32 4345.50000    7 1853  834.00000 4902.49722   488%  2220  727s
    39    40 4217.50000    8 1895  834.00000 4902.49722   488%  2237  768s
    43    45 4240.00000    8 1814  834.00000 4902.49722   488%  2187  799s
    47    49 4138.00000    9 1773  834.00000 4902.49722   488%  2141  831s
    51    50 4015.50000   10 1730  834.00000 4902.49722   488%  2101  863s
    55    57 3918.00000   11 1762  834.00000 4902.49722   488%  2064  910s
    60    61 3780.50000   12 1638  834.00000 4902.49722   488%  2039  958s
    64    64 3665.50000   13 1596  834.00000 4902.49722   488%  2056  992s
    69    71 3476.00000   15 1520  834.00000 4902.49722   488%  2032 1024s
    73    73 3400.50000   16 1548  834.00000 4902.49722   488%  2028 1075s
    79    81 3358.75000   16 1628  834.00000 4902.49722   488%  2010 1350s
    84    85 3305.50000   17 1508  834.00000 4902.49722   488%  1989 1398s
H   90    93                     859.0000000 4902.49722   471%  1959 1453s
    98    98 3042.50000   20 1619  859.00000 4902.49722   471%  1963 1494s
   103   106 3010.50000   20 1546  859.00000 4902.49722   471%  1979 1543s
   110   110 2903.00000   21 1660  859.00000 4902.49722   471%  1960 1595s
   118   121 2835.25000   22 1473  859.00000 4902.49722   471%  1948 1641s
   127   124 2777.75000   23 1370  859.00000 4902.49722   471%  1912 1689s
H  130   130                     886.0000000 4902.49722   453%  1907 1689s
   135   136 2701.25000   24 1405  886.00000 4902.49722   453%  1900 1727s
   145   148 2551.75000   26 1342  886.00000 4902.49722   453%  1868 1758s
   156   160 2426.50000   28 1480  886.00000 4902.49722   453%  1852 1800s

Cutting planes:
  Gomory: 3
  Zero half: 16964

Explored 165 nodes (318383 simplex iterations) in 1800.72 seconds
Thread count was 4 (of 4 available processors)

Solution count 9: 886 859 834 ... -0
Pool objective bound 4902

Time limit reached
Best objective 8.860000000000e+02, best bound 4.902000000000e+03, gap 453.2731%

Gurobi 7.0.2 (linux64, Java) logging started Mon 20 May 2019 11:20:49 PM -03

Optimize a model with 15250 rows, 10100 columns and 35550 nonzeros
Variable types: 0 continuous, 10100 integer (10100 binary)
Coefficient statistics:
  Matrix range     [1e+00, 2e+00]
  Objective range  [1e+00, 1e+01]
  Bounds range     [1e+00, 1e+00]
  RHS range        [1e+00, 2e+00]
Found heuristic solution: objective -0
Presolve removed 300 rows and 5050 columns
Presolve time: 0.21s
Presolved: 14950 rows, 5050 columns, 34950 nonzeros
Variable types: 0 continuous, 5050 integer (5050 binary)

Root relaxation: objective 6.341500e+03, 4664 iterations, 1.02 seconds

    Nodes    |    Current Node    |     Objective Bounds      |     Work
 Expl Unexpl |  Obj  Depth IntInf | Incumbent    BestBd   Gap | It/Node Time

     0     0 6341.50000    0 2397   -0.00000 6341.50000      -     -    1s
H    0     0                     383.0000000 6341.50000  1556%     -    1s
H    0     0                     479.0000000 6341.50000  1224%     -    2s
H    0     0                     515.0000000 6341.50000  1131%     -    2s
H    0     0                     547.0000000 6341.50000  1059%     -    2s
     0     0 6233.00000    0 2360  547.00000 6233.00000  1039%     -    2s
     0     0 6117.00000    0 2319  547.00000 6117.00000  1018%     -    4s
H    0     0                     658.0000000 6117.00000   830%     -    4s
     0     0 6025.50000    0 2362  658.00000 6025.50000   816%     -    6s
     0     0 5888.00000    0 2406  658.00000 5888.00000   795%     -    7s
     0     0 5887.50000    0 2310  658.00000 5887.50000   795%     -    7s
     0     0 5778.50000    0 2268  658.00000 5778.50000   778%     -    9s
H    0     0                     834.0000000 5778.50000   593%     -    9s
     0     0 5672.00000    0 2220  834.00000 5672.00000   580%     -   11s
     0     0 5553.50000    0 2178  834.00000 5553.50000   566%     -   16s
     0     0 5440.00000    0 2219  834.00000 5440.00000   552%     -   20s
     0     0 5335.00000    0 2173  834.00000 5335.00000   540%     -   32s
     0     0 5223.50000    0 2132  834.00000 5223.50000   526%     -   41s
     0     0 5162.25000    0 2255  834.00000 5162.25000   519%     -   50s
     0     0 5162.25000    0 2255  834.00000 5162.25000   519%     -   52s
     0     2 5162.25000    0 2255  834.00000 5162.25000   519%     -   73s
     1     4 5049.50000    1 2123  834.00000 5162.23966   519%  2218  100s
     3     8 4937.50000    2 2078  834.00000 5049.49976   505%  2517  126s
     7    12 4836.50000    3 2115  834.00000 4937.19944   492%  2385  170s
    11    16 4804.50000    3 2029  834.00000 4911.99686   489%  2724  189s
    15    18 4687.50000    4 2069  834.00000 4902.49722   488%  2529  207s
    19    22 4685.50000    4 1984  834.00000 4902.49722   488%  2373  228s
    23    23 4596.25000    5 2109  834.00000 4902.49722   488%  2318  246s
    27    31 4554.00000    5 1938  834.00000 4902.49722   488%  2264  285s
    31    31 4445.00000    6 1891  834.00000 4902.49722   488%  2253  306s
    35    32 4345.50000    7 1853  834.00000 4902.49722   488%  2220  326s
    39    40 4217.50000    8 1895  834.00000 4902.49722   488%  2237  344s
    43    45 4240.00000    8 1814  834.00000 4902.49722   488%  2187  359s
    47    49 4138.00000    9 1773  834.00000 4902.49722   488%  2141  372s
    51    50 4015.50000   10 1730  834.00000 4902.49722   488%  2101  386s
    55    57 3918.00000   11 1762  834.00000 4902.49722   488%  2064  409s
    60    61 3780.50000   12 1638  834.00000 4902.49722   488%  2039  433s
    64    64 3665.50000   13 1596  834.00000 4902.49722   488%  2056  453s
    69    71 3476.00000   15 1520  834.00000 4902.49722   488%  2032  468s
    73    73 3400.50000   16 1548  834.00000 4902.49722   488%  2028  490s
    79    81 3358.75000   16 1628  834.00000 4902.49722   488%  2010  621s
    84    85 3305.50000   17 1508  834.00000 4902.49722   488%  1989  646s
H   90    93                     859.0000000 4902.49722   471%  1959  673s
    98    98 3042.50000   20 1619  859.00000 4902.49722   471%  1963  695s
   103   106 3010.50000   20 1546  859.00000 4902.49722   471%  1979  720s
   110   110 2903.00000   21 1660  859.00000 4902.49722   471%  1960  748s
   118   121 2835.25000   22 1473  859.00000 4902.49722   471%  1948  777s
   127   124 2777.75000   23 1370  859.00000 4902.49722   471%  1912  800s
H  130   130                     886.0000000 4902.49722   453%  1907  800s
   135   136 2701.25000   24 1405  886.00000 4902.49722   453%  1900  829s
   145   148 2551.75000   26 1342  886.00000 4902.49722   453%  1868  861s
   156   161 2426.50000   28 1480  886.00000 4902.49722   453%  1852  981s
   166   163 2352.00000   29 1443  886.00000 4902.49722   453%  1849 1003s
   178   178 2149.75000   32 1268  886.00000 4902.49722   453%  1828 1027s
   191   194 2023.50000   34 1261  886.00000 4902.49722   453%  1806 1153s
H  192   195                     894.0000000 4902.49722   448%  1797 1153s
H  194   195                     902.0000000 4902.49722   444%  1790 1153s
   195   194 1944.00000   35 1230  902.00000 4902.49722   444%  1796 1186s
   212   214 1710.25000   39 1120  902.00000 4902.49722   444%  1758 1215s
   231   231 1392.00000   43  920  902.00000 4902.49722   444%  1718 1243s
   257   247  980.00000   51  649  902.00000 4874.94409   440%  1651 1278s
   298   270 4656.00000    4 2154  902.00000 4874.94409   440%  1520 1315s
   310   280 4422.50000    6 2068  902.00000 4874.94409   440%  1525 1352s
   319   282 4195.00000    8 1976  902.00000 4874.94409   440%  1535 1395s
   328   292 3888.75000   11 1856  902.00000 4874.94409   440%  1553 1447s
   340   304 3691.00000   13 1780  902.00000 4874.94409   440%  1565 1491s
   352   314 3503.50000   15 1628  902.00000 4874.94409   440%  1576 1542s
   366   329 3340.00000   17 1616  902.00000 4874.94409   440%  1578 1594s
   382   348 3141.00000   19 1541  902.00000 4874.94409   440%  1587 1649s
   401   362 3037.00000   20 1574  902.00000 4874.94409   440%  1583 1711s
   421   383 2836.00000   22 1489  902.00000 4874.94409   440%  1575 1766s
   448   409 2501.75000   26 1401  902.00000 4874.94409   440%  1552 1800s
H  474   417                    1024.0000000 4874.94409   376%  1516 1800s

Cutting planes:
  Gomory: 3
  Zero half: 16964

Explored 478 nodes (737523 simplex iterations) in 1800.02 seconds
Thread count was 4 (of 4 available processors)

Solution count 10: 1024 902 894 ... 479
Pool objective bound 4874

Time limit reached
Best objective 1.024000000000e+03, best bound 4.874000000000e+03, gap 375.9766%
