
Gurobi 7.0.2 (linux64, Java) logging started Mon 20 May 2019 10:31:38 PM -03

Optimize a model with 60 rows, 60 columns and 180 nonzeros
Model has 1754 quadratic objective terms
Variable types: 0 continuous, 60 integer (60 binary)
Coefficient statistics:
  Matrix range     [1e+00, 1e+00]
  Objective range  [0e+00, 0e+00]
  QObjective range [2e+00, 2e+01]
  Bounds range     [1e+00, 1e+00]
  RHS range        [2e+00, 2e+00]
Found heuristic solution: objective -0
Modified 60 Q diagonals
Presolve time: 0.00s
Presolved: 60 rows, 60 columns, 180 nonzeros
Presolved model has 1756 quadratic objective terms
Variable types: 0 continuous, 60 integer (60 binary)

Root relaxation: objective 2.255106e+03, 61 iterations, 0.00 seconds

    Nodes    |    Current Node    |     Objective Bounds      |     Work
 Expl Unexpl |  Obj  Depth IntInf | Incumbent    BestBd   Gap | It/Node Time

     0     0 2255.10578    0   60   -0.00000 2255.10578      -     -    0s
H    0     0                     302.0000000 2255.10578   647%     -    0s
H    0     0                     394.0000000 2255.10578   472%     -    0s
     0     2 2255.10578    0   60  394.00000 2255.10578   472%     -    0s
H   29    29                     411.0000000 2149.76567   423%   2.8    0s
H   33    33                     415.0000000 2149.76567   418%   3.0    0s
H   35    36                     441.0000000 2149.76567   387%   3.0    0s
H   71    73                     449.0000000 2149.76567   379%   3.1    0s
H   75    77                     456.0000000 2149.76567   371%   3.1    0s
H  122   120                     476.0000000 2149.76567   352%   3.0    0s
H  175   175                     496.0000000 2149.76567   333%   2.9    0s
H  305   281                     501.0000000 2129.59323   325%   2.9    0s
H  410   367                     503.0000000 2129.59323   323%   2.9    0s
H  739   614                     508.0000000 2069.13710   307%   2.7    0s
 26675 20064 1692.98625   24   46  508.00000 1805.96008   256%   2.5    5s
 59964 46010 1431.44763   29   38  508.00000 1744.16315   243%   2.5   10s
 87202 67106  559.62023   56   11  508.00000 1715.46986   238%   2.5   15s
 111624 85632 1517.50986   29   41  508.00000 1698.24686   234%   2.5   20s
 132432 101449  621.29746   56   13  508.00000 1685.34663   232%   2.5   25s
 151824 116197 1395.22831   33   37  508.00000 1676.06184   230%   2.5   30s
 171002 130675 1433.22722   30   38  508.00000 1667.98776   228%   2.5   35s
 185054 141251 1253.96858   33   35  508.00000 1662.86306   227%   2.5   40s
 201897 153915 1207.95920   36   31  508.00000 1656.46311   226%   2.5   45s
 217620 165618 1437.60407   27   40  508.00000 1651.24446   225%   2.5   50s
 231101 175857 1269.26832   30   38  508.00000 1646.91781   224%   2.5   55s
 244200 185681 1577.62948   24   45  508.00000 1642.71184   223%   2.5   60s
 257494 195781  803.08509   41   23  508.00000 1639.41219   223%   2.5   65s
 272182 206847 1565.69150   23   43  508.00000 1635.10693   222%   2.5   70s
 286087 217261 1427.67399   30   37  508.00000 1632.02288   221%   2.5   75s
 296710 225114 1356.74025   32   37  508.00000 1629.52416   221%   2.5   80s
 308869 234102 1603.32405   25   45  508.00000 1626.29952   220%   2.5   85s
 320239 242645 1494.29095   28   39  508.00000 1623.77332   220%   2.5   90s
 332225 251540  534.09480   52   12  508.00000 1621.34794   219%   2.5   95s
 341293 258372 1619.67037   25   45  508.00000 1619.67037   219%   2.5  100s
 350574 265468 1587.76356   23   44  508.00000 1617.23607   218%   2.5  105s
 361998 273861 1069.10728   39   29  508.00000 1615.15954   218%   2.5  110s
 372480 281707 1320.52053   33   35  508.00000 1612.88372   217%   2.5  115s
 380525 287637 1575.97688   24   44  508.00000 1611.30828   217%   2.5  120s
 389665 294482 1063.16060   42   26  508.00000 1609.51245   217%   2.5  125s
 399533 301797 1534.38502   25   42  508.00000 1607.58483   216%   2.5  130s
 409816 309405  850.94875   50   20  508.00000 1605.73259   216%   2.5  135s
 418994 316201 1308.32627   34   35  508.00000 1604.27905   216%   2.5  140s
 426884 322194 1195.61799   36   33  508.00000 1602.80539   216%   2.5  145s
 434330 327814  862.78989   48   19  508.00000 1601.38583   215%   2.5  150s
 442543 333897 1373.24584   28   37  508.00000 1600.00956   215%   2.5  155s
 450731 340058 1436.34893   28   41  508.00000 1598.67400   215%   2.5  160s
 459186 346367 1461.42027   29   40  508.00000 1597.36356   214%   2.5  165s
 467831 352654 1556.39122   26   42  508.00000 1596.06535   214%   2.5  170s
 475995 358781 1451.16509   29   38  508.00000 1594.87369   214%   2.5  175s
 483059 364073 1489.38111   27   40  508.00000 1593.83404   214%   2.5  180s
 491054 369906 1057.76171   41   29  508.00000 1592.64096   214%   2.5  185s
 499512 376141 1101.41622   35   30  508.00000 1591.38761   213%   2.5  190s
 508155 382494 1476.80286   29   41  508.00000 1590.28678   213%   2.5  195s
 515516 387992  940.86848   45   23  508.00000 1589.27082   213%   2.4  200s
 525281 395222 1491.77434   27   41  508.00000 1587.79428   213%   2.5  205s
 535292 402485 1365.28533   29   39  508.00000 1586.57433   212%   2.4  210s
 544757 409489 1243.34569   28   36  508.00000 1585.48125   212%   2.4  215s
 554356 416534 1473.65191   26   40  508.00000 1584.33112   212%   2.4  220s
 561991 422175 1558.64912   26   43  508.00000 1583.43000   212%   2.4  225s
 571547 429261  696.80011   53   14  508.00000 1582.28078   211%   2.4  230s
 581337 436530 1543.90830   25   42  508.00000 1580.98111   211%   2.4  235s
 590969 443583 1206.84403   37   33  508.00000 1579.70663   211%   2.4  240s
 600013 450143 1433.42973   26   40  508.00000 1578.72109   211%   2.4  245s
 607093 455447 1543.70718   25   40  508.00000 1577.64619   211%   2.4  250s
 615510 461617 1391.47868   30   38  508.00000 1576.59166   210%   2.4  255s
 625433 468994 1071.53826   38   29  508.00000 1575.41303   210%   2.4  260s
 635081 476086 1370.05484   30   36  508.00000 1574.30493   210%   2.4  265s
 644742 483233 1170.47142   33   30  508.00000 1573.14815   210%   2.4  270s
 654398 490285 1346.87426   32   37  508.00000 1572.17424   209%   2.4  275s
 664458 497669 1250.07208   32   35  508.00000 1570.95131   209%   2.4  280s
 671976 503174 1450.31952   28   40  508.00000 1570.10707   209%   2.4  285s
 682155 510746 1348.39151   27   37  508.00000 1569.01412   209%   2.4  290s
 691972 517925 1226.60261   33   32  508.00000 1568.08477   209%   2.4  295s
 700658 524414 1426.19427   28   38  508.00000 1567.12479   208%   2.4  300s
 708034 529849 1330.62446   30   35  508.00000 1566.35510   208%   2.4  305s
 716976 536334 1223.76687   34   34  508.00000 1565.42489   208%   2.4  310s
 726157 543147 1234.83491   34   33  508.00000 1564.63770   208%   2.4  315s
 736094 550287 1388.20776   29   37  508.00000 1563.66512   208%   2.4  320s
 744834 556720 1327.67648   30   38  508.00000 1562.79002   208%   2.4  325s
 754191 563585 1541.07070   26   43  508.00000 1561.92414   207%   2.4  330s
 761233 568782 1485.00114   28   42  508.00000 1561.29337   207%   2.4  335s
 770847 575845 1413.14811   29   40  508.00000 1560.36703   207%   2.4  340s
 780130 582716 1328.30384   34   35  508.00000 1559.34841   207%   2.4  345s
 790239 590122 1091.90146   33   31  508.00000 1558.42983   207%   2.4  350s
 799332 596826 1199.82454   36   31  508.00000 1557.54168   207%   2.4  355s
 807820 603114 1494.80539   25   42  508.00000 1556.82926   206%   2.4  360s
 816692 609731  736.32122   48   17  508.00000 1556.18191   206%   2.4  365s
 822860 614254 1492.90952   26   41  508.00000 1555.66621   206%   2.4  370s
 831173 620293 1469.45185   28   42  508.00000 1554.91501   206%   2.4  375s
 840685 627316  895.10502   45   23  508.00000 1554.15716   206%   2.4  380s
 849986 634002 1482.17599   27   42  508.00000 1553.26628   206%   2.4  385s
 858707 640420 1217.37643   34   33  508.00000 1552.51299   206%   2.4  390s
 868076 647328 1088.78783   39   29  508.00000 1551.67797   205%   2.4  395s
 875428 652644 1160.21666   36   31  508.00000 1551.06404   205%   2.4  400s
 884525 659238 1299.45894   34   35  508.00000 1550.42802   205%   2.4  405s
 893898 666055 1373.29668   30   35  508.00000 1549.57712   205%   2.4  410s
 902360 672242  521.13406   56    9  508.00000 1548.89495   205%   2.4  415s
 910946 678490  998.41759   38   27  508.00000 1548.26395   205%   2.4  420s
 919550 684744 1482.05406   28   40  508.00000 1547.60620   205%   2.4  425s
 928527 691275  684.22185   50   16  508.00000 1546.88249   205%   2.4  430s
 935486 696295  806.67380   43   18  508.00000 1546.32674   204%   2.4  435s
 944377 702846 1219.04107   34   35  508.00000 1545.69326   204%   2.4  440s
 952587 708831 1176.05547   40   30  508.00000 1545.06794   204%   2.4  445s
 960927 714899  905.50491   44   21  508.00000 1544.37070   204%   2.4  450s
 969625 721282 1340.29374   34   35  508.00000 1543.73712   204%   2.4  455s
 978628 727776  524.93865   55   13  508.00000 1543.08379   204%   2.4  460s
 985165 732521  847.76401   43   23  508.00000 1542.63548   204%   2.4  465s
 994087 738989 1381.09841   29   38  508.00000 1542.04313   204%   2.4  470s
 1002328 744963 1504.62461   27   42  508.00000 1541.50273   203%   2.4  475s
 1011375 751636 1182.13884   37   31  508.00000 1540.85383   203%   2.4  480s
 1020758 758446 1346.60911   34   36  508.00000 1540.18985   203%   2.4  485s
 1027857 763648 1376.26553   30   36  508.00000 1539.67283   203%   2.4  490s
 1036708 770113 1494.08074   28   42  508.00000 1539.08963   203%   2.4  495s
 1046079 776885 1032.13809   42   28  508.00000 1538.48957   203%   2.4  500s
 1055210 783629  855.65117   43   21  508.00000 1537.78964   203%   2.4  505s
 1064201 790192 1537.19527   26   40  508.00000 1537.19527   203%   2.4  510s
 1071122 795194 1411.20454   27   39  508.00000 1536.75365   203%   2.4  515s
 1079996 801657 1126.92211   39   30  508.00000 1536.10390   202%   2.4  520s
 1089926 808851 1328.96745   31   37  508.00000 1535.50583   202%   2.4  525s
 1099001 815515 1268.26952   32   32  508.00000 1534.92044   202%   2.4  530s
 1108250 822294 1393.81124   29   37  508.00000 1534.33872   202%   2.4  535s
 1117327 828939 1494.26031   28   41  508.00000 1533.80272   202%   2.4  540s
 1125761 835074 1352.18841   33   36  508.00000 1533.25577   202%   2.4  545s
 1132968 840357 1282.85198   34   34  508.00000 1532.75077   202%   2.4  550s
 1142085 847009 1398.46403   32   38  508.00000 1532.22613   202%   2.4  555s
 1150690 853403  545.54847   51   13  508.00000 1531.66878   202%   2.4  560s
 1160473 860404 1203.59049   34   33  508.00000 1531.10531   201%   2.4  565s
 1169477 866964 1495.09148   28   41  508.00000 1530.51505   201%   2.4  570s
 1176089 871748 1357.74418   33   36  508.00000 1530.03315   201%   2.4  575s
 1185199 878384  610.26856   51   15  508.00000 1529.46919   201%   2.4  580s
 1194134 884855 1447.63924   28   41  508.00000 1528.91435   201%   2.4  585s
 1202906 891263 1261.28208   34   35  508.00000 1528.36084   201%   2.4  590s
 1211334 897327  869.21478   45   23  508.00000 1527.85809   201%   2.4  595s
 1220552 904074 1261.36735   35   35  508.00000 1527.26522   201%   2.4  600s
 1229603 910682 1083.08699   35   31  508.00000 1526.76158   201%   2.4  605s
 1238818 917253 1491.80777   26   42  508.00000 1526.23955   200%   2.4  610s
 1246249 922607 1240.27586   31   36  508.00000 1525.80485   200%   2.4  615s
 1254734 928822 1114.41161   41   27  508.00000 1525.39693   200%   2.4  620s
 1263490 935254  965.32819   36   30  508.00000 1524.89250   200%   2.4  625s
 1272746 941977 1358.66582   31   37  508.00000 1524.38914   200%   2.4  630s
 1283100 949532 1433.22903   29   40  508.00000 1523.80079   200%   2.4  635s
 1291735 955810  878.20179   43   22  508.00000 1523.31297   200%   2.4  640s
 1299635 961572     cutoff   53       508.00000 1522.88620   200%   2.4  645s
 1307776 967444 1244.68822   33   36  508.00000 1522.46147   200%   2.4  650s
 1314308 972202 1328.11063   32   36  508.00000 1522.14239   200%   2.4  655s
 1323643 978910  978.78178   42   26  508.00000 1521.62847   200%   2.4  660s
 1332787 985534 1414.18997   27   40  508.00000 1521.10847   199%   2.4  665s
 1341482 991713 1134.59713   36   31  508.00000 1520.67339   199%   2.4  670s
 1350612 998206 1251.23686   34   33  508.00000 1520.16746   199%   2.4  675s
 1359806 1004761 1132.01409   39   30  508.00000 1519.67856   199%   2.4  680s
 1368708 1011302  590.82213   45   18  508.00000 1519.21318   199%   2.4  685s
 1375919 1016439  861.31109   35   26  508.00000 1518.83486   199%   2.4  690s
 1384763 1022893 1489.17072   26   40  508.00000 1518.38978   199%   2.4  695s
 1393367 1029121  956.27853   39   25  508.00000 1517.97459   199%   2.4  700s
 1402553 1035697 1441.17027   29   40  508.00000 1517.48737   199%   2.4  705s
 1411135 1042000 1371.47353   32   38  508.00000 1517.09424   199%   2.4  710s
 1420149 1048611 1343.35965   35   35  508.00000 1516.69131   199%   2.4  715s
 1428883 1054981  742.56904   44   21  508.00000 1516.24984   198%   2.4  720s
 1434932 1059395  895.87010   42   23  508.00000 1515.91951   198%   2.4  725s
 1443526 1065658 1158.84229   36   30  508.00000 1515.51690   198%   2.4  730s
 1452627 1072176 1444.72945   28   39  508.00000 1515.04343   198%   2.4  735s
 1461452 1078465 1131.00827   34   33  508.00000 1514.62759   198%   2.4  740s
 1470197 1084998 1140.07503   38   30  508.00000 1514.15132   198%   2.4  745s
 1479028 1091457  539.22300   57    9  508.00000 1513.68472   198%   2.4  750s
 1487741 1097884  615.16503   53   11  508.00000 1513.26069   198%   2.4  755s
 1495253 1103252 1085.48249   33   31  508.00000 1512.87729   198%   2.4  760s
 1503737 1109446 1259.20263   32   35  508.00000 1512.42952   198%   2.4  765s
 1512723 1115903  819.15966   43   21  508.00000 1512.03494   198%   2.4  770s
 1521118 1122018 1401.75838   31   37  508.00000 1511.61084   198%   2.4  775s
 1530727 1128880  752.57806   50   18  508.00000 1511.11186   197%   2.4  780s
 1539913 1135515 1472.24457   28   41  508.00000 1510.66212   197%   2.4  785s
 1548774 1141879 1342.16207   32   37  508.00000 1510.27860   197%   2.4  790s
 1557275 1147991 1337.50780   27   36  508.00000 1509.85994   197%   2.4  795s
 1565266 1153752 1321.76349   32   35  508.00000 1509.50914   197%   2.4  800s
 1574458 1160468  830.36625   47   20  508.00000 1509.10401   197%   2.4  805s
 1583978 1167381 1334.02062   30   36  508.00000 1508.64834   197%   2.4  810s
 1593474 1174188 1329.38165   31   38  508.00000 1508.19296   197%   2.4  815s
 1602887 1180968 1166.59958   40   30  508.00000 1507.76805   197%   2.4  820s
 1611760 1187442 1201.98576   35   32  508.00000 1507.34343   197%   2.4  825s
 1619099 1192698 1375.21883   32   36  508.00000 1507.01308   197%   2.4  830s
 1628466 1199545 1418.16536   29   39  508.00000 1506.56646   197%   2.4  835s
 1637642 1206083 1200.51451   34   33  508.00000 1506.13929   196%   2.4  840s
 1646827 1212847  948.16502   39   27  508.00000 1505.70325   196%   2.4  845s
 1654204 1218168 1344.71423   28   36  508.00000 1505.35914   196%   2.4  850s
 1662867 1224325  551.80711   53   12  508.00000 1504.92587   196%   2.4  855s
 1669866 1229367 1469.38460   28   42  508.00000 1504.63501   196%   2.4  860s
 1677148 1234675 1217.87163   36   33  508.00000 1504.34255   196%   2.4  865s
 1686224 1241174 1073.50193   30   31  508.00000 1503.91871   196%   2.4  870s
 1695683 1248002 1222.81604   35   32  508.00000 1503.54597   196%   2.4  875s
 1704218 1254317 1279.59635   33   36  508.00000 1503.24576   196%   2.4  880s
 1712564 1260433 1465.72729   30   40  508.00000 1502.88519   196%   2.4  885s
 1721637 1266860  800.26482   38   25  508.00000 1502.52330   196%   2.4  890s
 1731547 1273932 1256.71258   31   37  508.00000 1502.07258   196%   2.4  895s
 1740751 1280616 1469.39645   27   39  508.00000 1501.71409   196%   2.4  900s
 1750281 1287543  737.00694   48   19  508.00000 1501.28612   196%   2.4  905s
 1759388 1294263  610.04392   51   16  508.00000 1500.96880   195%   2.4  910s
 1767716 1300338 1199.90371   31   34  508.00000 1500.62952   195%   2.4  915s
 1775202 1305720  574.96061   48   17  508.00000 1500.35362   195%   2.4  920s
 1784627 1312480 1041.11328   40   27  508.00000 1499.94375   195%   2.4  925s
 1794374 1319319 1415.67245   27   40  508.00000 1499.55506   195%   2.4  930s
 1803872 1326035 1347.55523   29   35  508.00000 1499.20109   195%   2.4  935s
 1813092 1332810 1323.73533   32   35  508.00000 1498.87621   195%   2.4  940s
 1822158 1339338  517.88899   47   17  508.00000 1498.50472   195%   2.4  945s
 1829235 1344473  826.57856   46   20  508.00000 1498.20841   195%   2.4  950s
 1838969 1351356  538.97546   50   16  508.00000 1497.77970   195%   2.4  955s
 1848735 1358368 1060.91488   41   28  508.00000 1497.37569   195%   2.4  960s
 1854527 1362453 1032.83501   39   25  508.00000 1497.15420   195%   2.4  965s
 1863978 1369377  869.94336   38   24  508.00000 1496.75779   195%   2.4  970s
 1871989 1375060 1012.67347   42   27  508.00000 1496.41217   195%   2.4  975s
 1880888 1381581 1157.35481   36   31  508.00000 1496.00502   194%   2.4  980s
 1890103 1388152  973.67684   39   27  508.00000 1495.66974   194%   2.4  985s
 1898935 1394495 1222.05520   35   32  508.00000 1495.29593   194%   2.4  990s
 1908085 1401053  540.18079   53   13  508.00000 1494.96225   194%   2.4  995s
 1917058 1407522 1441.36565   27   40  508.00000 1494.64730   194%   2.4 1000s
 1923674 1412313 1453.36395   28   41  508.00000 1494.42004   194%   2.4 1005s
 1933110 1419108 1122.84747   38   30  508.00000 1494.05857   194%   2.4 1010s
 1942093 1425642 1389.61638   30   38  508.00000 1493.70623   194%   2.4 1015s
 1951634 1432467 1268.96898   31   33  508.00000 1493.32658   194%   2.4 1020s
 1961328 1439489 1427.15574   29   40  508.00000 1492.98137   194%   2.4 1025s
 1970931 1446345  612.91398   52   11  508.00000 1492.64196   194%   2.4 1030s
 1981295 1453702 1112.85188   35   32  508.00000 1492.26312   194%   2.4 1035s
 1990742 1460426 1026.83887   40   26  508.00000 1491.90095   194%   2.4 1040s
 2000834 1467664  929.31516   45   24  508.00000 1491.53764   194%   2.4 1045s
 2010825 1474901 1128.81011   38   30  508.00000 1491.15550   194%   2.4 1050s
 2021638 1482659     cutoff   39       508.00000 1490.73471   193%   2.4 1055s
 2031885 1490121 1184.54118   35   32  508.00000 1490.37007   193%   2.4 1060s
 2042200 1497552 1254.60957   37   32  508.00000 1489.97342   193%   2.4 1066s
 2049806 1502991 1177.32729   36   33  508.00000 1489.69450   193%   2.4 1070s
 2059605 1510115     cutoff   53       508.00000 1489.36373   193%   2.4 1075s
 2069159 1517091  591.22472   43   18  508.00000 1489.01862   193%   2.4 1080s
 2079334 1524443  914.30858   44   22  508.00000 1488.59876   193%   2.4 1085s
 2088998 1531445 1247.23578   37   31  508.00000 1488.22844   193%   2.4 1090s
 2098080 1537931 1170.83071   34   33  508.00000 1487.89052   193%   2.4 1095s
 2108317 1545307 1414.65100   29   37  508.00000 1487.50917   193%   2.4 1100s
 2115934 1550778  680.23537   51   15  508.00000 1487.26210   193%   2.4 1105s
 2125135 1557356  989.06059   43   26  508.00000 1486.93043   193%   2.4 1110s
 2134601 1564210 1287.35732   32   35  508.00000 1486.58759   193%   2.4 1115s
 2144554 1571409  989.02136   37   27  508.00000 1486.27217   193%   2.4 1120s
 2153941 1578240 1346.33436   33   36  508.00000 1485.99866   193%   2.4 1125s
 2164278 1585605 1329.22448   29   36  508.00000 1485.63470   192%   2.4 1130s
 2174297 1592863 1264.62247   34   34  508.00000 1485.23610   192%   2.4 1135s
 2182357 1598561 1270.64155   35   33  508.00000 1484.96502   192%   2.4 1140s
 2192155 1605664 1150.11145   38   32  508.00000 1484.64351   192%   2.4 1145s
 2202125 1612796 1385.23683   28   39  508.00000 1484.29264   192%   2.4 1150s
 2211670 1619615 1216.85703   35   33  508.00000 1483.98956   192%   2.4 1155s
 2221424 1626774 1369.97817   28   38  508.00000 1483.70862   192%   2.4 1160s
 2231518 1634056  886.36678   47   21  508.00000 1483.34086   192%   2.4 1165s
 2241225 1641170 1208.08250   38   32  508.00000 1483.01160   192%   2.4 1170s
 2249815 1647313  563.27524   49   17  508.00000 1482.71756   192%   2.4 1175s
 2260319 1654782  945.46669   41   23  508.00000 1482.36278   192%   2.4 1180s
 2270903 1662405 1181.81091   33   33  508.00000 1481.99148   192%   2.4 1185s
 2281169 1669754 1077.99001   41   28  508.00000 1481.64828   192%   2.4 1190s
 2290952 1676700 1433.63861   29   39  508.00000 1481.36761   192%   2.4 1195s
 2300487 1683574 1171.00951   36   30  508.00000 1481.07449   192%   2.4 1200s
 2310834 1691076 1338.16941   31   37  508.00000 1480.74308   191%   2.4 1205s
 2318337 1696505 1480.47759   24   43  508.00000 1480.53745   191%   2.4 1210s
 2328333 1703728 1370.13954   26   38  508.00000 1480.24498   191%   2.4 1215s
 2338441 1710848     cutoff   57       508.00000 1479.93392   191%   2.4 1220s
 2348261 1718000  893.05548   38   27  508.00000 1479.66244   191%   2.4 1225s
 2358503 1725308 1099.86026   39   30  508.00000 1479.29837   191%   2.4 1230s
 2368663 1732558 1270.95433   34   35  508.00000 1478.99325   191%   2.4 1235s
 2377064 1738474 1389.17510   29   39  508.00000 1478.72100   191%   2.4 1240s
 2387092 1745636 1442.31404   30   39  508.00000 1478.41861   191%   2.4 1245s
 2396826 1752589  804.91200   51   17  508.00000 1478.15883   191%   2.4 1250s
 2407077 1759920 1308.69745   33   35  508.00000 1477.84251   191%   2.4 1255s
 2417151 1767097  557.77985   40   19  508.00000 1477.49890   191%   2.4 1260s
 2426543 1773997  918.76461   41   23  508.00000 1477.23161   191%   2.4 1265s
 2434780 1779975  895.86917   39   25  508.00000 1477.00102   191%   2.4 1270s
 2445008 1787299  802.06587   40   24  508.00000 1476.67023   191%   2.4 1275s
 2455145 1794551  569.09694   52   12  508.00000 1476.35818   191%   2.4 1280s
 2464787 1801371  772.97652   47   19  508.00000 1476.07060   191%   2.4 1285s
 2475121 1808763 1227.31909   37   32  508.00000 1475.77998   191%   2.4 1290s
 2482592 1814064 1013.40817   39   28  508.00000 1475.57355   190%   2.4 1295s
 2493177 1821580 1416.10960   28   39  508.00000 1475.25208   190%   2.4 1300s
 2503784 1829284 1112.78584   33   31  508.00000 1474.90627   190%   2.4 1305s
 2514426 1837050 1177.43735   32   33  508.00000 1474.57982   190%   2.4 1310s
 2525405 1844928 1410.02862   29   38  508.00000 1474.25996   190%   2.4 1315s
 2535897 1852568 1323.95677   28   37  508.00000 1473.95426   190%   2.4 1320s
 2546902 1860393 1279.11606   33   34  508.00000 1473.64117   190%   2.4 1325s
 2555183 1866388 1344.01277   30   37  508.00000 1473.39509   190%   2.4 1330s
 2566082 1874207  905.40396   46   22  508.00000 1473.09046   190%   2.4 1335s
 2575846 1881143     cutoff   42       508.00000 1472.80333   190%   2.4 1340s
 2587592 1889654  721.60405   49   16  508.00000 1472.44936   190%   2.4 1345s
 2597901 1896940 1253.14953   31   36  508.00000 1472.17292   190%   2.4 1350s
 2608323 1904370  868.01307   41   23  508.00000 1471.91657   190%   2.4 1355s
 2616330 1910098 1445.22719   26   40  508.00000 1471.70063   190%   2.4 1360s
 2627032 1917788 1298.83541   33   34  508.00000 1471.38784   190%   2.4 1365s
 2636921 1924816 1395.47226   31   37  508.00000 1471.13154   190%   2.4 1370s
 2647348 1932172 1293.75013   33   34  508.00000 1470.80563   190%   2.4 1375s
 2657009 1939196  760.77935   45   19  508.00000 1470.58865   189%   2.4 1380s
 2667502 1946730  926.25707   39   27  508.00000 1470.30546   189%   2.4 1385s
 2677099 1953873 1352.12911   30   39  508.00000 1470.04368   189%   2.4 1390s
 2685394 1959955 1311.14649   34   35  508.00000 1469.78000   189%   2.4 1395s
 2695674 1967257 1272.18969   31   36  508.00000 1469.49930   189%   2.4 1400s
 2705936 1974651 1045.38597   41   27  508.00000 1469.26174   189%   2.4 1405s
 2716046 1981982 1370.70893   29   37  508.00000 1469.00556   189%   2.4 1410s
 2726631 1989556 1312.41556   30   35  508.00000 1468.70521   189%   2.4 1415s
 2734640 1995251 1436.15404   29   40  508.00000 1468.48133   189%   2.4 1420s
 2743888 2001889 1402.84921   26   39  508.00000 1468.24451   189%   2.4 1425s
 2754438 2009496 1218.94704   33   31  508.00000 1467.98529   189%   2.4 1430s
 2764320 2016507 1292.45536   32   35  508.00000 1467.73699   189%   2.4 1435s
 2774365 2023737  895.59187   42   27  508.00000 1467.45703   189%   2.4 1440s
 2784374 2030882 1394.02409   31   37  508.00000 1467.21533   189%   2.4 1445s
 2792774 2036922 1208.61983   35   33  508.00000 1466.97860   189%   2.4 1450s
 2804102 2044936 1064.21308   38   30  508.00000 1466.68097   189%   2.4 1455s
 2814757 2052593 1419.10360   30   39  508.00000 1466.40135   189%   2.4 1460s
 2825499 2060339 1404.44898   27   38  508.00000 1466.13394   189%   2.4 1465s
 2836333 2068018 1172.88395   39   31  508.00000 1465.86842   189%   2.4 1470s
 2844122 2073748 1071.57519   39   30  508.00000 1465.67806   189%   2.4 1475s
 2853050 2080214 1126.06234   40   29  508.00000 1465.45790   188%   2.4 1480s
 2863068 2087413 1360.23153   27   38  508.00000 1465.20227   188%   2.4 1485s
 2873954 2095168  674.42542   52   14  508.00000 1464.94274   188%   2.4 1490s
 2884110 2102554  569.57547   54   14  508.00000 1464.67965   188%   2.4 1495s
 2895056 2110372  992.66160   39   27  508.00000 1464.39449   188%   2.4 1500s
 2904146 2116921  908.83757   43   20  508.00000 1464.13617   188%   2.4 1505s
 2914951 2124630  610.32578   51   13  508.00000 1463.82834   188%   2.4 1510s
 2925212 2131835 1391.34947   28   40  508.00000 1463.56450   188%   2.4 1515s
 2934532 2138458 1179.00899   38   30  508.00000 1463.36548   188%   2.4 1520s
 2944224 2145475 1192.97924   36   29  508.00000 1463.13248   188%   2.4 1525s
 2952686 2151510  873.41671   45   21  508.00000 1462.89708   188%   2.4 1530s
 2962806 2158759 1020.98071   40   27  508.00000 1462.67444   188%   2.4 1535s
 2972084 2165408 1362.46234   29   38  508.00000 1462.43025   188%   2.4 1540s
 2982180 2172599 1031.63442   41   25  508.00000 1462.17868   188%   2.4 1545s
 2992079 2179662 1088.44736   33   33  508.00000 1461.93984   188%   2.4 1550s
 3000053 2185321  594.33321   52   15  508.00000 1461.73521   188%   2.4 1555s
 3009510 2192085  828.93183   41   22  508.00000 1461.53488   188%   2.4 1560s
 3018870 2198833 1117.04767   34   31  508.00000 1461.30484   188%   2.4 1565s
 3029496 2206397 1427.50266   30   40  508.00000 1461.00883   188%   2.4 1570s
 3039864 2213668 1384.41421   30   37  508.00000 1460.76911   188%   2.4 1575s
 3050410 2221174 1038.19323   38   29  508.00000 1460.49419   187%   2.4 1580s
 3060118 2228183 1356.41238   31   38  508.00000 1460.25904   187%   2.4 1585s
 3067883 2233813  604.65598   43   15  508.00000 1460.05708   187%   2.4 1590s
 3078340 2241184  872.30646   49   19  508.00000 1459.78203   187%   2.4 1595s
 3088918 2248751 1046.18423   36   32  508.00000 1459.53754   187%   2.4 1600s
 3099889 2256646 1149.91515   38   30  508.00000 1459.28785   187%   2.4 1605s
 3109712 2263639  946.36702   43   25  508.00000 1459.01489   187%   2.4 1610s
 3120008 2270979 1187.07573   35   33  508.00000 1458.76459   187%   2.4 1615s
 3130917 2278841  959.05807   42   24  508.00000 1458.49489   187%   2.4 1620s
 3138799 2284564  767.54095   42   21  508.00000 1458.32113   187%   2.4 1625s
 3148888 2291734 1052.08217   43   27  508.00000 1458.08012   187%   2.4 1630s
 3158846 2298874 1124.02904   35   31  508.00000 1457.85837   187%   2.4 1635s
 3168667 2305846 1402.69744   28   39  508.00000 1457.63591   187%   2.4 1640s
 3179550 2313686 1336.41541   27   39  508.00000 1457.38547   187%   2.4 1645s
 3189171 2320636  685.32056   51   17  508.00000 1457.14515   187%   2.4 1650s
 3199556 2328077 1423.60195   31   39  508.00000 1456.90546   187%   2.4 1655s
 3209586 2335140 1089.43231   36   31  508.00000 1456.70168   187%   2.4 1660s
 3217069 2340546 1335.27848   34   35  508.00000 1456.53396   187%   2.4 1665s
 3227593 2348259 1337.50111   33   36  508.00000 1456.28812   187%   2.4 1670s
 3238465 2356029 1049.29414   38   29  508.00000 1456.05259   187%   2.4 1675s
 3248402 2363255 1352.33808   29   40  508.00000 1455.83982   187%   2.4 1680s
 3259164 2370722 1400.67664   29   39  508.00000 1455.59390   187%   2.4 1685s
 3269910 2378481 1077.78801   41   26  508.00000 1455.34445   186%   2.4 1690s
 3278313 2384522  558.72142   53   16  508.00000 1455.17963   186%   2.4 1695s
 3288402 2391628  669.29975   53   16  508.00000 1454.96043   186%   2.4 1700s
 3297747 2398253 1165.75968   38   31  508.00000 1454.74417   186%   2.4 1705s
 3307883 2405464 1362.51573   29   39  508.00000 1454.52793   186%   2.4 1710s
 3317915 2412663 1157.75403   37   30  508.00000 1454.30996   186%   2.4 1715s
 3328671 2420216 1018.81791   42   25  508.00000 1454.07464   186%   2.4 1720s
 3338188 2427134 1369.73539   33   37  508.00000 1453.87521   186%   2.4 1725s
 3346660 2433173 1319.35903   28   35  508.00000 1453.68268   186%   2.4 1730s
 3356676 2440302 1262.68982   32   37  508.00000 1453.47286   186%   2.4 1735s
 3366389 2447285 1372.50339   34   36  508.00000 1453.27006   186%   2.4 1740s
 3376804 2454826 1419.84267   28   40  508.00000 1453.04263   186%   2.4 1745s
 3386472 2461773 1358.03504   32   36  508.00000 1452.80528   186%   2.4 1750s
 3396309 2468735 1207.74345   32   33  508.00000 1452.58793   186%   2.4 1755s
 3404070 2474224 1261.04938   33   34  508.00000 1452.43975   186%   2.4 1760s
 3413852 2481221  861.38099   45   25  508.00000 1452.22933   186%   2.4 1765s
 3422421 2487399 1090.98048   39   28  508.00000 1452.05559   186%   2.4 1770s
 3432277 2494517 1361.94919   33   37  508.00000 1451.85302   186%   2.4 1775s
 3441976 2501480  869.53366   40   25  508.00000 1451.62214   186%   2.4 1780s
 3450918 2507998  766.00660   48   16  508.00000 1451.45062   186%   2.4 1785s
 3461721 2515599 1016.27476   37   26  508.00000 1451.21435   186%   2.4 1790s
 3470289 2521712  728.30693   49   19  508.00000 1451.03965   186%   2.4 1795s
 3479855 2528521  572.20710   52   15  508.00000 1450.84752   186%   2.4 1800s

Explored 3480142 nodes (8448673 simplex iterations) in 1800.16 seconds
Thread count was 4 (of 4 available processors)

Solution count 10: 508 503 501 ... 411
Pool objective bound 1450.5

Time limit reached
Best objective 5.080000000000e+02, best bound 1.450500000000e+03, gap 185.5315%
