
Gurobi 7.0.2 (linux64, Java) logging started Mon 20 May 2019 10:31:28 PM -03

Optimize a model with 40 rows, 40 columns and 120 nonzeros
Model has 792 quadratic objective terms
Variable types: 0 continuous, 40 integer (40 binary)
Coefficient statistics:
  Matrix range     [1e+00, 1e+00]
  Objective range  [0e+00, 0e+00]
  QObjective range [2e+00, 2e+01]
  Bounds range     [1e+00, 1e+00]
  RHS range        [2e+00, 2e+00]
Found heuristic solution: objective -0
Modified 40 Q diagonals
Presolve time: 0.00s
Presolved: 40 rows, 40 columns, 120 nonzeros
Presolved model has 794 quadratic objective terms
Variable types: 0 continuous, 40 integer (40 binary)

Root relaxation: objective 1.034642e+03, 41 iterations, 0.00 seconds

    Nodes    |    Current Node    |     Objective Bounds      |     Work
 Expl Unexpl |  Obj  Depth IntInf | Incumbent    BestBd   Gap | It/Node Time

     0     0 1034.64173    0   40   -0.00000 1034.64173      -     -    0s
H    0     0                      30.0000000 1034.64173  3349%     -    0s
H    0     0                     236.0000000 1034.64173   338%     -    0s
H    0     0                     312.0000000 1034.64173   232%     -    0s
     0     2 1034.64173    0   40  312.00000 1034.64173   232%     -    0s
H   31    34                     319.0000000  954.23552   199%   3.0    0s
H   33    35                     341.0000000  954.23552   180%   3.0    0s
H   35    37                     366.0000000  954.23552   161%   3.0    0s
 129810 55157  565.66114   46   21  366.00000  617.06530  68.6%   2.5    5s
 255978 106127  487.54969   49   19  366.00000  576.54047  57.5%   2.5   10s
 327275 131833  522.17110   45   20  366.00000  562.42549  53.7%   2.5   15s
 400664 156177  482.41500   48   18  366.00000  551.42637  50.7%   2.5   20s
 467963 177172  542.86529   45   23  366.00000  542.86529  48.3%   2.5   25s
 517383 191660  458.37356   52   17  366.00000  537.29862  46.8%   2.5   30s
 567077 205706  496.19212   46   18  366.00000  532.26713  45.4%   2.5   35s
 608093 216673  372.51142   52   14  366.00000  528.45590  44.4%   2.5   40s
 647750 227129  494.64083   47   19  366.00000  525.02434  43.4%   2.5   45s
 683412 236017  388.46383   53   14  366.00000  522.06687  42.6%   2.5   50s
 714807 243549  437.05713   51   15  366.00000  519.56962  42.0%   2.5   55s
 746864 251216  395.19889   53   14  366.00000  517.11119  41.3%   2.5   60s
 776136 257855  414.50537   52   15  366.00000  515.00146  40.7%   2.5   65s
 805562 264335  482.55319   47   20  366.00000  512.96891  40.2%   2.5   70s
 830814 269731  471.22676   47   17  366.00000  511.26672  39.7%   2.5   75s
 859221 275591  509.47286   48   19  366.00000  509.47286  39.2%   2.5   80s
 885605 280966  366.74013   52   18  366.00000  507.79474  38.7%   2.5   85s
 912436 286293  461.47779   50   18  366.00000  506.09791  38.3%   2.5   90s
 937341 291117  415.29582   55   14  366.00000  504.62374  37.9%   2.5   95s
 960933 295464  392.15383   54   12  366.00000  503.26481  37.5%   2.5  100s
 985435 299883  501.89564   46   20  366.00000  501.89564  37.1%   2.5  105s
 1008402 303940  392.31569   53   15  366.00000  500.66439  36.8%   2.5  110s
 1029723 307698  378.14606   53   14  366.00000  499.53337  36.5%   2.5  115s
 1053206 311672  439.52073   53   16  366.00000  498.30277  36.1%   2.5  120s
 1072279 314882  394.20704   49   17  366.00000  497.28058  35.9%   2.5  125s
 1092637 318189  496.25859   50   18  366.00000  496.25859  35.6%   2.5  130s
 1113060 321374  473.09956   46   19  366.00000  495.20831  35.3%   2.5  135s
 1131081 324163  377.96898   55   13  366.00000  494.27566  35.0%   2.5  140s
 1152712 327495  473.67774   49   17  366.00000  493.21467  34.8%   2.5  145s
 1172433 330471  450.15967   50   15  366.00000  492.26901  34.5%   2.5  150s
 1189812 333057  447.40192   51   17  366.00000  491.46196  34.3%   2.4  155s
 1208845 335803  421.51181   54   13  366.00000  490.54285  34.0%   2.4  160s
 1225839 338183  373.55428   55   12  366.00000  489.76447  33.8%   2.4  165s
 1243260 340530  473.70402   50   17  366.00000  488.95713  33.6%   2.4  170s
 1261045 342742  458.41047   48   20  366.00000  488.10798  33.4%   2.4  175s
 1276307 344729  467.39982   48   19  366.00000  487.43945  33.2%   2.4  180s
 1294312 346990  432.47699   50   20  366.00000  486.61012  33.0%   2.4  185s
 1311618 349068  367.50347   52   13  366.00000  485.90281  32.8%   2.4  190s
 1329271 351177  381.95569   51   15  366.00000  485.13584  32.6%   2.4  195s
 1344160 352884  400.10824   51   17  366.00000  484.52596  32.4%   2.4  200s
 1362198 355059  401.85842   47   16  366.00000  483.74067  32.2%   2.4  205s
 1378143 356871  461.03581   50   19  366.00000  483.07614  32.0%   2.4  210s
 1397564 359051  464.34452   50   19  366.00000  482.27263  31.8%   2.4  215s
 1416833 361142  418.64093   50   16  366.00000  481.44351  31.5%   2.4  220s
 1434932 362963  429.42976   48   17  366.00000  480.71627  31.3%   2.4  225s
 1454747 364930  386.28391   51   17  366.00000  479.90723  31.1%   2.4  230s
 1471673 366595  434.41312   50   18  366.00000  479.20689  30.9%   2.4  235s
 1491437 368542  372.81735   51   13  366.00000  478.43031  30.7%   2.4  240s
 1511729 370418  442.49791   50   18  366.00000  477.62068  30.5%   2.4  245s
 1529465 371995  416.37341   48   14  366.00000  476.91029  30.3%   2.4  250s
 1548212 373689  464.68172   52   18  366.00000  476.23010  30.1%   2.4  255s
 1568387 375287  367.35874   53   15  366.00000  475.46389  29.9%   2.4  260s
 1586771 376804  385.61733   55   14  366.00000  474.78848  29.7%   2.4  265s
 1606662 378333  408.88040   53   14  366.00000  474.04744  29.5%   2.4  270s
 1623549 379572  417.89301   47   20  366.00000  473.44258  29.4%   2.4  275s
 1644244 380990  374.24857   56   13  366.00000  472.65284  29.1%   2.4  280s
 1664087 382320     cutoff   52       366.00000  471.95269  28.9%   2.4  285s
 1682611 383471  411.73849   49   15  366.00000  471.28408  28.8%   2.4  290s
 1702755 384691  374.94488   48   17  366.00000  470.56138  28.6%   2.4  295s
 1722971 385917  433.79442   50   15  366.00000  469.88183  28.4%   2.4  300s
 1741402 387022  373.64916   51   16  366.00000  469.22906  28.2%   2.4  305s
 1760767 388014  402.73512   54   14  366.00000  468.56349  28.0%   2.4  310s
 1778640 388957  381.42710   51   11  366.00000  467.95987  27.9%   2.4  315s
 1795398 389723  371.34138   53   12  366.00000  467.40046  27.7%   2.4  320s
 1813933 390636  397.80371   49   18  366.00000  466.78649  27.5%   2.4  325s
 1830801 391321  424.17128   55   14  366.00000  466.23727  27.4%   2.4  330s
 1849164 392090  431.05784   47   19  366.00000  465.62415  27.2%   2.4  335s
 1867451 392796  402.24885   46   14  366.00000  465.02040  27.1%   2.4  340s
 1884966 393266  390.70833   48   17  366.00000  464.44809  26.9%   2.4  345s
 1904342 393904  389.81093   57   11  366.00000  463.83542  26.7%   2.4  350s
 1923227 394545  379.47873   50   16  366.00000  463.22134  26.6%   2.4  355s
 1941087 394946  368.17324   55   12  366.00000  462.66014  26.4%   2.4  360s
 1961099 395358  409.93040   49   17  366.00000  462.01827  26.2%   2.4  365s
 1980318 395706  436.80139   50   19  366.00000  461.42237  26.1%   2.4  370s
 1997714 396038     cutoff   51       366.00000  460.87654  25.9%   2.4  375s
 2015289 396219  459.81760   51   18  366.00000  460.34018  25.8%   2.4  380s
 2031966 396472  379.70485   54   15  366.00000  459.80262  25.6%   2.4  385s
 2048286 396515  459.29815   49   19  366.00000  459.29815  25.5%   2.4  390s
 2064634 396564  445.46775   51   16  366.00000  458.83128  25.4%   2.4  395s
 2079825 396667  438.17109   52   17  366.00000  458.37253  25.2%   2.4  400s
 2096649 396696  368.84807   50   14  366.00000  457.84861  25.1%   2.4  405s
 2113638 396744  422.34539   48   13  366.00000  457.36926  25.0%   2.4  410s
 2130557 396641  456.86186   44   18  366.00000  456.86186  24.8%   2.4  415s
 2145349 396616  384.58383   49   19  366.00000  456.42753  24.7%   2.4  420s
 2162625 396414  388.58938   54   16  366.00000  455.92333  24.6%   2.4  425s
 2180637 396247  371.63753   50   15  366.00000  455.39960  24.4%   2.4  430s
 2198605 395969  369.31462   52   16  366.00000  454.87024  24.3%   2.4  435s
 2216055 395824  389.40827   49   18  366.00000  454.35652  24.1%   2.4  440s
 2232418 395491  399.10995   51   15  366.00000  453.87314  24.0%   2.4  445s
 2249256 395184  430.10714   50   18  366.00000  453.39961  23.9%   2.4  450s
 2266721 394897  380.50011   55   15  366.00000  452.90653  23.7%   2.4  455s
 2282508 394488  420.61737   51   19  366.00000  452.45680  23.6%   2.4  460s
 2300208 394002  374.65023   50   17  366.00000  451.92418  23.5%   2.4  465s
 2318383 393469  428.74681   49   16  366.00000  451.41001  23.3%   2.4  470s
 2333049 392959  408.82645   52   18  366.00000  450.98962  23.2%   2.4  475s
 2349922 392402  394.78737   48   16  366.00000  450.50591  23.1%   2.4  480s
 2368428 391761  378.28731   46   17  366.00000  449.98119  22.9%   2.4  485s
 2384806 391094  391.27804   52   17  366.00000  449.54007  22.8%   2.4  490s
 2402462 390384  381.62481   53   17  366.00000  449.05207  22.7%   2.4  495s
 2420131 389636  387.44957   52   16  366.00000  448.58637  22.6%   2.4  500s
 2435874 388860     cutoff   54       366.00000  448.13512  22.4%   2.4  505s
 2453697 388023  428.03867   53   12  366.00000  447.63572  22.3%   2.4  510s
 2470986 387131  447.16721   52   17  366.00000  447.16721  22.2%   2.4  515s
 2488342 386285  408.89342   51   13  366.00000  446.68509  22.0%   2.4  520s
 2504662 385380  395.02773   51   13  366.00000  446.23606  21.9%   2.4  525s
 2522433 384385  445.74108   48   19  366.00000  445.74108  21.8%   2.4  530s
 2540864 383299  395.44616   51   15  366.00000  445.22840  21.6%   2.4  535s
 2557323 382277  414.83712   52   16  366.00000  444.80210  21.5%   2.4  540s
 2574955 381142  370.45251   53   15  366.00000  444.31647  21.4%   2.4  545s
 2591539 379997  405.47134   51   15  366.00000  443.86630  21.3%   2.4  550s
 2607244 378840  433.70846   52   17  366.00000  443.43466  21.2%   2.4  555s
 2624533 377547  411.78491   51   15  366.00000  442.95889  21.0%   2.4  560s
 2639197 376462  442.56206   49   20  366.00000  442.56206  20.9%   2.4  565s
 2655438 375188  442.12930   47   16  366.00000  442.12930  20.8%   2.4  570s
 2672083 373865  427.06821   50   19  366.00000  441.66858  20.7%   2.4  575s
 2688044 372537  397.28721   54   14  366.00000  441.24290  20.6%   2.4  580s
 2703855 371252  420.09813   52   16  366.00000  440.81552  20.4%   2.4  585s
 2721404 369696  372.13667   51   14  366.00000  440.34704  20.3%   2.4  590s
 2739148 368097  385.43281   51   18  366.00000  439.86099  20.2%   2.4  595s
 2755623 366611  429.19186   52   18  366.00000  439.43244  20.1%   2.4  600s
 2773233 364961  376.21000   51   16  366.00000  438.98129  19.9%   2.4  605s
 2790365 363260  438.53155   50   19  366.00000  438.53853  19.8%   2.4  610s
 2807559 361511  438.08230   49   20  366.00000  438.08230  19.7%   2.4  615s
 2824356 359779  437.21471   49   17  366.00000  437.64128  19.6%   2.4  620s
 2839065 358229  388.48029   51   17  366.00000  437.24268  19.5%   2.4  625s
 2855988 356429  388.46259   53   14  366.00000  436.78364  19.3%   2.4  630s
 2873269 354496  436.32171   50   19  366.00000  436.32171  19.2%   2.4  635s
 2891629 352404  425.63570   53   13  366.00000  435.80130  19.1%   2.4  640s
 2907724 350525  435.38254   47   18  366.00000  435.38254  19.0%   2.4  645s
 2926528 348300     cutoff   55       366.00000  434.87992  18.8%   2.4  650s
 2945019 346049  434.37735   54   12  366.00000  434.37735  18.7%   2.4  655s
 2961595 344003  406.67139   54   11  366.00000  433.95035  18.6%   2.4  660s
 2980539 341608  404.96923   48   17  366.00000  433.44438  18.4%   2.4  665s
 2998751 339200  399.28339   49   18  366.00000  432.95539  18.3%   2.4  670s
 3013885 337175  432.55380   48   19  366.00000  432.55380  18.2%   2.4  675s
 3030394 334927  388.50727   50   15  366.00000  432.12180  18.1%   2.4  680s
 3047841 332523  431.65782   52   15  366.00000  431.65782  17.9%   2.4  685s
 3064782 330162  428.85236   51   17  366.00000  431.21816  17.8%   2.4  690s
 3080534 327918  430.78875   49   20  366.00000  430.78875  17.7%   2.4  695s
 3097515 325396  430.25076   49   18  366.00000  430.32238  17.6%   2.4  700s
 3114454 322877  429.85406   52   15  366.00000  429.85406  17.4%   2.4  705s
 3130121 320512  393.44693   51   15  366.00000  429.43960  17.3%   2.4  710s
 3147001 317879  428.97775   46   18  366.00000  428.97775  17.2%   2.4  715s
 3163658 315255  428.50695   54   13  366.00000  428.50695  17.1%   2.4  720s
 3179552 312714  424.84374   49   14  366.00000  428.07633  17.0%   2.4  725s
 3193518 310462  427.68451   48   18  366.00000  427.68451  16.9%   2.4  730s
 3209149 307865  427.23524   55   13  366.00000  427.23524  16.7%   2.4  735s
 3225589 305090  403.47932   50   18  366.00000  426.76404  16.6%   2.4  740s
 3241285 302392  426.31240   50   20  366.00000  426.31240  16.5%   2.4  745s
 3256487 299748  409.66011   53   12  366.00000  425.88360  16.4%   2.4  750s
 3273717 296720  423.72594   52   16  366.00000  425.39009  16.2%   2.4  755s
 3289344 294005  424.94161   50   17  366.00000  424.94161  16.1%   2.4  760s
 3305219 290979  424.47936   48   18  366.00000  424.47936  16.0%   2.4  765s
 3322700 287740  401.84425   47   16  366.00000  423.96931  15.8%   2.4  770s
 3338849 284746  423.50005   49   16  366.00000  423.50005  15.7%   2.4  775s
 3356666 281309  422.74865   50   18  366.00000  422.99110  15.6%   2.4  780s
 3371433 278418  422.55984   50   13  366.00000  422.55984  15.5%   2.4  785s
 3387867 275200  422.06749   50   16  366.00000  422.06749  15.3%   2.4  790s
 3404858 271784  401.13882   53   16  366.00000  421.56223  15.2%   2.4  795s
 3421078 268432  418.73709   51   18  366.00000  421.05958  15.0%   2.4  800s
 3438880 264782  420.51811   49   16  366.00000  420.51811  14.9%   2.4  805s
 3454629 261471  420.03258   50   17  366.00000  420.03258  14.8%   2.4  810s
 3472857 257530  419.46881   52   15  366.00000  419.46881  14.6%   2.4  815s
 3490710 253666  414.85033   51   15  366.00000  418.88079  14.4%   2.4  820s
 3506044 250270  418.39340   50   14  366.00000  418.39340  14.3%   2.4  825s
 3522954 246484  417.85523   47   19  366.00000  417.85523  14.2%   2.4  830s
 3536536 243415  417.41056   52   17  366.00000  417.41056  14.0%   2.4  835s
 3553026 239600  416.87463   50   17  366.00000  416.87463  13.9%   2.4  840s
 3569064 235784  415.09499   51   15  366.00000  416.32399  13.7%   2.4  845s
 3583216 232372  407.54743   51   16  366.00000  415.83564  13.6%   2.4  850s
 3599947 228293  415.24425   50   15  366.00000  415.24425  13.5%   2.4  855s
 3616399 224274  414.66720   54   13  366.00000  414.66720  13.3%   2.4  860s
 3633168 220016  414.06779   51   17  366.00000  414.06779  13.1%   2.4  865s
 3649061 215923  413.48261   48   18  366.00000  413.48261  13.0%   2.4  870s
 3659990 213085  413.07966   53   16  366.00000  413.07966  12.9%   2.4  875s
 3677728 208392  380.78679   52   17  366.00000  412.40396  12.7%   2.4  880s
 3695139 203714  386.30570   50   15  366.00000  411.73033  12.5%   2.4  885s
 3711781 199104  409.34626   50   19  366.00000  411.08011  12.3%   2.4  890s
 3726824 194886  410.48713   51   15  366.00000  410.48713  12.2%   2.4  895s
 3743526 190106  400.68063   51   14  366.00000  409.78513  12.0%   2.4  900s
 3758484 185706  409.14869   50   15  366.00000  409.14869  11.8%   2.4  905s
 3774974 180755  398.74775   51   14  366.00000  408.42013  11.6%   2.4  910s
 3791123 175829  407.00819   51   18  366.00000  407.69368  11.4%   2.4  915s
 3806065 171128  407.01596   47   18  366.00000  407.01596  11.2%   2.4  920s
 3822718 165753  406.21297   51   14  366.00000  406.21297  11.0%   2.4  925s
 3839488 160212  405.37893   52   16  366.00000  405.37893  10.8%   2.4  930s
 3854048 155382  404.64898   51   19  366.00000  404.64898  10.6%   2.4  935s
 3867724 150591  403.84189   50   17  366.00000  403.91757  10.4%   2.4  940s
 3883962 144795  403.02638   49   15  366.00000  403.02638  10.1%   2.4  945s
 3900219 138832  401.20883   52   17  366.00000  402.08467  9.86%   2.4  950s
 3914335 133544  401.24870   54   12  366.00000  401.24870  9.63%   2.4  955s
 3931277 126992  398.39481   53   15  366.00000  400.18184  9.34%   2.4  960s
 3945607 121238  399.17789   51   17  366.00000  399.21586  9.08%   2.4  965s
 3960843 114940  389.92958   52   16  366.00000  398.14303  8.78%   2.4  970s
 3972737 109879  388.98373   53   13  366.00000  397.25553  8.54%   2.4  975s
 3987443 103327  396.07297   51   16  366.00000  396.07297  8.22%   2.4  980s
 4001027 97027  387.21529   52   16  366.00000  394.87662  7.89%   2.4  985s
 4013366 91105  369.11300   55   12  366.00000  393.76324  7.59%   2.4  990s
 4028840 83377  392.03309   50   18  366.00000  392.23394  7.17%   2.4  995s
 4042583 76118  390.72615   53   14  366.00000  390.72615  6.76%   2.4 1000s
 4058469 67214  388.66955   51   16  366.00000  388.76982  6.22%   2.4 1005s
 4071582 59464  373.32159   51   15  366.00000  386.96575  5.73%   2.4 1010s
 4084569 51149  384.86464   50   15  366.00000  384.86464  5.15%   2.4 1015s
 4098121 41825  382.35493   52   15  366.00000  382.35493  4.47%   2.4 1020s
 4110559 32417  379.50503   53   14  366.00000  379.50503  3.69%   2.4 1025s
 4121026 23834  375.16497   51   15  366.00000  376.65710  2.91%   2.4 1030s
 4132349 13502  372.76271   52   14  366.00000  372.82874  1.87%   2.4 1035s
 4143634  2666  367.90379   48   17  366.00000  367.90379  0.52%   2.4 1040s

Explored 4146401 nodes (9981022 simplex iterations) in 1041.37 seconds
Thread count was 4 (of 4 available processors)

Solution count 7: 366 341 319 ... -0
Pool objective bound 366

Optimal solution found (tolerance 1.00e-04)
Best objective 3.660000000000e+02, best bound 3.660000000000e+02, gap 0.0000%
