
Gurobi 7.0.2 (linux64, Java) logging started Mon 20 May 2019 10:31:52 PM -03

Optimize a model with 80 rows, 80 columns and 240 nonzeros
Model has 3096 quadratic objective terms
Variable types: 0 continuous, 80 integer (80 binary)
Coefficient statistics:
  Matrix range     [1e+00, 1e+00]
  Objective range  [0e+00, 0e+00]
  QObjective range [2e+00, 2e+01]
  Bounds range     [1e+00, 1e+00]
  RHS range        [2e+00, 2e+00]
Found heuristic solution: objective -0
Modified 80 Q diagonals
Presolve time: 0.00s
Presolved: 80 rows, 80 columns, 240 nonzeros
Presolved model has 3099 quadratic objective terms
Variable types: 0 continuous, 80 integer (80 binary)

Root relaxation: objective 4.070031e+03, 81 iterations, 0.00 seconds

    Nodes    |    Current Node    |     Objective Bounds      |     Work
 Expl Unexpl |  Obj  Depth IntInf | Incumbent    BestBd   Gap | It/Node Time

     0     0 4070.03089    0   80   -0.00000 4070.03089      -     -    0s
H    0     0                     474.0000000 4070.03089   759%     -    0s
H    0     0                     622.0000000 4070.03089   554%     -    0s
H    0     0                     728.0000000 4070.03089   459%     -    0s
     0     2 4070.03089    0   80  728.00000 4070.03089   459%     -    0s
H  145   144                     746.0000000 3902.24655   423%   3.1    0s
H  145   144                     782.0000000 3902.24655   399%   3.1    0s
H  211   211                     812.0000000 3902.24655   381%   3.0    0s
H  711   649                     839.0000000 3876.45374   362%   2.9    0s
H 1328  1098                     842.0000000 3811.73236   353%   2.9    1s
H 2076  1407                     851.0000000 3811.73236   348%   2.8    1s
 12635  9757 2339.50087   45   43  851.00000 3597.88624   323%   2.6    5s
 28382 22769 2455.59005   40   47  851.00000 3524.53039   314%   2.5   10s
 40776 32893 2312.42178   43   45  851.00000 3492.14819   310%   2.5   15s
 54510 44289 1607.19799   58   28  851.00000 3465.20149   307%   2.5   20s
 67345 54809 1514.25337   56   26  851.00000 3445.79262   305%   2.5   25s
 78701 64051 2365.00853   38   47  851.00000 3429.72961   303%   2.5   30s
 87484 71264 2010.40125   49   36  851.00000 3418.01161   302%   2.5   35s
 97679 79609 1841.03759   51   31  851.00000 3409.68522   301%   2.5   40s
 107666 87748 2112.93203   47   41  851.00000 3400.33672   300%   2.5   45s
 117924 95985 2698.03800   31   52  851.00000 3391.11852   298%   2.5   50s
 127963 104208 2197.78458   46   42  851.00000 3383.75238   298%   2.5   55s
 136998 111652 2483.13987   39   47  851.00000 3376.55453   297%   2.5   60s
 146124 119301 2161.32580   45   42  851.00000 3369.87138   296%   2.5   65s
 154634 126207  872.10631   73   11  851.00000 3365.07525   295%   2.5   70s
 161373 131717 2186.69058   48   39  851.00000 3361.94061   295%   2.5   75s
 169326 138066 2537.46644   37   49  851.00000 3356.96666   294%   2.5   80s
 177381 144654 1885.20580   50   35  851.00000 3352.78617   294%   2.5   85s
 184057 150192  968.48649   73   15  851.00000 3349.81599   294%   2.5   90s
 191678 156387 2441.39422   41   46  851.00000 3346.59208   293%   2.5   95s
 198390 162039 1905.05853   53   34  851.00000 3343.60814   293%   2.5  100s
 204809 167183 2715.02655   29   52  851.00000 3340.71953   293%   2.5  105s
 209469 170994 2716.47955   31   53  851.00000 3338.43479   292%   2.5  110s
 215951 176287 1856.28735   50   35  851.00000 3334.98871   292%   2.5  115s
 221626 181038 2047.90900   35   41  851.00000 3332.51406   292%   2.5  120s
 228366 186541 1567.65569   52   32  851.00000 3329.92087   291%   2.5  125s
 234674 191645 1348.96587   58   26  851.00000 3326.35992   291%   2.5  130s
 241109 196813 2049.73479   50   38  851.00000 3323.56442   291%   2.5  135s
 246920 201542 1823.93000   52   34  851.00000 3320.76487   290%   2.5  140s
 253171 206635 2229.66914   45   42  851.00000 3318.19745   290%   2.5  145s
 258790 211247 2189.08023   46   42  851.00000 3315.35775   290%   2.5  150s
 264403 215811 3094.93139   27   62  851.00000 3313.14708   289%   2.5  155s
 268476 219156 2010.58202   49   37  851.00000 3311.62256   289%   2.5  160s
 273453 223301 2570.99664   37   50  851.00000 3310.22937   289%   2.5  165s
 279624 228288 2420.76301   44   46  851.00000 3307.44838   289%   2.5  170s
 285721 233302 2474.66217   40   47  851.00000 3305.41872   288%   2.5  175s
 290704 237479 1607.10654   62   24  851.00000 3304.15755   288%   2.5  180s
 297304 242881 1619.16082   61   26  851.00000 3301.96860   288%   2.5  185s
 303667 248070 1546.30384   59   28  851.00000 3299.86687   288%   2.5  190s
 309824 253133 2073.84791   49   38  851.00000 3298.22004   288%   2.5  195s
 316635 258680  873.52251   77   10  851.00000 3296.09272   287%   2.5  200s
 321158 262348 2240.45273   45   42  851.00000 3294.75647   287%   2.5  205s
 326360 266606 2811.40214   30   55  851.00000 3293.42041   287%   2.5  210s
 332795 271982 1196.16920   66   21  851.00000 3291.72818   287%   2.5  215s
 339295 277260 1250.34342   66   23  851.00000 3289.84919   287%   2.5  220s
 345270 282134 2481.27549   37   48  851.00000 3288.22220   286%   2.5  225s
 351084 286942 1781.50966   43   36  851.00000 3286.78400   286%   2.5  230s
 357519 292082 2037.00840   47   39  851.00000 3285.03282   286%   2.5  235s
 364043 297368 1997.23719   44   40  851.00000 3283.50439   286%   2.5  240s
 370876 302905 2131.94949   47   41  851.00000 3281.82860   286%   2.5  245s
 376690 307797 1243.56593   66   21  851.00000 3280.53871   285%   2.5  250s
 383062 313066 2544.30565   35   50  851.00000 3278.81925   285%   2.5  255s
 389531 318399 1137.94150   68   20  851.00000 3277.45541   285%   2.5  260s
 394434 322483 1644.08831   48   35  851.00000 3276.28532   285%   2.5  265s
 400081 327069 1408.93791   60   25  851.00000 3274.82580   285%   2.5  270s
 407083 332769 1156.86045   65   20  851.00000 3273.13201   285%   2.5  275s
 413829 338165  996.60388   74   14  851.00000 3271.34177   284%   2.5  280s
 419566 342764 1180.96159   64   15  851.00000 3270.17794   284%   2.5  285s
 426013 348109 1625.09605   49   31  851.00000 3268.49993   284%   2.5  290s
 432772 353651 1448.34766   61   28  851.00000 3266.78879   284%   2.5  295s
 438512 358340 2147.44949   39   43  851.00000 3265.50039   284%   2.5  300s
 444247 363003 2992.40892   26   57  851.00000 3264.26843   284%   2.5  305s
 451846 369186 3035.80132   28   60  851.00000 3262.62117   283%   2.5  310s
 457699 373984 2306.24546   41   43  851.00000 3261.28911   283%   2.5  315s
 464677 379597 1605.77979   61   27  851.00000 3259.80775   283%   2.5  320s
 470629 384506 1560.64693   61   28  851.00000 3258.54864   283%   2.5  325s
 477738 390259 2273.99732   43   42  851.00000 3257.13061   283%   2.5  330s
 484098 395399 1607.89278   58   26  851.00000 3255.96056   283%   2.5  335s
 491370 401253 1251.68355   67   19  851.00000 3254.54955   282%   2.5  340s
 495731 404831  894.38065   62   16  851.00000 3253.70528   282%   2.5  345s
 501216 409310 2166.18760   40   44  851.00000 3252.89800   282%   2.5  350s
 507632 414432 1561.80874   56   29  851.00000 3251.41383   282%   2.5  355s
 513225 419009 2288.05211   44   44  851.00000 3250.41204   282%   2.5  360s
 518550 423273 2416.88857   42   45  851.00000 3249.45762   282%   2.5  365s
 523624 427416 1250.73473   54   27  851.00000 3248.84586   282%   2.5  370s
 529212 431981 2180.46439   45   43  851.00000 3247.86730   282%   2.5  375s
 535049 436671 2072.48537   43   42  851.00000 3246.99291   282%   2.5  380s
 541012 441529 2313.61460   44   45  851.00000 3245.78345   281%   2.5  385s
 547125 446574 2056.77775   48   40  851.00000 3244.62558   281%   2.5  390s
 552988 451334 2585.09535   39   50  851.00000 3243.61712   281%   2.5  395s
 556667 454327     cutoff   55       851.00000 3242.86526   281%   2.5  400s
 561976 458601 2272.60705   43   44  851.00000 3242.05775   281%   2.5  405s
 567935 463319 2047.22339   47   39  851.00000 3241.06992   281%   2.5  410s
 574270 468552 1228.70282   64   21  851.00000 3239.94082   281%   2.5  415s
 580306 473565 2163.69953   44   42  851.00000 3238.93152   281%   2.5  420s
 586379 478477 2523.66213   33   49  851.00000 3238.12319   281%   2.5  425s
 592020 483150 2458.68445   36   47  851.00000 3237.19143   280%   2.5  430s
 597932 487957 1974.21418   48   39  851.00000 3236.18058   280%   2.5  435s
 603998 492898 2241.68445   44   43  851.00000 3235.21132   280%   2.5  440s
 609357 497359 2739.30310   33   54  851.00000 3234.35422   280%   2.5  445s
 615437 502274 2437.59776   38   47  851.00000 3233.15266   280%   2.5  450s
 621160 506813  888.37054   50   23  851.00000 3232.39345   280%   2.5  455s
 626823 511436 2481.47261   38   48  851.00000 3231.33830   280%   2.5  460s
 631282 515005 1304.62149   56   24  851.00000 3230.64347   280%   2.5  465s
 636559 519376 1401.18838   65   21  851.00000 3229.92122   280%   2.5  470s
 642726 524422 2334.56947   41   45  851.00000 3228.86511   279%   2.5  475s
 649135 529643 2144.58264   43   42  851.00000 3227.94319   279%   2.5  480s
 654412 533995 2156.85897   46   41  851.00000 3227.27624   279%   2.5  485s
 660327 538818  906.20087   66   16  851.00000 3226.35098   279%   2.5  490s
 666100 543504  982.34925   55   24  851.00000 3225.46580   279%   2.5  495s
 671524 548092 2416.84928   38   44  851.00000 3224.85993   279%   2.5  500s
 676756 552327 1656.24698   57   32  851.00000 3224.12410   279%   2.5  505s
 682139 556689 1795.97016   55   32  851.00000 3223.43370   279%   2.5  510s
 688005 561537 2426.90342   41   46  851.00000 3222.53382   279%   2.5  516s
 691616 564449  881.57624   63   18  851.00000 3222.00951   279%   2.5  520s
 698081 569705 1078.83532   67   15  851.00000 3220.93951   278%   2.5  525s
 703523 574195 2495.77980   36   47  851.00000 3220.38303   278%   2.5  530s
 709685 579169 2257.27339   42   45  851.00000 3219.64923   278%   2.5  535s
 715193 583676 2579.37685   34   51  851.00000 3218.70448   278%   2.5  540s
 720918 588344 2428.11132   42   45  851.00000 3218.16137   278%   2.5  545s
 726639 593005 2236.95414   42   43  851.00000 3217.49262   278%   2.5  550s
 731948 597318 2244.68115   42   45  851.00000 3216.88596   278%   2.5  555s
 738465 602549 2551.87908   34   48  851.00000 3215.99668   278%   2.5  560s
 744343 607173 2153.27979   44   41  851.00000 3215.12819   278%   2.5  565s
 750354 612100 1902.49309   53   35  851.00000 3214.43336   278%   2.5  570s
 755990 616735 2593.38941   32   50  851.00000 3213.55197   278%   2.5  575s
 762321 621901 2108.23562   44   39  851.00000 3212.65404   278%   2.5  580s
 766627 625405  963.41326   71   13  851.00000 3212.11402   277%   2.5  585s
 772262 629935 2008.98956   44   41  851.00000 3211.40401   277%   2.5  590s
 777918 634547 2255.09022   43   45  851.00000 3210.73286   277%   2.5  595s
 783836 639228 2916.55159   28   59  851.00000 3210.04070   277%   2.5  600s
 789547 643817 1209.64643   62   17  851.00000 3209.31826   277%   2.5  605s
 794827 648296 1794.34375   51   30  851.00000 3208.85131   277%   2.5  610s
 800650 652865 3020.97134   28   61  851.00000 3207.99781   277%   2.5  615s
 806231 657498 1344.49148   62   24  851.00000 3207.27219   277%   2.5  620s
 812625 662513 2151.12692   39   44  851.00000 3206.63183   277%   2.5  625s
 818244 667039 1799.08815   44   35  851.00000 3205.86025   277%   2.5  630s
 823971 671686 2306.41402   42   45  851.00000 3205.21235   277%   2.5  635s
 829097 675919 2107.01790   47   40  851.00000 3204.58686   277%   2.5  640s
 834707 680377 1044.48269   67   18  851.00000 3204.07765   277%   2.5  645s
 839019 683902 2508.18277   36   50  851.00000 3203.49914   276%   2.5  650s
 844884 688665 1559.64922   59   27  851.00000 3202.83293   276%   2.5  655s
 851284 693845 2134.18824   46   41  851.00000 3202.18990   276%   2.5  660s
 857312 698709 1848.69283   53   34  851.00000 3201.53976   276%   2.5  665s
 862917 703231 1487.46849   60   26  851.00000 3200.75566   276%   2.5  670s
 868911 708004 1748.64378   56   30  851.00000 3200.03797   276%   2.5  675s
 874873 712886 2510.10276   38   50  851.00000 3199.29274   276%   2.5  680s
 880209 717244 2429.26245   39   47  851.00000 3198.67459   276%   2.5  685s
 885287 721316 1590.29835   55   29  851.00000 3198.06701   276%   2.5  690s
 891848 726550 2037.76828   43   42  851.00000 3197.33801   276%   2.5  695s
 895789 729703 1788.07687   50   34  851.00000 3196.94292   276%   2.5  700s
 901066 734085 1835.64060   43   37  851.00000 3196.50285   276%   2.5  705s
 907440 739235 2711.62718   34   54  851.00000 3195.76600   276%   2.5  710s
 913313 743919 2108.70322   46   40  851.00000 3195.19498   275%   2.5  715s
 919431 748959 1726.82956   54   31  851.00000 3194.56824   275%   2.5  720s
 925702 754073 2031.60236   46   35  851.00000 3193.82808   275%   2.5  725s
 931038 758334 1643.47290   51   28  851.00000 3193.31921   275%   2.5  730s
 937333 763366 1577.12756   52   35  851.00000 3192.82632   275%   2.5  735s
 942847 767899 1829.81877   54   33  851.00000 3192.31036   275%   2.5  740s
 948963 772944 2743.04755   32   54  851.00000 3191.59827   275%   2.5  745s
 954543 777531 2396.81991   37   47  851.00000 3191.09740   275%   2.5  750s
 960147 782146 2209.12840   44   43  851.00000 3190.64661   275%   2.5  755s
 963246 784706 2261.46950   40   43  851.00000 3190.44626   275%   2.5  760s
 968595 789099 2299.29835   45   44  851.00000 3189.87671   275%   2.5  765s
 974646 794011 2279.27808   40   43  851.00000 3189.41433   275%   2.5  770s
 980386 798822 2016.03217   48   40  851.00000 3188.81249   275%   2.5  775s
 986212 803560 3039.59625   29   59  851.00000 3188.14837   275%   2.5  780s
 992779 808825 2179.72703   45   41  851.00000 3187.51328   275%   2.5  785s
 999055 813951 1776.54186   57   29  851.00000 3186.91549   274%   2.5  790s
 1005287 818903 2947.76080   29   60  851.00000 3186.21483   274%   2.5  795s
 1011086 823696 1855.17050   53   35  851.00000 3185.64084   274%   2.5  800s
 1017594 828922 1478.94927   60   27  851.00000 3184.99713   274%   2.5  805s
 1023471 833754 1596.23873   58   29  851.00000 3184.45693   274%   2.5  810s
 1029169 838299 2322.57927   40   44  851.00000 3183.88997   274%   2.5  815s
 1033824 842082 2232.47411   45   43  851.00000 3183.42900   274%   2.5  820s
 1040040 847059 2424.25500   40   46  851.00000 3182.60917   274%   2.5  825s
 1046617 852395 2007.11558   42   40  851.00000 3181.96179   274%   2.5  830s
 1053260 857559 2985.64408   28   59  851.00000 3181.30943   274%   2.5  835s
 1059134 862236 2456.50322   36   47  851.00000 3180.83055   274%   2.5  840s
 1065523 867372 2200.29535   44   43  851.00000 3180.11423   274%   2.5  845s
 1069723 870729 1879.86215   53   32  851.00000 3179.70748   274%   2.5  850s
 1075849 875674 2442.39377   36   49  851.00000 3179.16510   274%   2.5  855s
 1081852 880484 2065.28478   45   40  851.00000 3178.52158   274%   2.5  860s
 1088261 885603 1888.46766   49   37  851.00000 3177.99583   273%   2.5  865s
 1094789 890816 2206.94247   43   40  851.00000 3177.40608   273%   2.5  870s
 1100009 895110 2344.35491   41   42  851.00000 3176.91240   273%   2.5  875s
 1106266 900127 1601.94963   55   29  851.00000 3176.29875   273%   2.5  880s
 1109410 902727 1737.80808   56   30  851.00000 3176.13416   273%   2.5  885s
 1116525 908526 1352.65157   63   21  851.00000 3175.48670   273%   2.5  890s
 1122420 913140 2103.91616   48   41  851.00000 3174.96629   273%   2.5  895s
 1127630 917396 3120.45023   27   62  851.00000 3174.56725   273%   2.5  900s
 1133583 922096 1269.70478   62   22  851.00000 3174.15335   273%   2.5  905s
 1138912 926406 1224.53622   62   18  851.00000 3173.77486   273%   2.5  910s
 1145523 931701 1297.39457   65   19  851.00000 3173.17385   273%   2.5  915s
 1152258 937048 2588.89285   35   51  851.00000 3172.69243   273%   2.5  920s
 1158120 941824 2187.51649   38   43  851.00000 3172.10115   273%   2.5  925s
 1161841 944870 2396.04901   39   44  851.00000 3171.78334   273%   2.5  930s
 1167009 949085 3088.19870   25   61  851.00000 3171.19740   273%   2.5  935s
 1173264 954171 2255.28208   45   44  851.00000 3170.74000   273%   2.5  940s
 1178828 958743 2926.94638   29   57  851.00000 3170.26512   273%   2.5  945s
 1184931 963637 1942.49640   41   39  851.00000 3169.82528   272%   2.5  950s
 1190695 968277 2456.91336   37   46  851.00000 3169.28020   272%   2.5  955s
 1196245 972756 2567.02353   38   50  851.00000 3168.79568   272%   2.5  960s
 1202212 977467 1702.95653   56   31  851.00000 3168.36955   272%   2.5  965s
 1208288 982374 1257.17522   64   23  851.00000 3167.89083   272%   2.5  970s
 1214384 987367 2013.08162   50   38  851.00000 3167.44273   272%   2.5  975s
 1220176 992081 1556.35905   58   29  851.00000 3167.00102   272%   2.5  980s
 1227166 997660 1197.91623   56   24  851.00000 3166.29748   272%   2.5  985s
 1231455 1001052 2552.15669   38   49  851.00000 3165.93019   272%   2.5  990s
 1237822 1006006  887.25749   73   14  851.00000 3165.46386   272%   2.5  995s
 1244465 1011228  893.87238   52   19  851.00000 3164.88688   272%   2.5 1000s
 1249953 1015775 1689.38560   57   29  851.00000 3164.66546   272%   2.5 1005s
 1255935 1020588 1845.80320   40   39  851.00000 3164.08487   272%   2.5 1010s
 1262016 1025539 2337.09416   39   46  851.00000 3163.66248   272%   2.5 1015s
 1268027 1030393 1248.07891   66   18  851.00000 3163.21481   272%   2.5 1020s
 1275239 1036125 1920.66438   47   36  851.00000 3162.64869   272%   2.5 1025s
 1281777 1041498 1312.71750   67   20  851.00000 3162.15391   272%   2.5 1030s
 1287987 1046489 1891.78084   48   37  851.00000 3161.77036   272%   2.5 1035s
 1295035 1052195 2367.71812   43   44  851.00000 3161.30198   271%   2.5 1040s
 1301728 1057603 1339.19175   62   21  851.00000 3160.81809   271%   2.5 1045s
 1306265 1061267 2751.94797   32   53  851.00000 3160.54633   271%   2.5 1050s
 1312805 1066589 1705.75524   52   31  851.00000 3160.02100   271%   2.5 1055s
 1319457 1071967 1551.15987   58   28  851.00000 3159.57635   271%   2.5 1060s
 1325850 1077044 1162.98718   56   27  851.00000 3159.05841   271%   2.5 1065s
 1332223 1082192 1543.39306   58   27  851.00000 3158.60938   271%   2.5 1070s
 1338379 1087235 2137.32606   40   44  851.00000 3158.20206   271%   2.5 1075s
 1344874 1092349 2428.85008   42   48  851.00000 3157.74752   271%   2.5 1080s
 1351176 1097441 2575.13027   39   47  851.00000 3157.25382   271%   2.5 1085s
 1357263 1102392 1393.93912   65   22  851.00000 3156.90796   271%   2.5 1090s
 1361921 1106210 1842.35232   52   34  851.00000 3156.51740   271%   2.5 1095s
 1369157 1111947 2362.19472   41   45  851.00000 3155.91810   271%   2.5 1100s
 1375606 1117233 1336.74612   61   21  851.00000 3155.49932   271%   2.5 1105s
 1381663 1122104 2004.14742   51   36  851.00000 3155.07812   271%   2.5 1110s
 1387709 1127068 2062.26094   46   39  851.00000 3154.72433   271%   2.5 1115s
 1394766 1132718 1826.06339   52   31  851.00000 3154.25452   271%   2.5 1120s
 1401675 1138200 2633.39578   38   50  851.00000 3153.85129   271%   2.5 1125s
 1408168 1143482 2296.17587   42   46  851.00000 3153.42261   271%   2.5 1130s
 1414744 1148847 1031.07554   53   20  851.00000 3152.94526   270%   2.5 1135s
 1420530 1153564 2256.80071   40   46  851.00000 3152.61150   270%   2.5 1140s
 1423990 1156436 2987.88304   28   61  851.00000 3152.34459   270%   2.5 1145s
 1430065 1161302 1986.06757   51   36  851.00000 3151.92847   270%   2.5 1150s
 1436890 1166607 2190.10878   36   43  851.00000 3151.51648   270%   2.5 1155s
 1442920 1171551 1294.63439   67   19  851.00000 3151.10905   270%   2.5 1160s
 1449096 1176514 1161.23126   51   24  851.00000 3150.60817   270%   2.5 1165s
 1456086 1182203 2540.45507   39   49  851.00000 3150.14819   270%   2.5 1170s
 1462698 1187389 2456.15018   41   47  851.00000 3149.61346   270%   2.5 1175s
 1469376 1192758 2341.39625   42   44  851.00000 3149.16564   270%   2.5 1180s
 1475758 1197972 2864.45950   30   57  851.00000 3148.87682   270%   2.5 1185s
 1481876 1202850 2033.25183   39   43  851.00000 3148.49765   270%   2.5 1190s
 1488778 1208363 2075.13254   40   39  851.00000 3148.05280   270%   2.5 1195s
 1493723 1212414 2163.27397   45   41  851.00000 3147.77695   270%   2.5 1200s
 1501013 1218153 1906.70686   52   38  851.00000 3147.28814   270%   2.5 1205s
 1506882 1222847 1588.08544   60   27  851.00000 3146.94756   270%   2.5 1210s
 1513804 1228407 2085.35106   46   40  851.00000 3146.42033   270%   2.5 1215s
 1519733 1233255  972.19619   60   22  851.00000 3146.21410   270%   2.5 1220s
 1525794 1238232 2254.96380   43   42  851.00000 3145.86694   270%   2.5 1225s
 1532533 1243521 2248.47522   39   44  851.00000 3145.40849   270%   2.5 1230s
 1539215 1248752 2158.64028   43   43  851.00000 3145.03802   270%   2.5 1235s
 1545608 1253856 2214.68267   47   40  851.00000 3144.65737   270%   2.5 1240s
 1551113 1258321 1464.03770   60   27  851.00000 3144.33912   269%   2.5 1245s
 1558434 1264155 1640.61428   57   30  851.00000 3143.83946   269%   2.5 1250s
 1565271 1269600 1603.84050   58   28  851.00000 3143.36080   269%   2.5 1255s
 1572163 1275021 1470.79918   59   24  851.00000 3142.98578   269%   2.5 1260s
 1578493 1280242 1966.28910   51   38  851.00000 3142.62350   269%   2.5 1265s
 1585819 1286138 1612.39090   56   29  851.00000 3142.15814   269%   2.5 1270s
 1592495 1291554 3113.66055   26   61  851.00000 3141.70806   269%   2.5 1275s
 1599213 1297031 1158.12845   56   25  851.00000 3141.38074   269%   2.5 1280s
 1605504 1301902 1507.15782   63   25  851.00000 3140.95779   269%   2.5 1285s
 1612428 1307599 2899.59831   33   57  851.00000 3140.58461   269%   2.5 1290s
 1616857 1311217 1796.73904   52   32  851.00000 3140.31483   269%   2.5 1295s
 1623741 1316804 2298.61631   41   45  851.00000 3139.91293   269%   2.5 1300s
 1630488 1322240 1660.31443   55   28  851.00000 3139.53411   269%   2.5 1305s
 1637101 1327522 2076.33388   46   39  851.00000 3139.17097   269%   2.5 1310s
 1644073 1333223 2205.90282   43   44  851.00000 3138.76112   269%   2.5 1315s
 1650351 1338337 2236.34583   39   45  851.00000 3138.38705   269%   2.5 1320s
 1657405 1344038 2257.62766   41   44  851.00000 3137.94464   269%   2.5 1325s
 1663820 1349212 2326.97761   40   43  851.00000 3137.55150   269%   2.5 1330s
 1670643 1354607 2233.78342   42   44  851.00000 3137.09323   269%   2.5 1335s
 1677768 1360228 1254.06676   66   19  851.00000 3136.68917   269%   2.5 1340s
 1681988 1363679 2095.14741   45   37  851.00000 3136.45494   269%   2.5 1345s
 1688650 1369028 2778.41271   32   55  851.00000 3136.08344   269%   2.5 1350s
 1695202 1374305 1437.97239   58   25  851.00000 3135.72152   268%   2.5 1355s
 1702338 1380010 2569.87343   39   48  851.00000 3135.36735   268%   2.5 1360s
 1709309 1385447 2795.23314   33   55  851.00000 3134.90528   268%   2.5 1365s
 1715312 1390427 1567.64931   57   28  851.00000 3134.61979   268%   2.5 1370s
 1722305 1395986 2072.57369   47   38  851.00000 3134.13485   268%   2.5 1375s
 1728758 1401214 1963.46834   51   36  851.00000 3133.81284   268%   2.5 1380s
 1735245 1406448  896.82160   71    7  851.00000 3133.38062   268%   2.5 1385s
 1741734 1411680  872.12366   71   11  851.00000 3133.09609   268%   2.5 1390s
 1746802 1415695 2347.10322   43   47  851.00000 3132.81933   268%   2.5 1395s
 1753673 1421299 2538.39035   38   50  851.00000 3132.51174   268%   2.5 1400s
 1760321 1426740 1488.06620   56   28  851.00000 3132.07143   268%   2.5 1405s
 1767012 1432138 2083.27668   43   42  851.00000 3131.64407   268%   2.5 1410s
 1774639 1438140 1941.63816   42   37  851.00000 3131.24982   268%   2.5 1415s
 1781565 1443654  930.29355   74   13  851.00000 3130.79047   268%   2.5 1420s
 1788154 1449043 2135.07489   45   41  851.00000 3130.37702   268%   2.5 1425s
 1794249 1454044 2410.24660   43   47  851.00000 3130.01891   268%   2.5 1430s
 1801275 1459791 2427.90172   40   45  851.00000 3129.64344   268%   2.5 1435s
 1806174 1463676 1872.87958   48   34  851.00000 3129.40799   268%   2.5 1440s
 1812811 1469059 2180.58744   38   40  851.00000 3128.97932   268%   2.5 1445s
 1819124 1474209 2095.53181   44   40  851.00000 3128.66886   268%   2.5 1450s
 1825540 1479390 1975.51905   47   38  851.00000 3128.29859   268%   2.5 1455s
 1832067 1484696 1622.19231   57   29  851.00000 3127.95435   268%   2.5 1460s
 1838689 1490081  910.66145   71   16  851.00000 3127.62498   268%   2.5 1465s
 1845434 1495514 1417.87776   58   26  851.00000 3127.24388   267%   2.5 1470s
 1852568 1501345 2099.40318   44   40  851.00000 3126.87422   267%   2.5 1475s
 1859662 1506990 3030.26443   27   60  851.00000 3126.54231   267%   2.5 1480s
 1863836 1510273 2451.70955   38   47  851.00000 3126.34479   267%   2.5 1485s
 1870712 1515912 2062.10156   46   37  851.00000 3125.98529   267%   2.5 1490s
 1877733 1521494 1592.27265   57   28  851.00000 3125.60871   267%   2.5 1495s
 1884498 1526978 1949.54021   49   35  851.00000 3125.21492   267%   2.5 1500s
 1890720 1531923 2454.82341   41   46  851.00000 3124.83879   267%   2.5 1505s
 1897512 1537395 2334.26319   45   45  851.00000 3124.54950   267%   2.5 1510s
 1904617 1542943 2579.99119   38   50  851.00000 3124.18455   267%   2.5 1515s
 1911135 1548323 1746.95012   58   29  851.00000 3123.76539   267%   2.5 1520s
 1917008 1553041 3073.84438   28   60  851.00000 3123.54368   267%   2.5 1525s
 1920983 1556348 2471.01768   41   48  851.00000 3123.39904   267%   2.5 1530s
 1926964 1561164 2429.65202   39   47  851.00000 3123.14719   267%   2.5 1535s
 1933217 1566167 2453.48257   36   49  851.00000 3122.80815   267%   2.5 1540s
 1939706 1571447 1097.25953   57   24  851.00000 3122.49296   267%   2.5 1545s
 1946034 1576547  856.06626   73   14  851.00000 3122.22350   267%   2.5 1550s
 1952553 1581761  905.25102   74   12  851.00000 3121.88670   267%   2.5 1555s
 1958451 1586527 1365.63503   52   30  851.00000 3121.64097   267%   2.5 1560s
 1965146 1591850 2435.58508   41   45  851.00000 3121.24418   267%   2.5 1565s
 1971307 1596773 2283.33915   40   43  851.00000 3120.89225   267%   2.5 1570s
 1977640 1601879 1450.80090   66   23  851.00000 3120.61926   267%   2.5 1575s
 1984084 1607061 2726.05816   34   54  851.00000 3120.31012   267%   2.5 1580s
 1990242 1612017 2447.06431   38   46  851.00000 3119.99412   267%   2.5 1585s
 1996205 1616766 1432.95704   53   29  851.00000 3119.69986   267%   2.5 1590s
 2002110 1621611 2038.82872   51   37  851.00000 3119.38514   267%   2.5 1595s
 2008167 1626446 1722.37839   47   35  851.00000 3119.15561   267%   2.5 1600s
 2014866 1631843 1728.02714   56   31  851.00000 3118.86632   266%   2.5 1605s
 2021904 1637454 1584.17257   60   26  851.00000 3118.57539   266%   2.5 1610s
 2029269 1643376 1275.21907   52   27  851.00000 3118.26624   266%   2.5 1615s
 2036108 1648965 2150.36949   45   41  851.00000 3117.95137   266%   2.5 1620s
 2042999 1654459 1682.96257   56   28  851.00000 3117.65631   266%   2.5 1625s
 2049469 1659672 2131.33962   42   43  851.00000 3117.23524   266%   2.5 1630s
 2055936 1664782 1193.46989   70   14  851.00000 3116.97389   266%   2.5 1635s
 2060334 1668443 1416.23028   64   24  851.00000 3116.76436   266%   2.5 1640s
 2067305 1674020 2715.84732   34   54  851.00000 3116.43410   266%   2.5 1645s
 2073103 1678666 2170.12834   44   43  851.00000 3116.17069   266%   2.5 1650s
 2079828 1684108 2121.62384   40   44  851.00000 3115.86469   266%   2.5 1655s
 2086403 1689408 2443.79689   40   47  851.00000 3115.58436   266%   2.5 1660s
 2092473 1694320 2248.90179   44   45  851.00000 3115.30848   266%   2.5 1665s
 2099010 1699567 2645.20321   38   51  851.00000 3115.06910   266%   2.5 1670s
 2105569 1704733 2058.99509   44   39  851.00000 3114.79120   266%   2.5 1675s
 2111783 1709784 2923.40284   30   58  851.00000 3114.50779   266%   2.5 1680s
 2115425 1712828 2118.90604   43   42  851.00000 3114.40275   266%   2.5 1685s
 2121575 1717685 2242.32985   43   41  851.00000 3114.13115   266%   2.5 1690s
 2128445 1723195 1575.76139   59   29  851.00000 3113.79150   266%   2.5 1695s
 2134965 1728338 1746.80054   55   30  851.00000 3113.42982   266%   2.5 1700s
 2141447 1733486 1050.19533   58   20  851.00000 3113.08603   266%   2.5 1705s
 2147084 1738070 3064.18202   30   60  851.00000 3112.85006   266%   2.5 1710s
 2153921 1743553 2483.38801   39   50  851.00000 3112.51024   266%   2.5 1715s
 2160416 1748726 2019.92900   42   42  851.00000 3112.21788   266%   2.5 1720s
 2166567 1753661 2157.07908   45   42  851.00000 3111.95835   266%   2.5 1725s
 2172477 1758470 1714.38247   55   29  851.00000 3111.69189   266%   2.5 1730s
 2179016 1763706 2843.82720   27   54  851.00000 3111.40766   266%   2.5 1735s
 2184440 1768070 1567.84319   44   33  851.00000 3111.19171   266%   2.5 1740s
 2189593 1772220 2534.36902   33   50  851.00000 3110.96831   266%   2.5 1745s
 2195259 1776765 1649.49062   56   28  851.00000 3110.71764   266%   2.5 1750s
 2202545 1782626 2247.91724   46   44  851.00000 3110.40986   266%   2.5 1755s
 2208509 1787479 1398.44756   60   23  851.00000 3110.10945   265%   2.5 1760s
 2214720 1792420 2209.34510   43   43  851.00000 3109.83414   265%   2.5 1765s
 2220472 1797057 2159.98609   46   41  851.00000 3109.51072   265%   2.5 1770s
 2226325 1801775 2136.60570   44   40  851.00000 3109.27073   265%   2.5 1775s
 2232547 1806846 2097.10235   45   41  851.00000 3108.97243   265%   2.5 1780s
 2238033 1811199 2124.42312   40   44  851.00000 3108.76013   265%   2.5 1785s
 2243298 1815399 1552.13471   60   27  851.00000 3108.49979   265%   2.5 1790s
 2249731 1820627 1825.01792   52   34  851.00000 3108.24444   265%   2.5 1795s
 2257271 1826720 1237.25433   56   26  851.00000 3107.85622   265%   2.5 1800s

Explored 2257435 nodes (5630286 simplex iterations) in 1800.15 seconds
Thread count was 4 (of 4 available processors)

Solution count 10: 851 842 839 ... -0
Pool objective bound 3107.5

Time limit reached
Best objective 8.510000000000e+02, best bound 3.107500000000e+03, gap 265.1586%
