
Gurobi 7.0.2 (linux64, Java) logging started Mon 20 May 2019 10:33:07 PM -03

Optimize a model with 5550 rows, 3660 columns and 12930 nonzeros
Variable types: 0 continuous, 3660 integer (3660 binary)
Coefficient statistics:
  Matrix range     [1e+00, 2e+00]
  Objective range  [1e+00, 1e+01]
  Bounds range     [1e+00, 1e+00]
  RHS range        [1e+00, 2e+00]
Found heuristic solution: objective -0
Presolve removed 180 rows and 1830 columns
Presolve time: 0.49s
Presolved: 5370 rows, 1830 columns, 12570 nonzeros
Variable types: 0 continuous, 1830 integer (1830 binary)

Root relaxation: objective 2.213500e+03, 1722 iterations, 1.03 seconds

    Nodes    |    Current Node    |     Objective Bounds      |     Work
 Expl Unexpl |  Obj  Depth IntInf | Incumbent    BestBd   Gap | It/Node Time

     0     0 2213.50000    0  860   -0.00000 2213.50000      -     -    1s
H    0     0                     262.0000000 2213.50000   745%     -    2s
H    0     0                     334.0000000 2213.50000   563%     -    3s
     0     0 2157.00000    0  839  334.00000 2157.00000   546%     -    3s
     0     0 2083.00000    0  814  334.00000 2083.00000   524%     -    4s
     0     0 2015.50000    0  787  334.00000 2015.50000   503%     -    5s
     0     0 1954.00000    0  817  334.00000 1954.00000   485%     -    7s
     0     0 1905.00000    0  841  334.00000 1905.00000   470%     -    8s
     0     0 1836.50000    0  816  334.00000 1836.50000   450%     -   10s
     0     0 1776.00000    0  789  334.00000 1776.00000   432%     -   12s
H    0     0                     355.0000000 1776.00000   400%     -   13s
     0     0 1706.50000    0  761  355.00000 1706.50000   381%     -   15s
     0     0 1645.80000    0 1062  355.00000 1645.80000   364%     -   17s
     0     0 1645.25000    0  847  355.00000 1645.25000   363%     -   18s
     0     0 1583.12500    0 1032  355.00000 1583.12500   346%     -   21s
     0     0 1582.41667    0  979  355.00000 1582.41667   346%     -   22s
     0     0 1538.00000    0  795  355.00000 1538.00000   333%     -   25s
H    0     0                     404.0000000 1538.00000   281%     -   26s
     0     0 1536.25000    0  853  404.00000 1536.25000   280%     -   26s
     0     0 1479.87500    0 1080  404.00000 1479.87500   266%     -   31s
     0     0 1479.20000    0 1086  404.00000 1479.20000   266%     -   32s
H    0     0                     452.0000000 1479.20000   227%     -   34s
     0     0 1435.81250    0 1108  452.00000 1435.81250   218%     -   37s
     0     0 1435.81250    0 1108  452.00000 1435.81250   218%     -   38s
     0     2 1435.81250    0 1108  452.00000 1435.81250   218%     -   54s
     1     4 1368.12500    1 1015  452.00000 1435.77448   218%  1573   64s
     3     8 1300.12500    2 1035  452.00000 1375.63942   204%  1643   77s
     7    12 1262.50000    3  757  452.00000 1315.80460   191%  1361   88s
    11    16 1215.75000    4  771  452.00000 1315.80460   191%  1218   96s
    15    19 1186.42500    4  970  452.00000 1315.80460   191%  1177  104s
    19    22 1139.50000    5  836  452.00000 1315.80460   191%  1177  111s
    23    23 1125.00000    5  701  452.00000 1315.80460   191%  1158  119s
    27    30 1078.25000    6  716  452.00000 1315.80460   191%  1141  128s
    31    31 1054.96875    6  859  452.00000 1315.80460   191%  1179  136s
    35    34 1008.18750    7  746  452.00000 1315.80460   191%  1169  149s
    39    40  948.00000    8  668  452.00000 1315.80460   191%  1198  159s
    43    44  957.75000    8  719  452.00000 1315.80460   191%  1197  169s
    48    50  911.25000    9  686  452.00000 1315.80460   191%  1181  180s
    52    52  874.60000   10  664  452.00000 1315.80460   191%  1172  199s
    57    62  842.25000   10  660  452.00000 1315.80460   191%  1210  208s
    61    58  848.25000   11  602  452.00000 1315.80460   191%  1224  216s
    66    66  803.50000   12  699  452.00000 1315.80460   191%  1208  223s
    70    73  803.60000   12  584  452.00000 1315.80460   191%  1219  230s
    75    76  758.30000   13  592  452.00000 1315.80460   191%  1200  242s
    81    79  722.12500   14  533  452.00000 1315.80460   191%  1198  251s
    86    89  684.50000   15  430  452.00000 1315.80460   191%  1188  259s
    94    91  604.25000   17  464  452.00000 1315.80460   191%  1158  267s
   102    99  565.00000   18  447  452.00000 1315.80460   191%  1128  274s
   110   106  494.50000   20  407  452.00000 1315.80460   191%  1102  288s
   120   112  466.25000   21  387  452.00000 1315.80460   191%  1065  316s
   129   109     cutoff   22       452.00000 1299.44668   187%  1023  330s
   140   118 1197.50000    4  776  452.00000 1299.44668   187%  1009  348s
   147   122 1105.50000    6  717  452.00000 1299.44668   187%  1020  368s
   155   129 1015.12500    8  662  452.00000 1299.44668   187%  1024  406s
   161   133  974.75000    9  639  452.00000 1299.44668   187%  1020  419s
   170   144  895.25000   11  588  452.00000 1299.44668   187%  1017  431s
   180   153  778.75000   13  532  452.00000 1299.44668   187%  1011  445s
   192   165  704.25000   15  484  452.00000 1299.44668   187%  1003  472s
H  194   165                     467.0000000 1299.44668   178%   997  472s
   198   162  674.37500   16  470  467.00000 1299.44668   178%  1005  487s
   218   173  553.25000   20  354  467.00000 1299.44668   178%   965  506s
   233   180  476.00000   22  317  467.00000 1299.44668   178%   950  543s
   241   178     cutoff   24       467.00000 1252.75000   168%   942  589s
   259   191  993.75000    6 1134  467.00000 1252.75000   168%   949  613s
   270   197  899.75000    8  922  467.00000 1252.75000   168%   958  636s
   281   206  824.25000   10  959  467.00000 1252.75000   168%   969  710s
   290   214  701.62500   12  909  467.00000 1252.75000   168%   977  761s
   297   214  612.40000   14  843  467.00000 1252.75000   168%   983  783s
   317   223  485.75000   18  723  467.00000 1220.34943   161%   970  805s
   343   239 1142.37500    5 1097  467.00000 1215.52056   160%   943  830s
   355   242 1057.12500    6  850  467.00000 1215.52056   160%   956  871s
   376   259  990.81250    7  817  467.00000 1215.52056   160%   958  900s
   394   269  950.85000    8  885  467.00000 1215.52056   160%   961  930s
   420   281  887.37500   10  681  467.00000 1215.52056   160%   948 1007s
   429   283  831.75000   11  685  467.00000 1215.52056   160%   945 1038s
   453   299  761.75000   13  627  467.00000 1215.52056   160%   942 1067s
   473   307  527.00000   18  584  467.00000 1215.52056   160%   945 1092s
   515   328     cutoff   23       467.00000 1215.52056   160%   910 1124s
   546   340  965.75000    9  676  467.00000 1176.25731   152%   902 1155s
   566   348  816.75000   13  650  467.00000 1176.25731   152%   911 1192s
   598   373  578.25000   20  609  467.00000 1171.74611   151%   906 1234s
   642   392 1056.75000    6 1061  467.00000 1171.74611   151%   893 1267s
   669   400  914.37500    9 1006  467.00000 1171.74611   151%   893 1300s
   696   419  635.50000   13  846  467.00000 1171.74611   151%   897 1335s
   737   437     cutoff   18       467.00000 1154.42805   147%   885 1370s
   767   454  949.00000    9  871  467.00000 1154.42805   147%   889 1408s
   815   471  726.43750   14  845  467.00000 1154.42805   147%   873 1521s
   831   471  597.37500   17  661  467.00000 1142.35634   145%   870 1564s
   881   503  967.91667    8  957  467.00000 1142.35634   145%   860 1608s
   927   520  695.50000   14  837  467.00000 1142.35634   145%   854 1656s
   961   541  522.75000   18  578  467.00000 1139.46467   144%   862 1700s
  1013   558  881.25000    9  737  467.00000 1139.26929   144%   856 1750s

Cutting planes:
  Gomory: 3
  Zero half: 6561

Explored 1047 nodes (910609 simplex iterations) in 1800.35 seconds
Thread count was 4 (of 4 available processors)

Solution count 7: 467 452 404 ... -0
Pool objective bound 1139

Time limit reached
Best objective 4.670000000000e+02, best bound 1.139000000000e+03, gap 143.8972%

Gurobi 7.0.2 (linux64, Java) logging started Mon 20 May 2019 11:21:14 PM -03

Optimize a model with 5550 rows, 3660 columns and 12930 nonzeros
Variable types: 0 continuous, 3660 integer (3660 binary)
Coefficient statistics:
  Matrix range     [1e+00, 2e+00]
  Objective range  [1e+00, 1e+01]
  Bounds range     [1e+00, 1e+00]
  RHS range        [1e+00, 2e+00]
Found heuristic solution: objective -0
Presolve removed 180 rows and 1830 columns
Presolve time: 0.18s
Presolved: 5370 rows, 1830 columns, 12570 nonzeros
Variable types: 0 continuous, 1830 integer (1830 binary)

Root relaxation: objective 2.213500e+03, 1722 iterations, 0.59 seconds

    Nodes    |    Current Node    |     Objective Bounds      |     Work
 Expl Unexpl |  Obj  Depth IntInf | Incumbent    BestBd   Gap | It/Node Time

     0     0 2213.50000    0  860   -0.00000 2213.50000      -     -    0s
H    0     0                     262.0000000 2213.50000   745%     -    1s
H    0     0                     334.0000000 2213.50000   563%     -    1s
     0     0 2157.00000    0  839  334.00000 2157.00000   546%     -    1s
     0     0 2083.00000    0  814  334.00000 2083.00000   524%     -    2s
     0     0 2015.50000    0  787  334.00000 2015.50000   503%     -    3s
     0     0 1954.00000    0  817  334.00000 1954.00000   485%     -    3s
     0     0 1905.00000    0  841  334.00000 1905.00000   470%     -    4s
     0     0 1836.50000    0  816  334.00000 1836.50000   450%     -    5s
     0     0 1776.00000    0  789  334.00000 1776.00000   432%     -    6s
H    0     0                     355.0000000 1776.00000   400%     -    6s
     0     0 1706.50000    0  761  355.00000 1706.50000   381%     -    7s
     0     0 1645.80000    0 1062  355.00000 1645.80000   364%     -    8s
     0     0 1645.25000    0  847  355.00000 1645.25000   363%     -    8s
     0     0 1583.12500    0 1032  355.00000 1583.12500   346%     -   10s
     0     0 1582.41667    0  979  355.00000 1582.41667   346%     -   10s
     0     0 1538.00000    0  795  355.00000 1538.00000   333%     -   11s
H    0     0                     404.0000000 1538.00000   281%     -   12s
     0     0 1536.25000    0  853  404.00000 1536.25000   280%     -   12s
     0     0 1479.87500    0 1080  404.00000 1479.87500   266%     -   14s
     0     0 1479.20000    0 1086  404.00000 1479.20000   266%     -   15s
H    0     0                     452.0000000 1479.20000   227%     -   15s
     0     0 1435.81250    0 1108  452.00000 1435.81250   218%     -   16s
     0     0 1435.81250    0 1108  452.00000 1435.81250   218%     -   17s
     0     2 1435.81250    0 1108  452.00000 1435.81250   218%     -   23s
     1     4 1368.12500    1 1015  452.00000 1435.77448   218%  1573   27s
     3     8 1300.12500    2 1035  452.00000 1375.63942   204%  1643   31s
     7    12 1262.50000    3  757  452.00000 1315.80460   191%  1361   35s
    15    19 1186.42500    4  970  452.00000 1315.80460   191%  1177   42s
    19    22 1139.50000    5  836  452.00000 1315.80460   191%  1177   45s
    27    30 1078.25000    6  716  452.00000 1315.80460   191%  1141   53s
    31    31 1054.96875    6  859  452.00000 1315.80460   191%  1179   58s
    35    34 1008.18750    7  746  452.00000 1315.80460   191%  1169   65s
    39    40  948.00000    8  668  452.00000 1315.80460   191%  1198   70s
    43    44  957.75000    8  719  452.00000 1315.80460   191%  1197   76s
    48    50  911.25000    9  686  452.00000 1315.80460   191%  1181   82s
    52    52  874.60000   10  664  452.00000 1315.80460   191%  1172   91s
    57    62  842.25000   10  660  452.00000 1315.80460   191%  1210   95s
    66    66  803.50000   12  699  452.00000 1315.80460   191%  1208  103s
    70    73  803.60000   12  584  452.00000 1315.80460   191%  1219  107s
    75    76  758.30000   13  592  452.00000 1315.80460   191%  1200  113s
    81    79  722.12500   14  533  452.00000 1315.80460   191%  1198  118s
    86    89  684.50000   15  430  452.00000 1315.80460   191%  1188  122s
    94    91  604.25000   17  464  452.00000 1315.80460   191%  1158  127s
   102    99  565.00000   18  447  452.00000 1315.80460   191%  1128  131s
   110   106  494.50000   20  407  452.00000 1315.80460   191%  1102  139s
   120   112  466.25000   21  387  452.00000 1315.80460   191%  1065  152s
   129   109     cutoff   22       452.00000 1299.44668   187%  1023  160s
   140   118 1197.50000    4  776  452.00000 1299.44668   187%  1009  168s
   147   122 1105.50000    6  717  452.00000 1299.44668   187%  1020  177s
   155   129 1015.12500    8  662  452.00000 1299.44668   187%  1024  194s
   161   133  974.75000    9  639  452.00000 1299.44668   187%  1020  201s
   170   144  895.25000   11  588  452.00000 1299.44668   187%  1017  207s
   180   153  778.75000   13  532  452.00000 1299.44668   187%  1011  214s
   192   165  704.25000   15  484  452.00000 1299.44668   187%  1003  226s
H  194   165                     467.0000000 1299.44668   178%   997  226s
   198   162  674.37500   16  470  467.00000 1299.44668   178%  1005  233s
   218   173  553.25000   20  354  467.00000 1299.44668   178%   965  243s
   233   180  476.00000   22  317  467.00000 1299.44668   178%   950  259s
   241   178     cutoff   24       467.00000 1252.75000   168%   942  278s
   259   191  993.75000    6 1134  467.00000 1252.75000   168%   949  289s
   270   197  899.75000    8  922  467.00000 1252.75000   168%   958  298s
   281   206  824.25000   10  959  467.00000 1252.75000   168%   969  330s
   290   214  701.62500   12  909  467.00000 1252.75000   168%   977  351s
   297   214  612.40000   14  843  467.00000 1252.75000   168%   983  360s
   317   223  485.75000   18  723  467.00000 1220.34943   161%   970  371s
   343   239 1142.37500    5 1097  467.00000 1215.52056   160%   943  383s
   355   242 1057.12500    6  850  467.00000 1215.52056   160%   956  402s
   376   259  990.81250    7  817  467.00000 1215.52056   160%   958  415s
   394   269  950.85000    8  885  467.00000 1215.52056   160%   961  429s
   420   281  887.37500   10  681  467.00000 1215.52056   160%   948  465s
   429   283  831.75000   11  685  467.00000 1215.52056   160%   945  481s
   453   299  761.75000   13  627  467.00000 1215.52056   160%   942  493s
   473   307  527.00000   18  584  467.00000 1215.52056   160%   945  505s
   515   328     cutoff   23       467.00000 1215.52056   160%   910  519s
   546   340  965.75000    9  676  467.00000 1176.25731   152%   902  532s
   566   348  816.75000   13  650  467.00000 1176.25731   152%   911  548s
   598   373  578.25000   20  609  467.00000 1171.74611   151%   906  568s
   642   392 1056.75000    6 1061  467.00000 1171.74611   151%   893  583s
   669   400  914.37500    9 1006  467.00000 1171.74611   151%   893  600s
   696   419  635.50000   13  846  467.00000 1171.74611   151%   897  616s
   737   437     cutoff   18       467.00000 1154.42805   147%   885  634s
   767   454  949.00000    9  871  467.00000 1154.42805   147%   889  651s
   815   471  726.43750   14  845  467.00000 1154.42805   147%   873  708s
   831   471  597.37500   17  661  467.00000 1142.35634   145%   870  731s
   881   503  967.91667    8  957  467.00000 1142.35634   145%   860  753s
   927   520  695.50000   14  837  467.00000 1142.35634   145%   854  775s
   961   541  522.75000   18  578  467.00000 1139.46467   144%   862  799s
  1013   558  881.25000    9  737  467.00000 1139.26929   144%   856  828s
  1048   584  701.64286   12 1108  467.00000 1139.26929   144%   863  950s
  1052   587  513.47585   22  755  467.00000 1139.26929   144%   859  955s
  1054   588  547.96622   18 1009  467.00000 1139.26929   144%   858  964s
  1055   589  974.75000   10 1113  467.00000 1139.26929   144%   857  969s
  1056   589  905.38281    9  706  467.00000 1139.26929   144%   856  972s
  1057   590 1014.89705    8 1195  467.00000 1139.26929   144%   855  982s
  1058   591  614.30892   16 1146  467.00000 1139.26929   144%   854  986s
  1059   591  578.00333   21 1228  467.00000 1139.26929   144%   854  993s
  1060   592  967.13776   10 1185  467.00000 1139.26929   144%   853  998s
  1061   593  841.34721   13 1219  467.00000 1131.18750   142%   852 1007s
  1062   593  996.10416    9 1240  467.00000 1124.18750   141%   851 1011s
  1063   594  751.98276   14 1302  467.00000 1079.41667   131%   850 1019s
  1064   595  928.25917    9 1273  467.00000 1074.53968   130%   850 1024s
  1065   595  723.00000   15 1340  467.00000 1038.80641   122%   849 1034s
  1066   596  827.22599   12 1355  467.00000 1029.57496   120%   848 1040s
  1067   597  885.96613   12 1348  467.00000 1002.33069   115%   847 1052s
  1068   597  701.64286   12 1362  467.00000  997.02673   113%   846 1059s
  1069   598  716.43367   14 1373  467.00000  968.13458   107%   846 1072s
  1070   599  963.00787    8 1384  467.00000  963.00787   106%   845 1079s
  1071   599  906.04545    9 1445  467.00000  942.78737   102%   844 1094s
  1072   600  513.47585   22 1439  467.00000  935.84102   100%   843 1101s
  1073   601  845.45556   11 1581  467.00000  893.06105  91.2%   842 1114s
  1074   601  547.96622   18 1597  467.00000  881.99848  88.9%   842 1120s
  1075   602  861.23942   10 1610  467.00000  861.23942  84.4%   841 1130s
  1076   603  852.72106    9 1620  467.00000  852.72106  82.6%   840 1137s
  1077   603  841.75952    8 1631  467.00000  841.75952  80.2%   839 1147s
  1078   604  614.30892   16 1655  467.00000  835.66712  78.9%   839 1154s
  1079   605  578.00333   21 1655  467.00000  830.53804  77.8%   838 1160s
  1080   605  828.31165   10 1666  467.00000  828.31165  77.4%   837 1165s
  1081   606  825.37019   13 1662  467.00000  825.37019  76.7%   836 1171s
  1082   607  823.73623    9 1671  467.00000  823.73623  76.4%   835 1175s
  1084   608  820.20061    9 1683  467.00000  820.20061  75.6%   834 1182s
  1085   609  723.00000   15 1677  467.00000  818.64329  75.3%   833 1187s
  1087   610  818.64329   12 1673  467.00000  818.64329  75.3%   832 1208s
  1088   614  794.27111   12 1544  467.00000  818.64048  75.3%   897 1227s
  1090   617  787.03348   13 1569  467.00000  809.88681  73.4%   899 1254s
  1094   620  757.69715   14 1581  467.00000  787.02848  68.5%   930 1299s
  1098   622  780.72996   14 1595  467.00000  782.76837  67.6%   972 1328s
  1102   625  745.09247   15 1525  467.00000  780.72602  67.2%   997 1343s
  1106   628  726.48205   15 1480  467.00000  780.72602  67.2%  1011 1363s
  1110   630  708.94376   16 1439  467.00000  780.72602  67.2%  1033 1376s
  1114   633  705.99499   16 1446  467.00000  780.72602  67.2%  1046 1404s
  1118   628  693.07560   17 1388  467.00000  780.72602  67.2%  1073 1413s
  1122   638  670.17916   17 1428  467.00000  780.72602  67.2%  1081 1421s
  1126   636  675.94617   18 1335  467.00000  780.72602  67.2%  1091 1437s
  1133   643  659.04486   19 1290  467.00000  780.72602  67.2%  1111 1452s
  1140   645  624.32335   20 1214  467.00000  780.72602  67.2%  1127 1460s
  1145   652  630.84653   21 1210  467.00000  780.72602  67.2%  1139 1474s
  1151   655  623.84962   22 1169  467.00000  780.72602  67.2%  1155 1485s
  1158   659  620.54032   23 1157  467.00000  780.72602  67.2%  1165 1497s
  1165   664  583.96290   24 1099  467.00000  780.72602  67.2%  1179 1507s
  1174   664  591.32950   26 1078  467.00000  780.72602  67.2%  1187 1517s
  1183   675  567.98362   28 1021  467.00000  780.72602  67.2%  1199 1532s
  1195   684  528.00000   30  836  467.00000  780.72602  67.2%  1211 1542s
  1210   690  516.55000   33  738  467.00000  780.72602  67.2%  1214 1552s
H 1216   656                     502.0000000  780.72602  55.5%  1209 1552s
  1229   659     cutoff   37       502.00000  780.72447  55.5%  1209 1569s
  1247   658  704.68171   16 1534  502.00000  780.72447  55.5%  1216 1593s
  1258   662  713.22980   17 1531  502.00000  780.72447  55.5%  1230 1611s
  1270   663  698.15884   17 1583  502.00000  780.72447  55.5%  1233 1623s
  1279   668  701.61663   18 1501  502.00000  780.72447  55.5%  1238 1644s
  1285   671  682.81166   18 1451  502.00000  780.72447  55.5%  1256 1671s
  1292   674  669.94295   20 1394  502.00000  780.72447  55.5%  1277 1685s
  1299   681  655.13447   19 1439  502.00000  780.72447  55.5%  1293 1700s
  1310   683  641.36229   20 1322  502.00000  780.72447  55.5%  1301 1718s
  1332   689  625.33102   21 1253  502.00000  780.72447  55.5%  1305 1748s
  1350   694  636.54295   22 1282  502.00000  780.72447  55.5%  1311 1775s
  1357   696  614.50131   23 1253  502.00000  780.72447  55.5%  1331 1784s
  1365   704  597.26523   24 1175  502.00000  780.72447  55.5%  1346 1791s
  1375   704  602.23536   24 1225  502.00000  780.72447  55.5%  1367 1799s
  1392   709  584.56318   25 1213  502.00000  780.72447  55.5%  1380 1800s

Cutting planes:
  Gomory: 15
  Implied bound: 2
  Zero half: 2266

Explored 1394 nodes (1928804 simplex iterations) in 1800.00 seconds
Thread count was 4 (of 4 available processors)

Solution count 8: 502 467 452 ... -0
Pool objective bound 780

Time limit reached
Best objective 5.020000000000e+02, best bound 7.800000000000e+02, gap 55.3785%
