
Gurobi 7.0.2 (linux64, Java) logging started Mon 20 May 2019 10:32:02 PM -03

Optimize a model with 100 rows, 100 columns and 300 nonzeros
Model has 4813 quadratic objective terms
Variable types: 0 continuous, 100 integer (100 binary)
Coefficient statistics:
  Matrix range     [1e+00, 1e+00]
  Objective range  [0e+00, 0e+00]
  QObjective range [2e+00, 2e+01]
  Bounds range     [1e+00, 1e+00]
  RHS range        [2e+00, 2e+00]
Found heuristic solution: objective -0
Modified 100 Q diagonals
Presolve time: 0.00s
Presolved: 100 rows, 100 columns, 300 nonzeros
Presolved model has 4817 quadratic objective terms
Variable types: 0 continuous, 100 integer (100 binary)

Root relaxation: objective 6.419347e+03, 101 iterations, 0.01 seconds

    Nodes    |    Current Node    |     Objective Bounds      |     Work
 Expl Unexpl |  Obj  Depth IntInf | Incumbent    BestBd   Gap | It/Node Time

     0     0 6419.34671    0  100   -0.00000 6419.34671      -     -    0s
H    0     0                     821.0000000 6419.34671   682%     -    0s
H    0     0                     882.0000000 6419.34671   628%     -    0s
H    0     0                     967.0000000 6419.34671   564%     -    0s
     0     2 6419.34671    0  100  967.00000 6419.34671   564%     -    0s
H   92    92                     999.0000000 6216.11177   522%   2.8    0s
H   97    97                    1030.0000000 6216.11177   504%   2.8    0s
H  131   135                    1047.0000000 6216.11177   494%   2.8    0s
H  138   142                    1110.0000000 6216.11177   460%   2.8    0s
H  191   195                    1162.0000000 6216.11177   435%   2.8    0s
H  293   296                    1173.0000000 6216.11177   430%   2.8    0s
H  430   412                    1206.0000000 6193.06775   414%   2.7    0s
H  542   507                    1210.0000000 6193.06775   412%   2.8    1s
H  614   566                    1235.0000000 6193.06775   401%   2.9    1s
H  674   625                    1258.0000000 6193.06775   392%   2.9    1s
H 1219  1031                    1262.0000000 6118.84960   385%   2.9    1s
H 3635  2365                    1263.0000000 6041.74379   378%   3.2    4s
  4427  3039 1777.80710   81   26 1263.00000 6041.74379   378%   3.2    5s
 11866  9504 2223.73384   76   32 1263.00000 5871.05821   365%   3.1   10s
 18418 15059 2230.00822   77   31 1263.00000 5815.85522   360%   3.1   15s
 23912 19762 2825.59496   64   44 1263.00000 5791.90287   359%   3.1   20s
 30946 25744 2106.06582   69   33 1263.00000 5760.49007   356%   3.1   25s
 35290 29506 5557.34974   27   87 1263.00000 5744.15910   355%   3.1   30s
 40299 33754 4535.23773   44   70 1263.00000 5734.03180   354%   3.1   35s
 46137 38719 2442.70588   72   37 1263.00000 5719.87374   353%   3.1   40s
 51796 43471 3566.94569   56   55 1263.00000 5704.38005   352%   3.1   45s
 57013 47943 1885.00649   69   30 1263.00000 5694.01446   351%   3.1   50s
 62170 52325 2449.26716   70   38 1263.00000 5684.89813   350%   3.1   55s
 68073 57330 2706.15292   72   38 1263.00000 5675.47178   349%   3.1   60s
 72745 61309 3567.37355   59   54 1263.00000 5667.37920   349%   3.1   65s
 77645 65464 4165.49210   44   67 1263.00000 5659.06801   348%   3.1   70s
 81788 69000 4679.29659   40   74 1263.00000 5654.60770   348%   3.1   75s
 86282 72821 1636.15926   83   23 1263.00000 5649.09114   347%   3.1   80s
 90691 76571 3585.97907   56   54 1263.00000 5644.28874   347%   3.1   85s
 92967 78524 2756.16874   62   44 1263.00000 5641.40675   347%   3.1   90s
 96769 81773 4840.31483   39   75 1263.00000 5636.58239   346%   3.1   95s
 100745 85117 2442.23056   62   39 1263.00000 5633.10582   346%   3.1  100s
 104656 88440 2705.70179   66   41 1263.00000 5628.69763   346%   3.1  105s
 108447 91619 5035.62204   32   79 1263.00000 5624.05978   345%   3.1  110s
 112356 94982 2871.76844   67   43 1263.00000 5620.46997   345%   3.1  115s
 116142 98206 3834.27898   53   60 1263.00000 5617.42904   345%   3.1  120s
 119853 101331 5438.05665   28   85 1263.00000 5613.40278   344%   3.1  125s
 123475 104415 5255.94898   29   83 1263.00000 5611.71190   344%   3.1  130s
 126994 107362 3897.74762   51   61 1263.00000 5607.78193   344%   3.1  135s
 130872 110629 5541.31743   27   87 1263.00000 5603.36874   344%   3.1  140s
 134404 113668 5019.56145   37   77 1263.00000 5600.01809   343%   3.1  145s
 138748 117343 2415.98322   67   38 1263.00000 5596.83010   343%   3.1  150s
 142162 120238 5464.35238   26   87 1263.00000 5593.47713   343%   3.1  155s
 145741 123296 4742.36577   35   76 1263.00000 5590.12346   343%   3.1  160s
 149692 126620 4828.50182   36   76 1263.00000 5587.49270   342%   3.1  165s
 153666 129912 4332.52233   43   69 1263.00000 5584.82086   342%   3.1  170s
 157171 132846 4477.03134   42   71 1263.00000 5582.21576   342%   3.1  175s
 160196 135399 2242.11075   68   35 1263.00000 5580.44366   342%   3.1  180s
 163516 138183 4967.37251   34   77 1263.00000 5577.68078   342%   3.1  185s
 168336 142245 2244.72366   71   34 1263.00000 5574.76694   341%   3.1  190s
 172064 145414 4399.65382   42   69 1263.00000 5572.47729   341%   3.1  195s
 176087 148819 1699.69579   86   20 1263.00000 5569.57035   341%   3.1  200s
 180124 152263 5504.69776   27   87 1263.00000 5566.74416   341%   3.1  205s
 183652 155252 3114.21242   62   45 1263.00000 5564.86672   341%   3.1  210s
 187750 158706 2113.27278   76   32 1263.00000 5562.70985   340%   3.1  215s
 191695 162014 4296.39924   47   67 1263.00000 5559.74881   340%   3.1  220s
 195306 165106 4470.50743   42   70 1263.00000 5557.50314   340%   3.1  225s
 198395 167751 4708.91263   36   75 1263.00000 5556.37807   340%   3.1  230s
 202781 171470 4329.99153   46   66 1263.00000 5553.97694   340%   3.1  235s
 207001 174997 4494.51740   43   70 1263.00000 5551.87261   340%   3.1  240s
 210352 177791 3943.42810   48   63 1263.00000 5550.02164   339%   3.1  246s
 212919 179989 4934.29226   34   78 1263.00000 5548.23143   339%   3.1  250s
 217122 183504 1768.80675   90   20 1263.00000 5545.53737   339%   3.1  255s
 221391 187112 2856.33676   66   43 1263.00000 5543.95738   339%   3.1  260s
 225261 190380 5155.26059   33   81 1263.00000 5542.10179   339%   3.1  265s
 229061 193616 3551.41597   55   58 1263.00000 5540.99786   339%   3.1  270s
 233685 197505 5465.35429   28   86 1263.00000 5538.67688   339%   3.1  275s
 237556 200756 2533.27321   72   35 1263.00000 5536.80708   338%   3.1  280s
 242014 204464 3517.81707   51   56 1263.00000 5534.81582   338%   3.1  285s
 246280 208074 3992.82312   49   62 1263.00000 5532.72010   338%   3.1  290s
 250568 211747 2280.58831   76   33 1263.00000 5531.39527   338%   3.1  295s
 254867 215323 4736.70743   37   74 1263.00000 5529.15286   338%   3.1  300s
 259053 218879 1982.76344   74   29 1263.00000 5527.66354   338%   3.1  305s
 262683 221898 4295.03572   45   67 1263.00000 5526.13378   338%   3.1  310s
 266450 225092 3489.97200   54   53 1263.00000 5524.47628   337%   3.1  315s
 270182 228198 3775.80568   53   59 1263.00000 5522.81175   337%   3.1  320s
 273959 231407 3786.12091   50   59 1263.00000 5521.31440   337%   3.1  325s
 276270 233386 2122.81213   79   30 1263.00000 5520.47276   337%   3.1  330s
 280040 236566 4442.36223   42   71 1263.00000 5518.99392   337%   3.1  335s
 283436 239382 2310.53424   71   32 1263.00000 5517.86285   337%   3.1  340s
 287088 242360 4216.61512   47   65 1263.00000 5516.38737   337%   3.1  345s
 290786 245477 4863.40421   37   76 1263.00000 5515.13234   337%   3.1  350s
 294709 248732 4658.86214   40   73 1263.00000 5513.53665   337%   3.1  355s
 298738 252184 1699.53939   90   19 1263.00000 5511.71910   336%   3.1  360s
 303161 255816 2300.89554   74   30 1263.00000 5509.77380   336%   3.1  365s
 306274 258528 4459.85119   42   72 1263.00000 5508.67967   336%   3.1  370s
 310210 261794 4244.91984   41   65 1263.00000 5507.70864   336%   3.1  375s
 314095 265077 4651.09445   40   74 1263.00000 5506.28194   336%   3.1  380s
 318200 268536 2950.68796   62   45 1263.00000 5504.98773   336%   3.1  385s
 321769 271582 5455.08453   28   86 1263.00000 5503.37460   336%   3.1  390s
 325554 274743 2249.30351   77   30 1263.00000 5502.11071   336%   3.1  395s
 329015 277667 4044.52188   45   64 1263.00000 5501.40495   336%   3.1  400s
 332179 280344 2720.29587   71   41 1263.00000 5500.32554   335%   3.1  405s
 336239 283710 5322.68279   26   84 1263.00000 5498.76678   335%   3.1  410s
 339670 286662 5231.12054   31   83 1263.00000 5497.13963   335%   3.1  415s
 343010 289505 1508.07621   87   22 1263.00000 5496.22478   335%   3.1  421s
 344835 291035 3613.36019   52   57 1263.00000 5495.75252   335%   3.1  425s
 348680 294224 3448.59312   57   51 1263.00000 5494.48498   335%   3.1  430s
 352881 297734 3682.56784   56   56 1263.00000 5492.56185   335%   3.1  435s
 356403 300728 3603.28056   52   57 1263.00000 5491.51646   335%   3.1  440s
 360054 303816 4144.53345   46   64 1263.00000 5490.28609   335%   3.1  445s
 363182 306410 3705.81513   55   57 1263.00000 5489.27632   335%   3.1  450s
 366740 309444 3333.45120   61   51 1263.00000 5488.42653   335%   3.1  455s
 369892 312155 4390.72539   41   69 1263.00000 5487.53346   334%   3.1  460s
 373688 315335 4895.90784   34   78 1263.00000 5486.61006   334%   3.1  465s
 377083 318195 5039.34920   34   79 1263.00000 5485.54068   334%   3.1  470s
 380137 320817 2103.26450   84   26 1263.00000 5484.57274   334%   3.1  475s
 383569 323679 3703.21765   52   56 1263.00000 5483.85633   334%   3.1  480s
 387820 327220 2268.18373   65   37 1263.00000 5482.68256   334%   3.1  485s
 390914 329829 3595.47868   52   56 1263.00000 5481.68860   334%   3.1  490s
 394718 333068 4187.02046   45   65 1263.00000 5480.54086   334%   3.1  495s
 398233 336039 3517.44712   57   52 1263.00000 5479.46644   334%   3.1  500s
 400248 337776 3826.18120   49   61 1263.00000 5478.84538   334%   3.1  505s
 403300 340365 4643.08409   37   74 1263.00000 5477.96981   334%   3.1  510s
 406762 343295 2485.47273   74   38 1263.00000 5477.01499   334%   3.1  515s
 410518 346483 4687.09702   38   74 1263.00000 5476.02362   334%   3.1  520s
 413251 348906 2277.03422   77   36 1263.00000 5475.60162   334%   3.1  525s
 417028 352054 3459.26811   59   51 1263.00000 5474.48627   333%   3.1  530s
 420109 354663 4256.17956   42   67 1263.00000 5473.64570   333%   3.1  535s
 423550 357601 1649.75934   90   20 1263.00000 5472.81623   333%   3.1  540s
 427222 360728 2381.71492   73   33 1263.00000 5472.12375   333%   3.1  545s
 430589 363632 4134.34350   45   67 1263.00000 5471.16049   333%   3.1  550s
 434057 366516 3725.01720   53   57 1263.00000 5470.45276   333%   3.1  555s
 437720 369600 3580.35852   58   56 1263.00000 5469.08249   333%   3.1  560s
 441489 372775 4784.37094   38   76 1263.00000 5468.05645   333%   3.1  565s
 445444 376114 1462.06071   93   17 1263.00000 5466.95739   333%   3.1  570s
 448575 378754 2579.49758   72   37 1263.00000 5465.93193   333%   3.1  575s
 452148 381746 4282.31122   44   67 1263.00000 5465.23069   333%   3.1  580s
 455841 384889 1420.23752   93   17 1263.00000 5464.32226   333%   3.1  585s
 459262 387808 4474.23500   44   69 1263.00000 5463.83442   333%   3.1  590s
 463111 391047 2406.43674   75   33 1263.00000 5462.81032   333%   3.1  596s
 465308 392863 4916.97163   33   77 1263.00000 5462.45092   332%   3.1  600s
 469289 396193 3368.26085   54   52 1263.00000 5461.54482   332%   3.1  605s
 472582 398970 4724.44460   38   75 1263.00000 5460.54109   332%   3.1  610s
 475861 401735 4800.20775   39   74 1263.00000 5459.93002   332%   3.1  615s
 479484 404834 2864.43446   67   42 1263.00000 5459.05391   332%   3.1  620s
 482373 407276 3993.81768   44   63 1263.00000 5458.36841   332%   3.1  625s
 485781 410165 5178.22007   30   82 1263.00000 5457.38950   332%   3.1  630s
 488953 412934 2541.70974   73   33 1263.00000 5456.71857   332%   3.1  635s
 492796 416201 5034.25235   35   79 1263.00000 5456.05719   332%   3.1  640s
 496346 419201 3304.40598   59   51 1263.00000 5455.17838   332%   3.1  645s
 499869 422155 2286.02969   62   38 1263.00000 5454.47504   332%   3.1  650s
 503658 425376 4092.80173   49   65 1263.00000 5453.32222   332%   3.1  655s
 507160 428404 1823.94137   81   27 1263.00000 5452.40546   332%   3.1  660s
 511101 431711 3321.38401   57   53 1263.00000 5451.85526   332%   3.1  665s
 514192 434387 4072.13677   41   64 1263.00000 5451.19353   332%   3.1  670s
 517906 437523 5122.66543   31   81 1263.00000 5450.38334   332%   3.1  675s
 521625 440640 4950.52649   34   79 1263.00000 5449.81046   331%   3.1  680s
 523411 442213 1933.87929   82   27 1263.00000 5449.45788   331%   3.1  685s
 526737 445063 2038.43647   75   29 1263.00000 5448.86948   331%   3.1  690s
 530028 447936 2867.66641   67   43 1263.00000 5448.13372   331%   3.1  695s
 533508 450920 1675.69364   77   20 1263.00000 5447.62961   331%   3.1  700s
 537075 453914 5386.02817   29   85 1263.00000 5446.94642   331%   3.1  705s
 540526 456879 5188.42135   31   82 1263.00000 5446.29798   331%   3.1  710s
 544052 459886 2677.20669   67   44 1263.00000 5445.74132   331%   3.1  715s
 547399 462703 2504.69346   72   38 1263.00000 5445.01483   331%   3.1  720s
 550751 465507 4294.08182   41   68 1263.00000 5444.30230   331%   3.1  725s
 554776 468947 2859.38197   71   40 1263.00000 5443.55684   331%   3.1  730s
 558225 471841 2307.90086   67   34 1263.00000 5442.80834   331%   3.1  735s
 561999 475079 3653.39521   58   55 1263.00000 5442.06934   331%   3.1  740s
 565180 477749 3642.12607   54   56 1263.00000 5441.42980   331%   3.1  745s
 568974 480978 4968.97398   34   78 1263.00000 5440.62716   331%   3.1  750s
 572842 484220 5175.99661   31   82 1263.00000 5439.81274   331%   3.1  755s
 574413 485580 2873.38871   69   41 1263.00000 5439.56480   331%   3.1  760s
 578268 488806 1809.45279   73   29 1263.00000 5439.07157   331%   3.1  765s
 581253 491400 3890.08152   47   63 1263.00000 5438.49519   331%   3.1  770s
 585346 494787 2213.19991   80   29 1263.00000 5437.82603   331%   3.1  775s
 588788 497721 4475.71376   42   71 1263.00000 5437.23989   331%   3.1  780s
 592428 500796 1837.74547   81   26 1263.00000 5436.35564   330%   3.1  785s
 595837 503628 5377.99997   28   86 1263.00000 5435.85327   330%   3.1  790s
 599740 506916 4077.53107   48   65 1263.00000 5435.12176   330%   3.1  795s
 603361 509914 5205.86501   28   83 1263.00000 5434.51776   330%   3.1  800s
 606444 512533 4206.35604   47   65 1263.00000 5433.90676   330%   3.1  805s
 610283 515763 3985.00674   42   64 1263.00000 5433.39196   330%   3.1  810s
 613782 518719 2078.86032   71   33 1263.00000 5432.60525   330%   3.1  815s
 617609 521920 2686.27532   68   41 1263.00000 5431.79048   330%   3.1  820s
 621881 525461 1680.77260   90   19 1263.00000 5431.22104   330%   3.1  825s
 625224 528281 2562.23033   73   35 1263.00000 5430.63111   330%   3.1  830s
 628504 531049 3459.97541   53   53 1263.00000 5429.93625   330%   3.1  835s
 631306 533425 2793.62691   67   41 1263.00000 5429.39854   330%   3.1  840s
 634822 536405 2511.86743   69   36 1263.00000 5428.81636   330%   3.1  845s
 638324 539291 4974.52004   33   80 1263.00000 5428.14381   330%   3.1  850s
 640676 541305 5370.03008   27   85 1263.00000 5427.71164   330%   3.1  856s
 643280 543510 4231.88596   45   66 1263.00000 5427.41977   330%   3.1  860s
 646909 546563 4191.14820   44   66 1263.00000 5426.82940   330%   3.1  865s
 650261 549402 5067.63689   33   80 1263.00000 5426.28525   330%   3.1  870s
 654056 552578 3412.32565   56   53 1263.00000 5425.87332   330%   3.1  875s
 657577 555563 4973.37392   35   79 1263.00000 5425.24767   330%   3.1  880s
 661021 558494 1681.83324   86   21 1263.00000 5424.73983   330%   3.1  885s
 664596 561481 5159.50546   31   82 1263.00000 5424.15347   329%   3.1  890s
 668456 564776 2175.58767   74   36 1263.00000 5423.71253   329%   3.1  895s
 672243 567942 4506.69478   41   72 1263.00000 5422.87931   329%   3.1  900s
 675595 570811 4351.10490   42   68 1263.00000 5422.40273   329%   3.1  905s
 679005 573631 4876.68287   39   75 1263.00000 5421.83211   329%   3.1  910s
 682865 576939 2006.85329   76   31 1263.00000 5421.24022   329%   3.1  915s
 686516 579999 1474.87530   88   19 1263.00000 5420.76972   329%   3.1  920s
 689602 582621 4952.14173   33   79 1263.00000 5420.17628   329%   3.1  925s
 693539 585900 2222.50866   66   37 1263.00000 5419.56282   329%   3.1  930s
 697082 588874 2699.72594   69   41 1263.00000 5418.94319   329%   3.1  935s
 700338 591625 4265.86167   47   66 1263.00000 5418.53989   329%   3.1  940s
 702235 593185 4100.18055   50   63 1263.00000 5418.15247   329%   3.1  945s
 705664 596060 2280.54460   70   38 1263.00000 5417.77539   329%   3.1  950s
 709585 599385 3934.03319   52   59 1263.00000 5417.14860   329%   3.1  955s
 713004 602253 4604.72934   35   74 1263.00000 5416.53696   329%   3.1  960s
 716786 605369 4773.28620   37   77 1263.00000 5415.98217   329%   3.1  965s
 720456 608487 2466.02056   75   36 1263.00000 5415.66866   329%   3.1  970s
 724289 611707 5283.86243   30   83 1263.00000 5414.89841   329%   3.1  975s
 728045 614863 2486.79804   65   38 1263.00000 5414.41039   329%   3.1  980s
 732000 618207 3364.25417   60   50 1263.00000 5413.77162   329%   3.1  985s
 735690 621307 3528.27169   59   53 1263.00000 5413.01114   329%   3.1  990s
 739651 624653 1670.47324   88   22 1263.00000 5412.31660   329%   3.1  995s
 743394 627801 4866.39354   39   75 1263.00000 5411.70259   328%   3.1 1000s
 746817 630703 2489.10699   72   35 1263.00000 5411.16689   328%   3.1 1005s
 750581 633875 3036.07272   62   45 1263.00000 5410.61929   328%   3.1 1010s
 754485 637215 4992.67921   34   78 1263.00000 5409.96938   328%   3.1 1015s
 758684 640834 3206.49221   62   50 1263.00000 5409.45103   328%   3.1 1020s
 762411 643977 2683.75914   76   37 1263.00000 5408.97012   328%   3.1 1025s
 764799 645969 4160.05098   44   64 1263.00000 5408.59913   328%   3.1 1030s
 769500 649873 4342.77136   42   70 1263.00000 5408.05304   328%   3.1 1035s
 772917 652789 4503.71373   43   71 1263.00000 5407.54848   328%   3.1 1040s
 777000 656208 5327.31860   28   84 1263.00000 5407.01838   328%   3.1 1045s
 780677 659359 4890.55835   33   77 1263.00000 5406.43816   328%   3.1 1050s
 784142 662289 3515.31108   58   52 1263.00000 5405.98524   328%   3.1 1055s
 788530 665996 3539.46115   49   58 1263.00000 5405.34707   328%   3.1 1060s
 792738 669502 4223.89776   44   66 1263.00000 5404.60723   328%   3.1 1065s
 796683 672744 5247.48384   31   83 1263.00000 5404.01673   328%   3.1 1070s
 801029 676426 1754.16991   77   23 1263.00000 5403.61274   328%   3.1 1075s
 804801 679673 2445.71820   69   37 1263.00000 5403.11262   328%   3.1 1080s
 809090 683337 5165.68776   31   82 1263.00000 5402.38340   328%   3.1 1085s
 813110 686757 4977.00375   35   79 1263.00000 5401.66943   328%   3.1 1090s
 817638 690568 4790.19017   33   77 1263.00000 5401.03356   328%   3.1 1095s
 819382 691984 4849.05527   35   77 1263.00000 5400.78949   328%   3.1 1100s
 823585 695467 3323.77753   61   50 1263.00000 5400.19233   328%   3.1 1105s
 827861 699159 3347.79725   56   50 1263.00000 5399.60580   328%   3.1 1110s
 831755 702433 5331.10853   29   85 1263.00000 5398.96602   327%   3.1 1115s
 836330 706229 3505.15563   55   54 1263.00000 5398.08241   327%   3.1 1120s
 840667 709847 1758.61626   88   21 1263.00000 5397.48450   327%   3.1 1125s
 844702 713180 2654.44831   66   40 1263.00000 5396.94073   327%   3.1 1130s
 849029 716835 3916.32181   49   62 1263.00000 5396.48975   327%   3.1 1135s
 852392 719745 1705.83031   84   26 1263.00000 5396.10213   327%   3.1 1140s
 856581 723277 3218.85149   59   51 1263.00000 5395.56138   327%   3.1 1145s
 860386 726526 2249.92499   68   36 1263.00000 5395.04681   327%   3.1 1150s
 864153 729747 2781.58415   72   41 1263.00000 5394.66845   327%   3.1 1155s
 868224 733179 4503.99987   42   71 1263.00000 5394.15210   327%   3.1 1160s
 872393 736677 4055.37905   44   65 1263.00000 5393.54276   327%   3.1 1165s
 876129 739797 2435.97468   70   37 1263.00000 5393.00937   327%   3.1 1170s
 880365 743369 2493.23702   65   39 1263.00000 5392.47535   327%   3.1 1175s
 883570 746042 4531.26681   41   70 1263.00000 5392.05250   327%   3.1 1180s
 887021 748949 3174.41180   60   51 1263.00000 5391.57391   327%   3.1 1185s
 891005 752303 3538.61666   49   57 1263.00000 5390.95737   327%   3.1 1190s
 895109 755765 4833.59932   36   77 1263.00000 5390.44149   327%   3.1 1195s
 899563 759490 4168.99180   46   65 1263.00000 5389.89963   327%   3.1 1200s
 903395 762669 5146.70737   32   82 1263.00000 5389.38105   327%   3.1 1205s
 907823 766408 5329.95990   28   86 1263.00000 5388.81824   327%   3.1 1210s
 912314 770256 2961.53846   64   47 1263.00000 5388.40977   327%   3.1 1215s
 916621 773923     cutoff   94      1263.00000 5387.91561   327%   3.1 1220s
 919931 776673 1941.58129   78   27 1263.00000 5387.58363   327%   3.1 1225s
 923945 780035 3296.88669   51   55 1263.00000 5386.97724   327%   3.1 1230s
 928068 783480 4238.08266   43   66 1263.00000 5386.46202   326%   3.1 1235s
 930552 785541 5185.25980   30   83 1263.00000 5386.25331   326%   3.1 1240s
 934238 788591 1428.99505   92   13 1263.00000 5385.83299   326%   3.1 1245s
 938661 792346 4433.98531   40   72 1263.00000 5385.36544   326%   3.1 1250s
 942789 795833 5023.14544   32   80 1263.00000 5384.94377   326%   3.1 1255s
 946578 799037 4973.88886   37   77 1263.00000 5384.54467   326%   3.1 1260s
 950619 802471 3520.79448   56   56 1263.00000 5383.97802   326%   3.1 1265s
 954853 806038 1660.76566   86   23 1263.00000 5383.56777   326%   3.1 1270s
 958682 809270 4110.60128   44   66 1263.00000 5383.00432   326%   3.1 1275s
 962568 812506 4190.52228   44   68 1263.00000 5382.41603   326%   3.1 1280s
 966240 815710 5065.73627   34   79 1263.00000 5382.04748   326%   3.1 1285s
 970465 819239 4653.57343   38   74 1263.00000 5381.59046   326%   3.1 1290s
 974901 822943 4865.66335   37   76 1263.00000 5381.11271   326%   3.1 1295s
 979205 826501 4352.86567   39   69 1263.00000 5380.66093   326%   3.1 1300s
 983312 829897 3624.57758   57   56 1263.00000 5380.27572   326%   3.1 1305s
 987947 833803 1910.33929   79   28 1263.00000 5379.78731   326%   3.1 1310s
 989775 835360 3142.29867   62   46 1263.00000 5379.50833   326%   3.1 1315s
 993625 838608 1270.89186   79   21 1263.00000 5379.19101   326%   3.1 1320s
 997916 842240 2687.80142   75   36 1263.00000 5378.67727   326%   3.1 1325s
 1001923 845639 1822.37718   75   29 1263.00000 5378.37568   326%   3.1 1330s
 1005953 849057 5256.21038   31   83 1263.00000 5377.81981   326%   3.1 1335s
 1010721 853088 5305.88863   29   84 1263.00000 5377.31261   326%   3.1 1340s
 1014305 856109 4930.65425   36   77 1263.00000 5376.97836   326%   3.1 1345s
 1018376 859539 5254.74012   32   82 1263.00000 5376.51724   326%   3.1 1350s
 1022581 863064 4991.71769   32   79 1263.00000 5376.04833   326%   3.1 1355s
 1026477 866390 4915.30910   33   78 1263.00000 5375.73980   326%   3.1 1360s
 1030641 869891 4319.41402   42   70 1263.00000 5375.28421   326%   3.1 1365s
 1034730 873342 2983.46978   64   45 1263.00000 5374.87273   326%   3.1 1370s
 1039156 876951 1864.42815   82   26 1263.00000 5374.43570   326%   3.1 1375s
 1042705 879902 3647.63169   55   55 1263.00000 5374.04717   325%   3.1 1380s
 1046875 883457 4359.04955   43   68 1263.00000 5373.63457   325%   3.1 1385s
 1051429 887202 4831.39425   36   76 1263.00000 5373.12038   325%   3.1 1390s
 1055348 890529 2382.93313   76   33 1263.00000 5372.77827   325%   3.1 1395s
 1059793 894209 4382.87748   43   67 1263.00000 5372.25476   325%   3.1 1400s
 1062297 896280 1575.54636   94   14 1263.00000 5371.99329   325%   3.1 1405s
 1066198 899537 3739.23858   51   60 1263.00000 5371.63569   325%   3.1 1410s
 1069972 902746 2311.81909   76   33 1263.00000 5371.21350   325%   3.1 1415s
 1073830 906010 4307.92913   47   67 1263.00000 5370.69010   325%   3.1 1420s
 1078226 909716 4357.76640   43   70 1263.00000 5370.23984   325%   3.1 1425s
 1082208 913114 1736.70700   83   20 1263.00000 5369.90278   325%   3.1 1430s
 1086591 916767 1566.58216   93   17 1263.00000 5369.49346   325%   3.1 1435s
 1090399 919979 2731.99072   67   44 1263.00000 5369.06624   325%   3.1 1440s
 1095169 923956 3692.89334   48   61 1263.00000 5368.49031   325%   3.1 1445s
 1098841 927059 4994.62437   33   80 1263.00000 5368.16431   325%   3.1 1450s
 1102734 930389 1320.39194   93   18 1263.00000 5367.77871   325%   3.1 1455s
 1106702 933693 4669.31780   37   75 1263.00000 5367.22932   325%   3.1 1460s
 1110809 937146 4812.05548   37   76 1263.00000 5366.83854   325%   3.1 1465s
 1114077 939891 4284.53388   47   66 1263.00000 5366.48237   325%   3.1 1471s
 1117032 942366 5187.15417   29   82 1263.00000 5366.18848   325%   3.1 1475s
 1120935 945682 3943.48171   47   64 1263.00000 5365.76657   325%   3.1 1480s
 1125338 949403 4358.63895   45   68 1263.00000 5365.27770   325%   3.1 1485s
 1128534 952095 4552.97887   40   72 1263.00000 5364.92547   325%   3.1 1490s
 1132728 955590 1616.27767   71   26 1263.00000 5364.47685   325%   3.1 1495s
 1136527 958758 4363.74875   44   68 1263.00000 5364.18458   325%   3.1 1500s
 1140600 962181 2123.12041   74   34 1263.00000 5363.81339   325%   3.1 1505s
 1144578 965547 4979.05035   34   79 1263.00000 5363.54498   325%   3.1 1510s
 1147643 968083 4530.42030   40   73 1263.00000 5363.31017   325%   3.1 1515s
 1151604 971403 4900.51804   32   80 1263.00000 5362.95883   325%   3.1 1520s
 1155602 974766 2987.43336   64   46 1263.00000 5362.55859   325%   3.1 1525s
 1159232 977825 1740.43616   87   23 1263.00000 5362.27733   325%   3.1 1530s
 1162978 980952 3715.17294   53   57 1263.00000 5361.93801   325%   3.1 1535s
 1166751 984128 4819.70407   36   77 1263.00000 5361.50382   325%   3.1 1540s
 1170965 987684 4974.65238   36   78 1263.00000 5361.08111   324%   3.1 1545s
 1175499 991457 1635.17310   85   18 1263.00000 5360.54492   324%   3.1 1550s
 1177993 993492 4304.88746   44   66 1263.00000 5360.30470   324%   3.1 1555s
 1181550 996495 1864.74099   74   30 1263.00000 5359.96847   324%   3.1 1560s
 1185631 999903 5053.83433   35   79 1263.00000 5359.53650   324%   3.1 1565s
 1189348 1003124 4447.54844   38   71 1263.00000 5359.19766   324%   3.1 1570s
 1193270 1006454 2064.62930   80   28 1263.00000 5358.84065   324%   3.1 1575s
 1197142 1009721 2557.36874   69   40 1263.00000 5358.45051   324%   3.1 1580s
 1200713 1012750 4122.90936   49   63 1263.00000 5358.05651   324%   3.1 1585s
 1203951 1015484 4340.31648   44   67 1263.00000 5357.86577   324%   3.1 1590s
 1208201 1019056 2355.50598   74   33 1263.00000 5357.42352   324%   3.1 1595s
 1211716 1022076 1372.54495   75   24 1263.00000 5357.11361   324%   3.1 1600s
 1215284 1025070 4497.78220   42   70 1263.00000 5356.87634   324%   3.1 1605s
 1219548 1028670 1815.10883   81   27 1263.00000 5356.55252   324%   3.1 1610s
 1223160 1031697 3966.44131   50   60 1263.00000 5356.15215   324%   3.1 1615s
 1227370 1035251 1939.82916   70   32 1263.00000 5355.81148   324%   3.1 1620s
 1231173 1038414 4774.74597   38   75 1263.00000 5355.45823   324%   3.1 1625s
 1233644 1040479 4309.08166   46   67 1263.00000 5355.15461   324%   3.1 1630s
 1237871 1044011 5123.53305   32   81 1263.00000 5354.81551   324%   3.1 1635s
 1241629 1047150 4041.14389   46   62 1263.00000 5354.50777   324%   3.1 1640s
 1245769 1050665 4793.07499   36   76 1263.00000 5354.08113   324%   3.1 1645s
 1249598 1053894 2229.41787   79   30 1263.00000 5353.77445   324%   3.1 1650s
 1253360 1057083 1882.62941   67   31 1263.00000 5353.40489   324%   3.1 1655s
 1257633 1060624 4588.97032   38   72 1263.00000 5353.04955   324%   3.1 1660s
 1260846 1063348 2480.59663   72   39 1263.00000 5352.80088   324%   3.1 1665s
 1265114 1066860 2749.41752   69   42 1263.00000 5352.52074   324%   3.1 1670s
 1269465 1070480 3092.86080   66   44 1263.00000 5352.12607   324%   3.1 1675s
 1273185 1073623 1762.46577   85   21 1263.00000 5351.79380   324%   3.1 1680s
 1277359 1077127 2623.48070   66   39 1263.00000 5351.46254   324%   3.1 1685s
 1281401 1080570 2805.64467   68   40 1263.00000 5351.08005   324%   3.1 1690s
 1284864 1083515 2341.85498   65   38 1263.00000 5350.82431   324%   3.1 1695s
 1289024 1087059 5075.33178   32   81 1263.00000 5350.48381   324%   3.1 1700s
 1292514 1089979 3907.08342   50   61 1263.00000 5350.18477   324%   3.1 1705s
 1296140 1092974 2555.88719   74   37 1263.00000 5349.85093   324%   3.1 1711s
 1298831 1095208 2140.31538   73   35 1263.00000 5349.68530   324%   3.1 1715s
 1303269 1098901 4294.66341   46   67 1263.00000 5349.23346   324%   3.1 1720s
 1306420 1101561 4722.65451   35   75 1263.00000 5349.01359   324%   3.1 1725s
 1309804 1104481 2031.33972   71   34 1263.00000 5348.79510   323%   3.1 1730s
 1313527 1107687 2442.77936   71   39 1263.00000 5348.59179   323%   3.1 1735s
 1317303 1110794 2463.25346   74   36 1263.00000 5348.24821   323%   3.1 1740s
 1321382 1114215 2762.83416   64   43 1263.00000 5348.01990   323%   3.1 1745s
 1326165 1118246 4958.10922   34   79 1263.00000 5347.56827   323%   3.1 1750s
 1329780 1121311 4686.70775   38   75 1263.00000 5347.39985   323%   3.1 1755s
 1333592 1124527 3579.98896   54   55 1263.00000 5347.07675   323%   3.1 1760s
 1337181 1127585 5281.55554   28   85 1263.00000 5346.85673   323%   3.1 1765s
 1341027 1130856 4747.47767   36   75 1263.00000 5346.55543   323%   3.1 1770s
 1344295 1133626 2102.39897   86   28 1263.00000 5346.34199   323%   3.1 1775s
 1348746 1137298 5276.65290   29   84 1263.00000 5346.04020   323%   3.1 1780s
 1353260 1141150 4814.63481   36   76 1263.00000 5345.65556   323%   3.1 1785s
 1355669 1143169 4857.87375   37   76 1263.00000 5345.36171   323%   3.1 1790s
 1360050 1146921 3372.96143   60   53 1263.00000 5345.10084   323%   3.1 1795s
 1364439 1150612 1436.21179   85   20 1263.00000 5344.65005   323%   3.1 1800s

Explored 1364935 nodes (4216347 simplex iterations) in 1800.13 seconds
Thread count was 4 (of 4 available processors)

Solution count 10: 1263 1262 1258 ... 1047
Pool objective bound 5344.5

Time limit reached
Best objective 1.263000000000e+03, best bound 5.344500000000e+03, gap 323.1591%
