
Gurobi 7.0.2 (linux64, Java) logging started Mon 20 May 2019 10:32:14 PM -03

Optimize a model with 200 rows, 200 columns and 600 nonzeros
Model has 19096 quadratic objective terms
Variable types: 0 continuous, 200 integer (200 binary)
Coefficient statistics:
  Matrix range     [1e+00, 1e+00]
  Objective range  [0e+00, 0e+00]
  QObjective range [2e+00, 2e+01]
  Bounds range     [1e+00, 1e+00]
  RHS range        [2e+00, 2e+00]
Found heuristic solution: objective -0
Modified 200 Q diagonals
Presolve time: 0.00s
Presolved: 200 rows, 200 columns, 600 nonzeros
Presolved model has 19106 quadratic objective terms
Variable types: 0 continuous, 200 integer (200 binary)

Root relaxation: objective 2.633015e+04, 201 iterations, 0.09 seconds

    Nodes    |    Current Node    |     Objective Bounds      |     Work
 Expl Unexpl |  Obj  Depth IntInf | Incumbent    BestBd   Gap | It/Node Time

     0     0 26330.1548    0  200   -0.00000 26330.1548      -     -    0s
H    0     0                    2426.0000000 26330.1548   985%     -    0s
H    0     0                    3291.0000000 26330.1548   700%     -    0s
H    0     0                    3352.0000000 26330.1548   686%     -    0s
H    0     0                    3439.0000000 26330.1548   666%     -    1s
     0     2 26330.1548    0  200 3439.00000 26330.1548   666%     -    1s
H  179   180                    3498.0000000 25833.1968   639%   2.9    2s
H  362   363                    3559.0000000 25833.1968   626%   3.1    3s
H  778   766                    3640.0000000 25795.1391   609%   2.9    5s
H 1094  1074                    3642.0000000 25795.1391   608%   2.9    6s
H 1098  1023                    3720.0000000 25795.1391   593%   2.9    7s
H 1181  1027                    3740.0000000 25795.1391   590%   3.1    8s
H 1271  1037                    3782.0000000 25795.1391   582%   3.1    9s
  1273  1047 22953.0198   35  175 3782.00000 25795.1391   582%   3.1   10s
H 1401  1080                    3819.0000000 25795.1391   575%   3.2   11s
H 1502  1102                    3856.0000000 25795.1391   569%   3.3   12s
  1907  1380 11393.3090  118   80 3856.00000 25795.1391   569%   3.4   15s
  2958  2004 21834.2908   43  167 3856.00000 25777.7845   569%   3.4   20s
  3585  2363 16351.8497   83  122 3856.00000 25777.7845   569%   3.5   25s
  4396  3157 9164.24751  133   66 3856.00000 25777.7845   569%   3.6   30s
  4989  3694 25025.1628   21  190 3856.00000 25652.5928   565%   3.6   36s
H 5236  3946                    3905.0000000 25652.5928   557%   3.6   38s
  5650  4346 20572.4137   52  157 3905.00000 25652.5928   557%   3.6   40s
H 6491  5090                    3911.0000000 25652.5928   556%   3.6   43s
  6771  5318 14042.5038  100  105 3911.00000 25652.5928   556%   3.6   46s
  7707  6218 8518.01999  144   60 3911.00000 25652.5928   556%   3.6   50s
  8404  6866 22413.6887   37  172 3911.00000 25559.0522   554%   3.6   56s
H 8778  7214                    3913.0000000 25559.0522   553%   3.5   57s
  9228  7646 14294.5452   92  107 3913.00000 25559.0522   553%   3.5   61s
  9853  8178 18934.0725   66  141 3913.00000 25511.0960   552%   3.5   66s
 10603  8887 21998.6182   42  167 3913.00000 25503.0264   552%   3.5   71s
 11370  9604 16333.8012   74  126 3913.00000 25503.0264   552%   3.5   76s
 12018 10167 11980.0007   99   92 3913.00000 25503.0264   552%   3.5   81s
H12533 10616                    3926.0000000 25465.1617   549%   3.5   87s
 12934 10988 7520.01085  157   43 3926.00000 25465.1617   549%   3.5   90s
H13091 11091                    3937.0000000 25455.3548   547%   3.5   90s
 13594 11555 23173.6883   33  177 3937.00000 25425.3405   546%   3.5   96s
 13867 11824 19255.9745   56  149 3937.00000 25425.3405   546%   3.5  107s
H13891 11780                    4060.0000000 25425.3405   526%   3.5  107s
 14595 12462 11021.5031  102   86 4060.00000 25412.5208   526%   3.5  113s
 15146 12924 22400.9159   40  169 4060.00000 25389.9577   525%   3.5  117s
 15665 13394 23893.1118   29  181 4060.00000 25389.3037   525%   3.5  120s
 16684 14292 12292.9497  116   86 4060.00000 25373.7946   525%   3.5  127s
 17096 14663 22864.3930   35  174 4060.00000 25363.8340   525%   3.5  131s
 17913 15407 16219.0574   77  125 4060.00000 25363.8340   525%   3.5  137s
 18307 15777 10832.0795  108   84 4060.00000 25363.6545   525%   3.5  140s
 19348 16708 24582.8787   24  187 4060.00000 25358.0784   525%   3.4  146s
 19867 17175 11184.1286  130   73 4060.00000 25354.9008   525%   3.4  150s
 20815 18010 23734.4643   29  181 4060.00000 25344.6699   524%   3.4  163s
 21144 18294 20897.6153   48  161 4060.00000 25344.6699   524%   3.4  166s
H21889 18992                    4082.0000000 25344.6699   521%   3.4  178s
H21890 18981                    4095.0000000 25344.6699   519%   3.4  178s
 21893 18985 13243.1619   95  102 4095.00000 25344.6699   519%   3.4  180s
 22738 19755 20658.0578   51  156 4095.00000 25341.7606   519%   3.4  185s
 23713 20637 6029.26395  163   34 4095.00000 25333.4380   519%   3.4  191s
 24516 21362 19552.3786   59  148 4095.00000 25325.0663   518%   3.4  195s
 25276 22051 16446.9895   84  120 4095.00000 25324.0245   518%   3.4  201s
 26403 23059 23948.3534   29  182 4095.00000 25312.3741   518%   3.4  205s
 26921 23540 8646.08830  141   54 4095.00000 25312.3741   518%   3.4  213s
 27444 23980 16191.2769   83  120 4095.00000 25284.7580   517%   3.4  216s
 28377 24810 24709.8904   23  188 4095.00000 25272.8663   517%   3.4  221s
 29224 25550 21117.7444   46  161 4095.00000 25272.8663   517%   3.4  227s
 29967 26242 17314.4802   66  132 4095.00000 25272.8663   517%   3.4  232s
 30763 26916 15865.0858   78  121 4095.00000 25272.8663   517%   3.4  237s
 31271 27356 14166.6805   87  108 4095.00000 25272.8663   517%   3.4  253s
 31275 27364 14274.0073   87  109 4095.00000 25272.8663   517%   3.4  256s
 31970 28025 11220.6197  109   86 4095.00000 25272.8663   517%   3.4  262s
 32994 28956 8071.56239  131   61 4095.00000 25272.8663   517%   3.4  268s
 33294 29204 6365.01256  142   48 4095.00000 25272.8663   517%   3.4  270s
 34232 30050 17325.9829   73  129 4095.00000 25225.5966   516%   3.4  275s
 35125 30849 23985.9134   29  182 4095.00000 25223.8531   516%   3.4  281s
 36181 31795 18106.1745   68  133 4095.00000 25221.6315   516%   3.4  286s
 36990 32522 24960.2501   20  190 4095.00000 25218.5753   516%   3.4  291s
 37785 33252 19789.5827   60  148 4095.00000 25212.9059   516%   3.4  296s
 38651 34012 22361.3708   39  171 4095.00000 25209.7071   516%   3.4  302s
 38932 34277 20613.1652   50  157 4095.00000 25209.7071   516%   3.4  307s
 39802 35068 14621.2068   92  111 4095.00000 25209.7071   516%   3.4  311s
 40729 35904 9510.43524  128   70 4095.00000 25209.7071   516%   3.4  316s
 41729 36783 20887.5195   53  157 4095.00000 25192.5310   515%   3.4  321s
 42635 37513 12342.7837  116   87 4095.00000 25190.3207   515%   3.4  326s
 43592 38352 24798.2395   22  189 4095.00000 25186.7312   515%   3.4  332s
 43985 38698 22987.5034   35  175 4095.00000 25186.7312   515%   3.4  338s
 44205 38893 20540.0873   50  157 4095.00000 25186.7312   515%   3.4  340s
 44778 39428 16118.3393   84  121 4095.00000 25186.7312   515%   3.4  346s
 45590 40205 11693.2851  119   84 4095.00000 25186.7312   515%   3.4  350s
 46530 41057 4675.77300  174   26 4095.00000 25186.7249   515%   3.4  355s
 48116 42434 5105.75699  175   13 4095.00000 25165.5627   515%   3.4  362s
 48446 42693 22930.7269   35  174 4095.00000 25164.3640   515%   3.4  365s
 49054 43247 16917.7677   78  127 4095.00000 25164.3640   515%   3.4  371s
 49878 43985 10851.0797  115   79 4095.00000 25164.3640   515%   3.4  375s
 50854 44852 4461.02622  167   24 4095.00000 25164.3640   515%   3.4  381s
 51645 45577 22335.4695   40  170 4095.00000 25147.4083   514%   3.4  386s
 52322 46178 18698.9053   71  139 4095.00000 25142.3862   514%   3.4  391s
 53228 47023 6951.17024  155   42 4095.00000 25138.5020   514%   3.4  396s
 54118 47803 22035.9859   42  168 4095.00000 25138.4707   514%   3.4  400s
 55122 48684 16750.1726   77  124 4095.00000 25133.9640   514%   3.4  405s
 55914 49369 4163.17919  189   13 4095.00000 25123.7318   514%   3.4  411s
 56537 49943 20806.9101   52  156 4095.00000 25119.0437   513%   3.4  416s
 57363 50686 14203.2901   93  106 4095.00000 25118.5506   513%   3.4  421s
 58044 51313 20874.6954   48  160 4095.00000 25118.5506   513%   3.4  426s
 58606 51820 15768.4685   83  120 4095.00000 25118.5506   513%   3.4  432s
 59315 52445 12092.2564  109   92 4095.00000 25118.5506   513%   3.4  436s
 60305 53350 5658.19899  162   36 4095.00000 25118.5506   513%   3.4  440s
 61057 54004 15145.6345   96  108 4095.00000 25106.9414   513%   3.4  446s
 61926 54755 24724.2356   23  188 4095.00000 25103.3857   513%   3.4  451s
 62797 55553 19892.0242   60  149 4095.00000 25100.3130   513%   3.4  455s
 63398 56062 17299.9105   82  127 4095.00000 25096.6639   513%   3.4  460s
 64203 56816 24862.5433   22  189 4095.00000 25095.5717   513%   3.4  466s
 64918 57448 20260.2574   56  153 4095.00000 25089.2188   513%   3.4  472s
 65591 58079 12743.1926  113   89 4095.00000 25089.1606   513%   3.4  477s
 65915 58396 23525.8615   31  179 4095.00000 25086.8923   513%   3.4  480s
 66457 58878 17399.5988   70  132 4095.00000 25086.8923   513%   3.4  485s
 67108 59502 13138.2848   99   99 4095.00000 25086.8923   513%   3.4  490s
 68434 60695 4172.68081  166   26 4095.00000 25086.8923   513%   3.4  497s
 69462 61559 19409.4650   63  145 4095.00000 25081.5154   512%   3.4  501s
 70433 62427 7651.87985  153   46 4095.00000 25080.3111   512%   3.4  507s
 70839 62793 17009.0368   82  125 4095.00000 25080.3111   512%   3.4  510s
 71486 63364 21531.1442   45  164 4095.00000 25076.1674   512%   3.4  516s
 72179 64014 16397.1054   83  124 4095.00000 25076.1674   512%   3.4  521s
 73138 64856 10900.4935  123   80 4095.00000 25076.1674   512%   3.4  530s
 73913 65579 5351.72668  163   37 4095.00000 25076.1673   512%   3.4  536s
 74698 66281 24540.6294   24  187 4095.00000 25069.9441   512%   3.4  542s
 75098 66625 22237.5914   42  169 4095.00000 25069.9441   512%   3.4  546s
 75734 67222 15008.3954   82  116 4095.00000 25069.9441   512%   3.4  551s
 76718 68123 5126.36950  141   39 4095.00000 25069.9441   512%   3.4  556s
 77582 68874 22281.1406   41  169 4095.00000 25061.1338   512%   3.4  562s
 78328 69538 16719.3352   83  124 4095.00000 25059.6990   512%   3.4  567s
 78704 69880 24232.9654   23  185 4095.00000 25056.3830   512%   3.4  570s
 79347 70478 18100.6913   63  137 4095.00000 25056.3830   512%   3.4  576s
 80000 71087 12707.1422   98   96 4095.00000 25056.3830   512%   3.4  581s
 80849 71874 6087.47517  150   40 4095.00000 25056.3830   512%   3.4  586s
 81749 72642 23435.4469   33  178 4095.00000 25051.2739   512%   3.4  592s
 81940 72832 17087.1575   82  126 4095.00000 25050.8384   512%   3.4  595s
 82932 73720 24240.1476   26  185 4095.00000 25048.2902   512%   3.4  600s
 83749 74444 19591.0221   63  147 4095.00000 25046.8111   512%   3.4  605s
 84700 75314 11022.6917  128   76 4095.00000 25046.0783   512%   3.4  610s
 86024 76508 24788.5235   22  189 4095.00000 25043.1176   512%   3.4  623s
 86453 76899 14807.8633   96  109 4095.00000 25043.1176   512%   3.4  625s
 87415 77724 22024.9843   43  167 4095.00000 25039.4699   511%   3.4  630s
 88329 78543 22644.5475   38  172 4095.00000 25037.3137   511%   3.4  636s
 89166 79284 16035.9996   83  122 4095.00000 25037.3137   511%   3.4  646s
 89744 79810 9667.44347  128   69 4095.00000 25037.3137   511%   3.4  652s
 90159 80170 21515.6231   45  164 4095.00000 25032.1387   511%   3.4  655s
 90966 80902 21333.4349   46  163 4095.00000 25030.0270   511%   3.4  661s
 91645 81500 15311.3725   81  117 4095.00000 25030.0270   511%   3.4  666s
 92348 82162 11063.1978  115   82 4095.00000 25030.0270   511%   3.4  672s
 93344 83038 24891.7073   22  189 4095.00000 25028.1108   511%   3.4  677s
 93685 83352 15315.3303   95  110 4095.00000 25028.1108   511%   3.4  680s
 94611 84159 24327.5729   25  186 4095.00000 25022.7381   511%   3.4  686s
 95298 84808 18794.7441   61  145 4095.00000 25022.7381   511%   3.4  691s
 96176 85579 11863.0669  102   94 4095.00000 25022.7381   511%   3.4  697s
 96922 86276 20971.6905   52  158 4095.00000 25021.3706   511%   3.4  701s
 97889 87140 14214.3192  100  103 4095.00000 25019.3696   511%   3.4  706s
 98578 87753 20040.4979   54  152 4095.00000 25017.8991   511%   3.4  711s
 98966 88097 18330.3114   64  138 4095.00000 25017.8991   511%   3.4  724s
H98967 88092                    4099.0000000 25017.8991   510%   3.4  724s
 98970 88110 18155.1700   64  137 4099.00000 25017.8991   510%   3.4  726s
 99668 88744 13262.9862  101   96 4099.00000 25017.8991   510%   3.4  731s
 100538 89557 8151.60096  146   53 4099.00000 25017.8991   510%   3.4  735s
 101144 90084 4439.74708  178   21 4099.00000 25017.8991   510%   3.4  744s
 101344 90272 23263.3413   34  177 4099.00000 25008.4177   510%   3.4  747s
 101952 90820 18624.8644   67  141 4099.00000 25008.4177   510%   3.4  752s
 102637 91468 13175.4956  105   97 4099.00000 25008.4177   510%   3.4  757s
 103148 91906 11189.5161  119   80 4099.00000 25008.4177   510%   3.4  760s
 104671 93249 20672.7866   53  155 4099.00000 25001.5513   510%   3.4  767s
 105446 93956 12805.7844  113   91 4099.00000 25000.9300   510%   3.4  771s
 106290 94715 23707.3350   31  180 4099.00000 24999.6350   510%   3.4  777s
 106907 95284 23959.3774   28  183 4099.00000 24999.4764   510%   3.4  782s
 107786 96075 18516.1357   68  142 4099.00000 24999.4764   510%   3.4  787s
 108658 96847 13386.6713  102  103 4099.00000 24999.4764   510%   3.4  792s
 108971 97118 11059.2916  119   85 4099.00000 24999.4764   510%   3.4  795s
 109629 97716 5199.99917  168   34 4099.00000 24999.3314   510%   3.4  800s
 110411 98427 22935.4889   38  172 4099.00000 24991.5564   510%   3.4  805s
 111154 99106 22692.2990   38  172 4099.00000 24990.1768   510%   3.4  810s
 112054 99945 16207.8896   84  120 4099.00000 24990.1768   510%   3.4  815s
H112195 100051                    4100.0000000 24990.1768   510%   3.4  815s
 112586 100400 6497.73080  161   37 4100.00000 24990.1768   510%   3.4  821s
 112824 100618 21535.0914   48  161 4100.00000 24986.3438   509%   3.4  825s
 113585 101295 14366.7301   96  106 4100.00000 24986.2727   509%   3.4  831s
 114323 101968 24454.8287   25  186 4100.00000 24984.7477   509%   3.4  837s
 114760 102390 21729.0594   42  166 4100.00000 24984.7477   509%   3.4  840s
 115558 103078 13542.3795   90  104 4100.00000 24984.7477   509%   3.4  846s
 116407 103855 24403.5574   25  186 4100.00000 24980.1324   509%   3.4  852s
 116683 104105 21714.0490   44  165 4100.00000 24980.1324   509%   3.4  855s
 117401 104732 13459.3669  101  101 4100.00000 24980.1324   509%   3.4  861s
 118082 105396 22582.2701   39  170 4100.00000 24976.6625   509%   3.4  868s
 118459 105732 18655.9265   60  142 4100.00000 24976.6625   509%   3.4  871s
 119120 106347 9376.07573  114   68 4100.00000 24976.6625   509%   3.4  876s
 119915 107073 13934.3262  106  101 4100.00000 24974.2630   509%   3.4  881s
 121067 108038 22186.3782   44  167 4100.00000 24970.0612   509%   3.4  887s
 121572 108509 24835.6845   22  189 4100.00000 24969.5494   509%   3.4  890s
 122200 109059 20213.5130   55  152 4100.00000 24969.5494   509%   3.4  898s
 122464 109305 18102.7367   71  137 4100.00000 24969.5494   509%   3.4  901s
 122853 109664 15758.6778   87  119 4100.00000 24969.5494   509%   3.4  913s
 122857 109670 15800.7109   88  119 4100.00000 24969.5494   509%   3.4  915s
 123833 110554 9770.82316  132   69 4100.00000 24969.5494   509%   3.4  921s
 124723 111341 24031.1670   28  183 4100.00000 24964.5381   509%   3.4  927s
 124975 111595 21357.4404   45  164 4100.00000 24964.5381   509%   3.4  930s
 125412 112011 18889.1024   62  144 4100.00000 24964.5381   509%   3.4  937s
 125687 112258 15018.8172   86  113 4100.00000 24964.5381   509%   3.4  940s
 126521 113039 24860.2976   22  189 4100.00000 24963.4514   509%   3.4  947s
 127459 113904 18008.7476   72  135 4100.00000 24956.4764   509%   3.4  952s
 128013 114356 21915.4439   45  165 4100.00000 24955.7623   509%   3.4  955s
 128938 115179 14527.8469  101  105 4100.00000 24953.1913   509%   3.4  960s
 129786 115917 22606.6163   37  172 4100.00000 24952.2031   509%   3.4  965s
 130419 116526 22273.7858   41  170 4100.00000 24950.6037   509%   3.4  972s
 130830 116895 19064.1381   64  144 4100.00000 24950.6037   509%   3.4  975s
 131628 117619 14022.5718   98  105 4100.00000 24950.6037   509%   3.4  981s
 132445 118384 7737.66287  144   52 4100.00000 24948.3368   508%   3.4  985s
 133518 119298 11754.2775  120   82 4100.00000 24948.0758   508%   3.4  990s
 134296 119952 20520.0872   54  154 4100.00000 24947.1523   508%   3.4  996s
 135195 120787 16205.2170   82  120 4100.00000 24947.1523   508%   3.4 1005s
 135840 121355 11574.7659  114   81 4100.00000 24947.1523   508%   3.4 1010s
 136533 121979 4330.58312  166   20 4100.00000 24942.3636   508%   3.4 1016s
 137532 122833 20470.5744   54  154 4100.00000 24940.3385   508%   3.4 1022s
 137949 123162 24516.9578   24  187 4100.00000 24940.2148   508%   3.4 1025s
 138421 123617 22868.8599   35  175 4100.00000 24940.2148   508%   3.4 1031s
 139038 124200 21389.9501   45  164 4100.00000 24940.2148   508%   3.4 1036s
 139844 124947 18632.3014   60  143 4100.00000 24940.2148   508%   3.4 1049s
 139848 124938 18549.4852   63  142 4100.00000 24940.2148   508%   3.4 1051s
 140248 125292 16289.1127   77  124 4100.00000 24940.2148   508%   3.4 1055s
 140864 125796 13128.2153   98  101 4100.00000 24940.2148   508%   3.4 1061s
 141383 126292 9242.46344  121   72 4100.00000 24940.2148   508%   3.4 1067s
 142304 127108 23988.9960   28  183 4100.00000 24937.2778   508%   3.4 1072s
 143263 128009 18858.5424   62  144 4100.00000 24937.2778   508%   3.4 1077s
 144173 128816 14642.4637   94  111 4100.00000 24937.2778   508%   3.4 1084s
 144568 129170 13041.8182  107   97 4100.00000 24937.2778   508%   3.4 1086s
 145534 130064 5414.95766  170   31 4100.00000 24935.3922   508%   3.4 1092s
 145917 130400 20442.2445   55  154 4100.00000 24932.5453   508%   3.4 1095s
 146771 131194 6073.73992  176   28 4100.00000 24932.5453   508%   3.4 1101s
 147671 131954 23044.5598   35  175 4100.00000 24931.3074   508%   3.4 1106s
 148331 132563 17694.8956   70  132 4100.00000 24931.3074   508%   3.4 1112s
 148964 133132 12526.6109   99   93 4100.00000 24931.3074   508%   3.4 1117s
 149994 134096 5645.78221  151   36 4100.00000 24929.2490   508%   3.4 1121s
H150332 134361                    4103.0000000 24929.2490   508%   3.4 1121s
 150763 134767 24829.1634   22  189 4103.00000 24927.7646   508%   3.4 1127s
 151180 135123 14550.5303   98  104 4103.00000 24927.7646   508%   3.4 1133s
 151510 135432 20989.7061   50  159 4103.00000 24927.3728   508%   3.4 1135s
 152187 136060 20580.1949   49  158 4103.00000 24926.3912   508%   3.4 1141s
 152790 136624 12639.3118   93   96 4103.00000 24926.3912   508%   3.4 1146s
 153647 137420 20572.6682   54  155 4103.00000 24924.6156   507%   3.4 1151s
 154621 138331 6683.54491  165   35 4103.00000 24924.6156   507%   3.4 1157s
 155020 138649 16317.3860   90  119 4103.00000 24923.6504   507%   3.4 1160s
 155832 139418 19596.7162   52  150 4103.00000 24923.6504   507%   3.4 1166s
 156190 139714 16415.9194   72  126 4103.00000 24923.6504   507%   3.4 1173s
 156529 140022 12462.1378   96   94 4103.00000 24923.6504   507%   3.4 1175s
 157344 140782 13570.2710  105  100 4103.00000 24922.2686   507%   3.4 1180s
 158335 141651 21536.6235   44  163 4103.00000 24919.4882   507%   3.4 1186s
 159232 142455 21868.6669   44  166 4103.00000 24919.4882   507%   3.4 1192s
 159561 142772 19524.6151   58  148 4103.00000 24919.4882   507%   3.4 1204s
 159565 142778 19549.2232   58  148 4103.00000 24919.4882   507%   3.4 1206s
 160355 143507 12571.5905  106   93 4103.00000 24919.4882   507%   3.4 1211s
 161361 144429 5713.31030  160   34 4103.00000 24919.4882   507%   3.4 1216s
 161871 144910 21754.1313   44  166 4103.00000 24916.0460   507%   3.4 1221s
 162394 145414 15435.7239   86  118 4103.00000 24916.0460   507%   3.4 1226s
 163329 146270 9511.42064  127   70 4103.00000 24916.0460   507%   3.4 1231s
 164160 147018 22963.1698   35  175 4103.00000 24912.1954   507%   3.4 1236s
 165125 147870 16370.8224   88  121 4103.00000 24911.2406   507%   3.4 1241s
 165896 148551 20767.4804   47  160 4103.00000 24910.7714   507%   3.4 1247s
 166321 148935 15920.0387   75  123 4103.00000 24910.7714   507%   3.4 1251s
 166867 149450 11270.7022  100   87 4103.00000 24910.7714   507%   3.4 1256s
 167804 150263 17890.1106   76  133 4103.00000 24908.4599   507%   3.4 1261s
 168552 150951 23777.0622   30  181 4103.00000 24907.2776   507%   3.4 1266s
 169420 151720 16539.7497   85  121 4103.00000 24906.9626   507%   3.4 1271s
 170236 152472 21161.9124   46  162 4103.00000 24906.6668   507%   3.4 1276s
 170844 153019 14526.0670   91  109 4103.00000 24906.6668   507%   3.4 1281s
 171483 153668 9441.93865  130   66 4103.00000 24906.6668   507%   3.4 1285s
 172468 154579 21719.7606   45  164 4103.00000 24904.2645   507%   3.4 1290s
 173548 155517 21314.6116   50  160 4103.00000 24903.6973   507%   3.4 1297s
 174383 156281 8940.47239  142   57 4103.00000 24902.2198   507%   3.4 1302s
 174680 156507 20488.3518   54  154 4103.00000 24901.9233   507%   3.4 1305s
 175403 157200 10750.7291  131   72 4103.00000 24901.6498   507%   3.4 1310s
 176157 157867 20730.1928   51  157 4103.00000 24901.6498   507%   3.4 1315s
 177025 158667 11811.5073  117   85 4103.00000 24901.6498   507%   3.4 1320s
 178090 159625 4251.60519  187   15 4103.00000 24896.1316   507%   3.4 1325s
 178875 160289 19410.8722   60  147 4103.00000 24895.0086   507%   3.4 1330s
 179270 160675 16442.9463   78  125 4103.00000 24895.0086   507%   3.4 1335s
 180505 161796 8834.22121  131   64 4103.00000 24895.0086   507%   3.4 1341s
 181553 162702 20276.0342   58  153 4103.00000 24892.3117   507%   3.4 1346s
 182454 163528 9511.03008  137   62 4103.00000 24892.3117   507%   3.4 1351s
 183250 164243 23421.5334   33  178 4103.00000 24890.3113   507%   3.4 1357s
 183605 164558 21736.0270   46  165 4103.00000 24890.3113   507%   3.4 1360s
 184206 165118 16647.8127   84  124 4103.00000 24890.3113   507%   3.4 1366s
 184584 165452 14712.5103   96  109 4103.00000 24890.3113   507%   3.4 1377s
 184964 165815 12173.5704  112   90 4103.00000 24890.3113   507%   3.4 1381s
 186065 166827 5937.46650  162   37 4103.00000 24889.4488   507%   3.4 1385s
 187079 167699 24083.4796   26  184 4103.00000 24887.7505   507%   3.4 1390s
 187507 168099 24193.4944   25  185 4103.00000 24887.5095   507%   3.4 1397s
 188090 168652 19110.2709   60  148 4103.00000 24887.5095   507%   3.4 1402s
 188444 168990 15601.9232   84  122 4103.00000 24887.5095   507%   3.4 1405s
 189213 169686 8606.96236  127   68 4103.00000 24885.7428   507%   3.4 1410s
 189827 170263 21674.7223   43  165 4103.00000 24885.7428   507%   3.4 1416s
 190596 170959 13242.0752  102   99 4103.00000 24885.7428   507%   3.4 1421s
 191533 171803 13479.4691  103   97 4103.00000 24885.2700   507%   3.4 1426s
 192480 172649 21870.3444   45  165 4103.00000 24883.2675   506%   3.4 1431s
 193329 173393 12829.6749  107   91 4103.00000 24883.2103   506%   3.4 1436s
 194119 174095 22439.0731   39  169 4103.00000 24881.8373   506%   3.4 1442s
 194446 174416 24584.3294   24  187 4103.00000 24881.1509   506%   3.4 1445s
 195119 175035 19189.9792   60  147 4103.00000 24881.1509   506%   3.4 1450s
 196001 175850 10470.5598  112   81 4103.00000 24880.2204   506%   3.4 1455s
 197514 177162 15476.8824   88  114 4103.00000 24877.4605   506%   3.4 1462s
 197906 177502 19395.4449   64  145 4103.00000 24877.4605   506%   3.4 1465s
 198594 178145 11030.4916  123   74 4103.00000 24877.4352   506%   3.4 1470s
 199987 179367 24162.3820   28  183 4103.00000 24875.6240   506%   3.4 1477s
 200798 180107 18693.6547   69  139 4103.00000 24875.2444   506%   3.4 1482s
 201343 180536 22793.5974   36  173 4103.00000 24874.4426   506%   3.4 1485s
 202135 181233 19221.5944   62  143 4103.00000 24872.3116   506%   3.4 1490s
 203707 182580 17290.9964   80  128 4103.00000 24871.4646   506%   3.4 1496s
 204712 183448 4332.00240  188   17 4103.00000 24869.0622   506%   3.4 1501s
 205434 184093 21591.4522   48  163 4103.00000 24868.5509   506%   3.4 1517s
 205438 184092 21469.2753   49  162 4103.00000 24868.3759   506%   3.4 1520s
 206251 184847 22908.7520   36  174 4103.00000 24868.0730   506%   3.4 1526s
 206990 185506 15188.2317   82  115 4103.00000 24868.0730   506%   3.4 1530s
 208385 186782 19160.0044   64  144 4103.00000 24864.5122   506%   3.4 1537s
 209170 187432 20617.0753   52  155 4103.00000 24863.8427   506%   3.4 1541s
 209924 188134 12867.7897  112   91 4103.00000 24863.6443   506%   3.4 1546s
 210517 188675 24180.0631   25  185 4103.00000 24863.3068   506%   3.4 1551s
 211126 189280 18475.0576   66  140 4103.00000 24863.3068   506%   3.4 1556s
 212051 190109 8537.11744  147   57 4103.00000 24863.3068   506%   3.4 1560s
 213495 191365 14970.9750   94  107 4103.00000 24860.5965   506%   3.4 1567s
 214265 192022 24445.8374   25  186 4103.00000 24858.6584   506%   3.4 1572s
 214761 192487 19307.1296   60  147 4103.00000 24858.6584   506%   3.4 1577s
 215528 193209 11280.0872  109   87 4103.00000 24858.6584   506%   3.4 1581s
 216511 194108 16780.2157   83  124 4103.00000 24858.5896   506%   3.4 1585s
 217420 194856 4519.83619  179   14 4103.00000 24855.8202   506%   3.4 1593s
 217577 194984 24489.2124   24  186 4103.00000 24855.8202   506%   3.4 1596s
 218201 195552 19903.2258   53  151 4103.00000 24855.8202   506%   3.4 1601s
 218930 196228 12793.7739   97   96 4103.00000 24855.8202   506%   3.4 1606s
 219745 196932 23571.7091   30  180 4103.00000 24851.8805   506%   3.4 1611s
 220284 197457 19090.7526   63  144 4103.00000 24851.8805   506%   3.4 1617s
 221112 198210 13455.4047  105   98 4103.00000 24851.8805   506%   3.4 1621s
 222035 199054 5754.70438  158   35 4103.00000 24851.6226   506%   3.4 1627s
 222422 199385 20321.0025   54  152 4103.00000 24851.4393   506%   3.4 1633s
 222523 199501 17168.9856   77  126 4103.00000 24851.4393   506%   3.4 1636s
 223436 200291 24158.1432   27  183 4103.00000 24849.9857   506%   3.4 1644s
 223589 200404 22749.7064   38  172 4103.00000 24849.9857   506%   3.4 1646s
 224589 201343 14536.0947   94  104 4103.00000 24849.4446   506%   3.4 1651s
 225453 202109 22572.2096   37  171 4103.00000 24848.7956   506%   3.4 1657s
 226124 202729 16526.1748   83  122 4103.00000 24848.7087   506%   3.4 1661s
 227182 203680 23678.8371   31  179 4103.00000 24847.0314   506%   3.4 1666s
 228020 204406 23218.4834   32  178 4103.00000 24846.6908   506%   3.4 1672s
 228370 204756 19554.8188   53  149 4103.00000 24846.6908   506%   3.4 1677s
 229045 205367 14160.4282   92  106 4103.00000 24846.6908   506%   3.4 1681s
 229454 205750 11558.2728  112   85 4103.00000 24846.6908   506%   3.4 1686s
 230296 206500 6112.60326  157   39 4103.00000 24846.6908   506%   3.4 1691s
 230719 206887 23793.9699   29  182 4103.00000 24844.8987   506%   3.4 1705s
 231106 207226 21662.2706   44  165 4103.00000 24844.8987   506%   3.4 1710s
 231448 207525 18747.6046   62  142 4103.00000 24844.8987   506%   3.4 1715s
 232344 208361 12424.2399  102   92 4103.00000 24844.8987   506%   3.4 1722s
 233293 209222 5555.15494  158   34 4103.00000 24844.8987   506%   3.4 1727s
 233877 209769 21028.1667   48  159 4103.00000 24842.1508   505%   3.4 1732s
 234337 210213 15449.4177   83  117 4103.00000 24842.1508   505%   3.4 1737s
 235300 211111 9848.55748  125   71 4103.00000 24842.1508   505%   3.4 1741s
 236388 212075 19650.2971   60  147 4103.00000 24841.0711   505%   3.4 1745s
 237429 212951 23705.4599   31  180 4103.00000 24838.7692   505%   3.4 1750s
 238014 213494 22741.9853   37  174 4103.00000 24837.9992   505%   3.4 1755s
 238642 214083 17334.9227   67  135 4103.00000 24837.9992   505%   3.4 1760s
 239502 214878 6623.12612  123   52 4103.00000 24837.9992   505%   3.4 1766s
 240208 215526 20973.6402   50  159 4103.00000 24837.2266   505%   3.4 1771s
 240757 216053 16764.2917   80  126 4103.00000 24837.2266   505%   3.4 1776s
 241528 216738 12331.3702  107   93 4103.00000 24837.2266   505%   3.4 1781s
 242586 217703 4368.17314  170   25 4103.00000 24834.9466   505%   3.4 1785s
 243429 218469 19268.8969   62  145 4103.00000 24834.4008   505%   3.4 1792s
 244267 219210 16516.7520   84  122 4103.00000 24833.8621   505%   3.4 1796s
 245114 219976 20650.0878   51  158 4103.00000 24833.7223   505%   3.4 1800s

Explored 245476 nodes (842175 simplex iterations) in 1800.13 seconds
Thread count was 4 (of 4 available processors)

Solution count 10: 4103 4100 4099 ... 3911
Pool objective bound 24833.5

Time limit reached
Best objective 4.103000000000e+03, best bound 2.483350000000e+04, gap 505.2523%
