
Gurobi 7.0.2 (linux64, Java) logging started Mon 20 May 2019 10:33:57 PM -03

Optimize a model with 60500 rows, 40200 columns and 141100 nonzeros
Variable types: 0 continuous, 40200 integer (40200 binary)
Coefficient statistics:
  Matrix range     [1e+00, 2e+00]
  Objective range  [1e+00, 1e+01]
  Bounds range     [1e+00, 1e+00]
  RHS range        [1e+00, 2e+00]
Found heuristic solution: objective -0
Presolve removed 600 rows and 20100 columns (presolve time = 6s) ...
Presolve removed 600 rows and 20100 columns (presolve time = 10s) ...
Presolve removed 600 rows and 20100 columns (presolve time = 15s) ...
Presolve removed 600 rows and 20100 columns
Presolve time: 18.76s
Presolved: 59900 rows, 20100 columns, 139900 nonzeros
Variable types: 0 continuous, 20100 integer (20100 binary)

Root simplex log...

Iteration    Objective       Primal Inf.    Dual Inf.      Time
       0    5.2841000e+04   1.256200e+04   0.000000e+00     19s
     426    5.1930000e+04   1.112700e+04   0.000000e+00     21s
    1420    5.0528000e+04   1.145500e+04   0.000000e+00     26s
    2272    4.9420000e+04   8.774500e+03   0.000000e+00     31s
    3425    4.7622000e+04   9.734000e+03   0.000000e+00     35s
    4709    4.5764000e+04   9.874000e+03   0.000000e+00     41s
    5419    4.4789000e+04   8.356000e+03   0.000000e+00     45s
    5987    4.4045000e+04   9.468000e+03   0.000000e+00     50s
    6839    4.2964000e+04   8.932000e+03   0.000000e+00     56s
    7265    4.2469000e+04   8.954000e+03   0.000000e+00     61s
    7975    4.1624000e+04   8.779000e+03   0.000000e+00     66s
    8827    4.0646500e+04   8.597500e+03   0.000000e+00     71s
    9679    3.9506000e+04   8.308000e+03   0.000000e+00     75s
   10389    3.8787000e+04   8.541000e+03   0.000000e+00     81s
   11099    3.7995000e+04   8.054500e+03   0.000000e+00     85s
   11951    3.7065000e+04   7.895000e+03   0.000000e+00     91s
   12519    3.6522000e+04   5.452000e+03   0.000000e+00     96s
   13371    3.5604000e+04   7.292000e+03   0.000000e+00    100s
   14081    3.4967667e+04   6.361333e+03   0.000000e+00    106s
   14649    3.4467500e+04   7.721000e+03   0.000000e+00    110s
   15359    3.3769000e+04   6.871000e+03   0.000000e+00    116s
   15785    3.3344000e+04   6.493000e+03   0.000000e+00    120s
   16495    3.2811000e+04   6.642000e+03   0.000000e+00    126s
   17063    3.2367500e+04   6.512000e+03   0.000000e+00    131s
   17489    3.2078000e+04   6.592000e+03   0.000000e+00    136s
   18199    3.1470000e+04   5.863000e+03   0.000000e+00    141s
   18909    3.0890000e+04   5.838500e+03   0.000000e+00    146s
   19477    3.0383000e+04   5.163500e+03   0.000000e+00    151s
   20045    2.9941500e+04   5.044500e+03   0.000000e+00    156s
   20613    2.9578000e+04   4.752500e+03   0.000000e+00    162s
   21039    2.9239000e+04   1.696400e+04   0.000000e+00    165s
   21607    2.8915000e+04   5.796000e+03   0.000000e+00    171s
   22154    2.8474500e+04   5.204500e+03   0.000000e+00    176s
   22722    2.7992000e+04   5.255000e+03   0.000000e+00    180s
   23432    2.7487000e+04   5.288000e+03   0.000000e+00    186s
   23716    2.7324000e+04   3.556500e+03   0.000000e+00    191s
   24284    2.6899500e+04   2.841500e+03   0.000000e+00    196s
   24805    2.6635000e+04   5.159000e+03   0.000000e+00    204s
   24947    2.6594000e+04   4.974000e+03   0.000000e+00    206s
   25515    2.6254000e+04   4.861500e+03   0.000000e+00    212s
   25784    2.6154000e+04   0.000000e+00   0.000000e+00    215s

Root relaxation: objective 2.615400e+04, 25784 iterations, 195.93 seconds

    Nodes    |    Current Node    |     Objective Bounds      |     Work
 Expl Unexpl |  Obj  Depth IntInf | Incumbent    BestBd   Gap | It/Node Time

     0     0 26154.0000    0 9747   -0.00000 26154.0000      -     -  221s
H    0     0                    1945.0000000 26154.0000  1245%     -  254s
H    0     0                    2094.0000000 26154.0000  1149%     -  271s
H    0     0                    2294.0000000 26154.0000  1040%     -  271s
H    0     0                    2391.0000000 26154.0000   994%     -  271s
     0     0 26034.5000    0 9795 2391.00000 26034.5000   989%     -  279s
     0     0 25908.2500    0 9668 2391.00000 25908.2500   984%     -  313s
     0     0 25800.2500    0 9709 2391.00000 25800.2500   979%     -  341s
     0     0 25800.2500    0 9709 2391.00000 25800.2500   979%     -  344s
     0     0 25685.0000    0 9753 2391.00000 25685.0000   974%     -  375s
     0     0 25685.0000    0 9753 2391.00000 25685.0000   974%     -  381s
     0     0 25548.7500    0 9615 2391.00000 25548.7500   969%     -  417s
     0     0 25548.7500    0 9615 2391.00000 25548.7500   969%     -  420s
     0     0 25438.5000    0 9660 2391.00000 25438.5000   964%     -  455s
     0     0 25321.2500    0 9707 2391.00000 25321.2500   959%     -  499s
     0     0 25321.2500    0 9707 2391.00000 25321.2500   959%     -  506s
     0     0 25080.7500    0 9608 2391.00000 25080.7500   949%     -  565s
     0     0 24985.7500    0 9450 2391.00000 24985.7500   945%     -  614s
     0     0 24985.7500    0 9450 2391.00000 24985.7500   945%     -  619s
     0     0 24781.0000    0 9408 2391.00000 24781.0000   936%     -  684s
     0     0 24771.0000    0 9741 2391.00000 24771.0000   936%     -  701s
     0     0 24535.0000    0 9511 2391.00000 24535.0000   926%     -  889s
     0     0 24525.0000    0 9836 2391.00000 24525.0000   926%     -  925s
H    0     0                    2596.0000000 24525.0000   845%     - 1233s
H    0     0                    2610.0000000 24525.0000   840%     - 1233s
     0     0 24311.2500    0 9682 2610.00000 24311.2500   831%     - 1233s
     0     0 24308.0000    0 9730 2610.00000 24308.0000   831%     - 1247s
H    0     0                    2667.0000000 24308.0000   811%     - 1540s
     0     0 24085.0000    0 9652 2667.00000 24085.0000   803%     - 1540s
     0     0 24059.5000    0 9641 2667.00000 24059.5000   802%     - 1608s
     0     0 23843.7500    0 10112 2667.00000 23843.7500   794%     - 1793s
     0     0 23843.0000    0 9545 2667.00000 23843.0000   794%     - 1795s

Cutting planes:
  Gomory: 3
  Zero half: 30000

Explored 0 nodes (59391 simplex iterations) in 1800.46 seconds
Thread count was 4 (of 4 available processors)

Solution count 8: 2667 2610 2596 ... -0
Pool objective bound 23843

Time limit reached
Best objective 2.667000000000e+03, best bound 2.384300000000e+04, gap 794.0007%

Gurobi 7.0.2 (linux64, Java) logging started Mon 20 May 2019 11:20:35 PM -03

Optimize a model with 60500 rows, 40200 columns and 141100 nonzeros
Variable types: 0 continuous, 40200 integer (40200 binary)
Coefficient statistics:
  Matrix range     [1e+00, 2e+00]
  Objective range  [1e+00, 1e+01]
  Bounds range     [1e+00, 1e+00]
  RHS range        [1e+00, 2e+00]
Found heuristic solution: objective -0
Presolve removed 600 rows and 20100 columns
Presolve time: 1.73s
Presolved: 59900 rows, 20100 columns, 139900 nonzeros
Variable types: 0 continuous, 20100 integer (20100 binary)

Root simplex log...

Iteration    Objective       Primal Inf.    Dual Inf.      Time
    6981    4.2770000e+04   9.061000e+03   0.000000e+00      5s
   15359    3.3769000e+04   6.871000e+03   0.000000e+00     10s
   21465    2.8989500e+04   4.070500e+03   0.000000e+00     15s
   24568    2.6717000e+04   5.194000e+03   0.000000e+00     20s
   25784    2.6154000e+04   0.000000e+00   0.000000e+00     24s

Root relaxation: objective 2.615400e+04, 25784 iterations, 22.41 seconds
Total elapsed time = 25.35s

    Nodes    |    Current Node    |     Objective Bounds      |     Work
 Expl Unexpl |  Obj  Depth IntInf | Incumbent    BestBd   Gap | It/Node Time

     0     0 26154.0000    0 9747   -0.00000 26154.0000      -     -   25s
H    0     0                    1945.0000000 26154.0000  1245%     -   35s
H    0     0                    2094.0000000 26154.0000  1149%     -   40s
H    0     0                    2294.0000000 26154.0000  1040%     -   40s
H    0     0                    2391.0000000 26154.0000   994%     -   40s
     0     0 26034.5000    0 9795 2391.00000 26034.5000   989%     -   43s
     0     0 25908.2500    0 9668 2391.00000 25908.2500   984%     -   57s
     0     0 25800.2500    0 9709 2391.00000 25800.2500   979%     -   67s
     0     0 25800.2500    0 9709 2391.00000 25800.2500   979%     -   68s
     0     0 25685.0000    0 9753 2391.00000 25685.0000   974%     -   81s
     0     0 25685.0000    0 9753 2391.00000 25685.0000   974%     -   84s
     0     0 25548.7500    0 9615 2391.00000 25548.7500   969%     -  100s
     0     0 25548.7500    0 9615 2391.00000 25548.7500   969%     -  102s
     0     0 25438.5000    0 9660 2391.00000 25438.5000   964%     -  119s
     0     0 25321.2500    0 9707 2391.00000 25321.2500   959%     -  137s
     0     0 25321.2500    0 9707 2391.00000 25321.2500   959%     -  140s
     0     0 25080.7500    0 9608 2391.00000 25080.7500   949%     -  170s
     0     0 24985.7500    0 9450 2391.00000 24985.7500   945%     -  197s
     0     0 24985.7500    0 9450 2391.00000 24985.7500   945%     -  199s
     0     0 24781.0000    0 9408 2391.00000 24781.0000   936%     -  231s
     0     0 24771.0000    0 9741 2391.00000 24771.0000   936%     -  241s
     0     0 24535.0000    0 9511 2391.00000 24535.0000   926%     -  343s
     0     0 24525.0000    0 9836 2391.00000 24525.0000   926%     -  361s
H    0     0                    2596.0000000 24525.0000   845%     -  533s
H    0     0                    2610.0000000 24525.0000   840%     -  533s
     0     0 24311.2500    0 9682 2610.00000 24311.2500   831%     -  533s
     0     0 24308.0000    0 9730 2610.00000 24308.0000   831%     -  540s
H    0     0                    2667.0000000 24308.0000   811%     -  670s
     0     0 24085.0000    0 9652 2667.00000 24085.0000   803%     -  670s
     0     0 24059.5000    0 9641 2667.00000 24059.5000   802%     -  702s
     0     0 23843.7500    0 10112 2667.00000 23843.7500   794%     -  918s
     0     0 23843.0000    0 9545 2667.00000 23843.0000   794%     -  923s
H    0     0                    2842.0000000 23843.0000   739%     - 1195s
H    0     0                    2986.0000000 23843.0000   698%     - 1195s
     0     0 23615.5000    0 9515 2986.00000 23615.5000   691%     - 1195s
     0     0 23608.2500    0 9637 2986.00000 23608.2500   691%     - 1254s
     0     0 23384.7500    0 10117 2986.00000 23384.7500   683%     - 1622s
     0     0 23381.5000    0 10117 2986.00000 23381.5000   683%     - 1644s
     0     0          -    0      2986.00000 23381.5000   683%     - 1800s

Cutting planes:
  Gomory: 3
  Zero half: 36138

Explored 0 nodes (82792 simplex iterations) in 1800.10 seconds
Thread count was 4 (of 4 available processors)

Solution count 10: 2986 2842 2667 ... -0
Pool objective bound 23381

Time limit reached
Best objective 2.986000000000e+03, best bound 2.338100000000e+04, gap 683.0208%
