
Gurobi 8.1.1 (linux64, Java) logging started Thu 16 May 2019 07:38:41 PM -03


Gurobi 8.1.1 (linux64, Java) logging started Thu 16 May 2019 07:39:15 PM -03


Gurobi 8.1.1 (linux64, Java) logging started Thu 16 May 2019 07:39:45 PM -03


Gurobi 7.0.2 (linux64, Java) logging started Thu 16 May 2019 07:45:17 PM -03

Optimize a model with 0 rows, 400 columns and 0 nonzeros
Model has 76382 quadratic objective terms
Variable types: 0 continuous, 400 integer (400 binary)
Coefficient statistics:
  Matrix range     [0e+00, 0e+00]
  Objective range  [0e+00, 0e+00]
  QObjective range [2e+00, 2e+01]
  Bounds range     [1e+00, 1e+00]
  RHS range        [0e+00, 0e+00]
Found heuristic solution: objective 1158
Modified 400 Q diagonals
Presolve time: 0.01s
Presolved: 0 rows, 400 columns, 0 nonzeros
Presolved model has 76403 quadratic objective terms
Variable types: 0 continuous, 400 integer (400 binary)

Root relaxation: objective 1.049896e+05, 401 iterations, 0.16 seconds

    Nodes    |    Current Node    |     Objective Bounds      |     Work
 Expl Unexpl |  Obj  Depth IntInf | Incumbent    BestBd   Gap | It/Node Time

     0     0 104989.636    0  400 1158.00000 104989.636  8966%     -    0s
H    0     0                    10792.000000 104989.636   873%     -    0s
H    0     0                    10866.000000 104989.636   866%     -    0s
H    0     0                    11376.000000 104989.636   823%     -    0s
H    0     0                    11418.000000 104989.636   820%     -    0s
     0     2 104989.636    0  400 11418.0000 104989.636   820%     -    0s
H   53    52                    11625.000000 104174.966   796%   2.0    1s
H   61    61                    11733.000000 104174.966   788%   2.0    1s
H   72    71                    11734.000000 104174.966   788%   2.0    1s
H   79    80                    11923.000000 104174.966   774%   2.0    1s
H   80    80                    11930.000000 104174.966   773%   2.0    1s
H   89    89                    12064.000000 104174.966   764%   2.0    1s
H  149   150                    12099.000000 104174.966   761%   2.0    2s
H  150   150                    12195.000000 104174.966   754%   2.0    2s
H  155   153                    12254.000000 104174.966   750%   2.0    2s
H  190   191                    12357.000000 104174.966   743%   2.0    3s
H  200   196                    12408.000000 104174.966   740%   2.0    3s
H  235   235                    12462.000000 104174.966   736%   2.0    3s
H  236   235                    12562.000000 104174.966   729%   2.0    3s
H  248   250                    12593.000000 104174.966   727%   2.0    3s
H  317   317                    12615.000000 104174.966   726%   2.0    4s
H  319   317                    12747.000000 104174.966   717%   2.0    4s
H  321   317                    12846.000000 104174.966   711%   2.0    4s
H  417   411                    12891.000000 104174.966   708%   2.0    4s
   423   425 85325.0839   77  323 12891.0000 104174.966   708%   2.0    5s
H  460   452                    12938.000000 104174.966   705%   2.0    5s
H  477   477                    12996.000000 104174.966   702%   2.0    5s
H  478   477                    13015.000000 104174.966   700%   2.0    5s
H  479   477                    13021.000000 104174.966   700%   2.0    5s
H  481   477                    13071.000000 104174.966   697%   2.0    5s
H  501   499                    13132.000000 104174.966   693%   2.0    5s
H  505   499                    13545.000000 104174.966   669%   2.0    5s
H  549   551                    13615.000000 104174.966   665%   2.0    5s
H  568   562                    13680.000000 104174.966   662%   2.0    6s
H  569   567                    13683.000000 104174.966   661%   2.0    6s
H  572   567                    13907.000000 104174.966   649%   2.0    6s
H  572   567                    14179.000000 104174.966   635%   2.0    6s
  1286  1281 52556.2800  213  187 14179.0000 104174.966   635%   2.0   10s
  2301  2273 97470.4658   29  371 14179.0000 104133.482   634%   2.0   15s
  3031  2904 100940.593   29  385 14179.0000 103926.933   633%   2.1   20s
  3565  3260 84490.0628   89  325 14179.0000 103926.933   633%   2.1   25s
  4000  3550 71916.1350  141  273 14179.0000 103926.933   633%   2.1   32s
  4448  3867 58633.0293  196  218 14179.0000 103926.933   633%   2.1   35s
  6026  4744 102819.932   22  392 14179.0000 103883.351   633%   2.1   40s
  6731  5244 73038.8028  144  270 14179.0000 103883.351   633%   2.1   45s
  7428  5710 68525.5922  162  252 14179.0000 103883.351   633%   2.1   50s
  8094  6180 65439.2357  175  239 14179.0000 103883.351   633%   2.0   55s
  8865  6668 63195.1966  184  230 14179.0000 103883.351   633%   2.0   60s
  9822  7294 60069.7460  197  217 14179.0000 103883.351   633%   2.0   66s
 10761  7897 56461.3380  212  202 14179.0000 103883.351   633%   2.0   70s
 11977  8871 52883.4987  227  187 14179.0000 103883.351   633%   2.0   75s
 14302 11201 45592.0937  259  155 14179.0000 103883.351   633%   2.0   81s
 16260 13213 39313.9176  287  127 14179.0000 103883.351   633%   2.0   85s
 19160 16095 26440.4340  345   69 14179.0000 103883.351   633%   2.0   91s
 21933 18812 15413.3048  399   15 14179.0000 103883.351   633%   2.0   95s
 24176 20901 88002.3100   82  332 14179.0000 103630.558   631%   2.0  100s
 25453 22084 98577.7043   38  376 14179.0000 103620.289   631%   2.0  106s
 26255 22874 86528.2592   83  331 14179.0000 103620.289   631%   2.0  110s
 26483 23087 82187.7390   99  315 14179.0000 103620.289   631%   2.0  116s
 27363 23894 70130.5302  145  269 14179.0000 103620.289   631%   2.0  120s
 28272 24804 58351.2308  188  226 14179.0000 103620.289   631%   2.0  125s
 29045 25544 44405.1165  241  173 14179.0000 103620.289   631%   2.0  132s
 29406 25933 37400.2328  266  148 14179.0000 103620.289   631%   2.0  135s
 30914 27336 76178.3739  131  283 14179.0000 103594.942   631%   2.0  140s
 32779 29118 51261.3695  238  176 14179.0000 103573.040   630%   2.0  145s
 34491 30699 77004.9474  127  287 14179.0000 103544.585   630%   2.0  151s
 35909 32081 71278.0835  151  263 14179.0000 103544.585   630%   2.0  155s
 37718 33907 65897.0340  173  241 14179.0000 103544.585   630%   2.0  161s
 39079 35253 63650.2738  182  232 14179.0000 103544.585   630%   2.0  165s
 41101 37089 59838.6960  198  216 14179.0000 103544.585   630%   2.0  170s
 42803 38647 56102.4023  214  200 14179.0000 103544.585   630%   2.0  175s
 43037 38872 55364.0656  217  197 14179.0000 103544.585   630%   2.0  181s
 44375 40125 50732.5397  237  177 14179.0000 103544.585   630%   2.0  186s
 45359 41074 48212.2008  247  167 14179.0000 103544.585   630%   2.0  190s
 46696 42361 40773.2938  280  134 14179.0000 103544.585   630%   2.0  196s
 47773 43442 35978.0635  301  113 14179.0000 103544.585   630%   2.0  200s
 48807 44449 30198.2880  327   87 14179.0000 103544.585   630%   2.0  205s
 50595 46223 20156.9328  375   39 14179.0000 103544.585   630%   2.0  210s
 51910 47449 98037.4792   40  374 14179.0000 103303.552   629%   2.0  215s
 52690 48242 79196.9974  112  302 14179.0000 103303.552   629%   2.0  220s
 53621 49181 55952.4149  209  205 14179.0000 103303.552   629%   2.0  225s
 55398 50900 97579.6679   41  373 14179.0000 103267.107   628%   2.0  231s
 56896 52347 82835.3767   96  318 14179.0000 103267.107   628%   2.0  236s
 58706 54033 68839.7219  149  265 14179.0000 103267.107   628%   2.0  241s
 61041 56321 53864.2403  205  209 14179.0000 103267.107   628%   2.0  250s
 62351 57580 29661.4856  297  117 14179.0000 103267.107   628%   2.0  256s
 63361 58501 87424.8764   84  330 14179.0000 103096.721   627%   2.0  260s
 64806 59817 77359.5275  126  288 14179.0000 103086.823   627%   2.0  265s
 65647 60640 85104.2475   93  321 14179.0000 103058.073   627%   2.0  270s
 66801 61754 69693.3256  158  256 14179.0000 103051.962   627%   2.0  276s
 67699 62615 95130.9454   50  364 14179.0000 103048.756   627%   2.0  281s
 68494 63391 80662.8337  105  309 14179.0000 103048.756   627%   2.0  285s
 70045 64830 59136.2708  187  227 14179.0000 103048.756   627%   2.0  291s
 71214 65994 43944.7684  244  170 14179.0000 103048.756   627%   2.0  295s
 72904 67584 101994.799   25  389 14179.0000 103048.491   627%   2.0  301s
 74167 68856 74086.6280  140  274 14179.0000 103048.491   627%   2.0  305s
 76397 71031 68883.1762  161  253 14179.0000 103048.491   627%   2.0  310s
 77964 72510 66405.5672  171  243 14179.0000 103048.491   627%   2.0  315s
 79696 74142 62800.6085  186  228 14179.0000 103048.491   627%   2.0  321s
 81484 75787 58396.4560  205  209 14179.0000 103048.491   627%   2.0  326s
 82929 77117 56347.7775  213  201 14179.0000 103048.491   627%   2.0  331s
 84070 78209 53817.9990  224  190 14179.0000 103048.491   627%   2.0  335s
 85116 79223 50075.1875  240  174 14179.0000 103048.491   627%   2.0  341s
 86232 80187 46382.3811  256  158 14179.0000 103048.491   627%   2.0  345s
 87141 81064 42059.9040  275  139 14179.0000 103048.491   627%   2.0  350s
 88020 81957 36333.0706  301  113 14179.0000 103048.491   627%   2.0  355s
 89842 83727 27280.7333  341   73 14179.0000 103048.491   627%   2.0  360s
 91091 84931 18437.8486  387   27 14179.0000 103048.491   627%   2.0  365s
 92251 86094 76920.3042  127  287 14179.0000 103016.993   627%   2.0  371s
 93111 86937 71338.9768  150  264 14179.0000 103016.993   627%   2.0  376s
 94145 87936 66687.0212  169  245 14179.0000 103016.993   627%   2.0  381s
 96026 89746 63933.0991  180  234 14179.0000 103016.993   627%   2.0  392s
 97521 91169 61139.1168  192  222 14179.0000 103016.993   627%   2.0  396s
 100020 93470 57503.0352  207  207 14179.0000 103016.993   627%   2.0  400s
 101658 94968 55043.2020  217  197 14179.0000 103016.993   627%   2.0  406s
 102855 96095 53039.8191  225  189 14179.0000 103016.993   627%   2.0  410s
 104293 97448 48770.7643  243  171 14179.0000 103016.993   627%   2.0  415s
 105805 98878 41452.9293  276  138 14179.0000 103016.993   627%   2.0  421s
 106888 99909 35765.3961  302  112 14179.0000 103016.993   627%   2.0  425s
 108440 101405 28117.3053  336   78 14179.0000 103016.993   627%   2.0  430s
 110243 103114 18676.8904  381   33 14179.0000 103016.993   627%   2.0  435s
 111886 104737 101475.533   27  387 14179.0000 102794.885   625%   2.0  440s
 113501 106209 95700.0081   50  364 14179.0000 102790.602   625%   2.0  445s
 115000 107589 98370.0146   38  376 14179.0000 102788.116   625%   2.0  450s
 116197 108810 83860.3216   92  322 14179.0000 102788.116   625%   2.0  459s
 116473 109032 80724.5498  104  310 14179.0000 102788.116   625%   2.0  461s
 117853 110369 66927.1638  155  259 14179.0000 102788.116   625%   2.0  465s
 118961 111450 56114.6766  196  218 14179.0000 102788.116   625%   2.0  470s
 120043 112496 29693.0120  298  116 14179.0000 102788.116   625%   2.0  476s
 120972 113386 98738.4353   37  377 14179.0000 102783.930   625%   2.0  481s
 121726 114115 75660.5626  132  282 14179.0000 102783.930   625%   2.0  486s
 122503 114851 69591.9369  157  257 14179.0000 102783.930   625%   2.0  491s
 123351 115736 65968.8891  171  243 14179.0000 102783.930   625%   2.0  496s
 124258 116620 62618.4961  185  229 14179.0000 102783.930   625%   2.0  500s
 125226 117596 59533.1889  198  216 14179.0000 102783.930   625%   2.0  505s
 126346 118714 55628.3993  215  199 14179.0000 102783.930   625%   2.0  510s
 127618 119949 52743.2259  227  187 14179.0000 102783.930   625%   2.0  515s
 129701 122051 47934.8062  247  167 14179.0000 102783.930   625%   2.0  520s
 132899 125202 40610.4222  279  135 14179.0000 102783.930   625%   2.0  525s
 134968 127208 35241.5691  302  112 14179.0000 102783.930   625%   2.0  531s
 136169 128433 28974.1827  330   84 14179.0000 102783.930   625%   2.0  535s
 137998 130291 20699.0520  370   44 14179.0000 102783.930   625%   2.0  540s
 140660 132766 55424.8331  220  194 14179.0000 102778.412   625%   2.0  545s
 142322 134326 39725.9296  286  128 14179.0000 102766.954   625%   2.0  550s
 143486 135356 83994.1595   98  316 14179.0000 102762.017   625%   2.0  555s
 144858 136648 71662.3168  148  266 14179.0000 102762.017   625%   2.0  560s
 146342 138047 66095.6562  171  243 14179.0000 102762.017   625%   2.0  565s
 148562 140024 61885.7831  189  225 14179.0000 102762.017   625%   2.0  570s
 150321 141616 57918.0004  206  208 14179.0000 102762.017   625%   2.0  575s
 152157 143290 54104.5981  222  192 14179.0000 102762.017   625%   2.0  580s
 153837 144815 49942.1071  240  174 14179.0000 102762.017   625%   2.0  585s
 155055 145975 45664.6149  258  156 14179.0000 102762.017   625%   2.0  590s
 156452 147381 39211.7671  287  127 14179.0000 102762.017   625%   2.0  595s
 158029 148875 31301.7745  322   92 14179.0000 102762.017   625%   2.0  600s

Explored 158348 nodes (317576 simplex iterations) in 600.00 seconds
Thread count was 4 (of 4 available processors)

Solution count 10: 14179 13907 13683 ... 13015
Pool objective bound 102762

Time limit reached
Best objective 1.417900000000e+04, best bound 1.027620000000e+05, gap 624.7479%
